info: ::1 - - [19/Apr/2023:14:19:45 +0000] "POST /api/v1/user/forgetPwd HTTP/1.1" 200 547 "-" "PostmanRuntime/7.32.2"

info: ::1 - - [19/Apr/2023:14:20:11 +0000] "GET /eyJhbGciOiJIUzI1NiIsInR5cCI6IkpXVCJ9.eyJlbWFpbCI6ImJiZWxhZ2F2aTZAZ21haWwuY29tIiwiaWQiOiI2NDNlYzZkMmZhODE1YzM0NTAxODliZDUiLCJpYXQiOjE2ODE5MTM5Nzh9.rpNTTlJqQPaCcXmuD86h-kFD5dd-4T4WHemOxPvyZaE HTTP/1.1" 404 47 "-" "Mozilla/5.0 (Windows NT 10.0; Win64; x64) AppleWebKit/537.36 (KHTML, like Gecko) Chrome/112.0.0.0 Safari/537.36"

info: ::1 - - [19/Apr/2023:14:20:11 +0000] "GET /favicon.ico HTTP/1.1" 404 47 "-" "Mozilla/5.0 (Windows NT 10.0; Win64; x64) AppleWebKit/537.36 (KHTML, like Gecko) Chrome/112.0.0.0 Safari/537.36"

info: ::1 - - [19/Apr/2023:14:21:10 +0000] "POST /api/v1/user/resetPwd/eyJhbGciOiJIUzI1NiIsInR5cCI6IkpXVCJ9.eyJlbWFpbCI6ImJiZWxhZ2F2aTZAZ21haWwuY29tIiwiaWQiOiI2NDNlYzZkMmZhODE1YzM0NTAxODliZDUiLCJpYXQiOjE2ODE5MTM5Nzh9.rpNTTlJqQPaCcXmuD86h-kFD5dd-4T4WHemOxPvyZaE HTTP/1.1" 400 54 "-" "PostmanRuntime/7.32.2"

info: ::1 - - [19/Apr/2023:14:22:36 +0000] "POST /api/v1/user/resetPwd/eyJhbGciOiJIUzI1NiIsInR5cCI6IkpXVCJ9.eyJlbWFpbCI6ImJiZWxhZ2F2aTZAZ21haWwuY29tIiwiaWQiOiI2NDNlYzZkMmZhODE1YzM0NTAxODliZDUiLCJpYXQiOjE2ODE5MTM5Nzh9.rpNTTlJqQPaCcXmuD86h-kFD5dd-4T4WHemOxPvyZaE HTTP/1.1" 400 54 "-" "PostmanRuntime/7.32.2"

info: ::1 - - [19/Apr/2023:14:24:53 +0000] "POST /api/v1/users/create HTTP/1.1" 404 47 "-" "PostmanRuntime/7.32.2"

info: ::1 - - [19/Apr/2023:14:25:05 +0000] "POST /api/v1/user/create HTTP/1.1" 404 47 "-" "PostmanRuntime/7.32.2"

info: ::1 - - [19/Apr/2023:14:26:45 +0000] "POST /api/v1/user HTTP/1.1" 400 74 "-" "PostmanRuntime/7.32.2"

info: ::1 - - [19/Apr/2023:14:26:53 +0000] "POST /api/v1/user HTTP/1.1" 201 321 "-" "PostmanRuntime/7.32.2"

info: ::1 - - [19/Apr/2023:14:28:29 +0000] "POST /api/v1/user/forgetPwd HTTP/1.1" 200 548 "-" "PostmanRuntime/7.32.2"

info: ::1 - - [19/Apr/2023:14:28:42 +0000] "GET /eyJhbGciOiJIUzI1NiIsInR5cCI6IkpXVCJ9.eyJlbWFpbCI6ImJiZWxhZ2F2aTZAZ21haWwuY29tIiwiaWQiOiI2NDNmZmEyZGEwZWRlZDRmMmM1OWM2MmMiLCJpYXQiOjE2ODE5MTQ0OTd9.ejhTgSf3PNX7HAD_jeTjT_ArjUk2Oj8v3YN21ulHWDs HTTP/1.1" 404 47 "-" "Mozilla/5.0 (Windows NT 10.0; Win64; x64) AppleWebKit/537.36 (KHTML, like Gecko) Chrome/112.0.0.0 Safari/537.36"

info: ::1 - - [19/Apr/2023:14:29:33 +0000] "POST /api/v1/user/resetPwd/eyJhbGciOiJIUzI1NiIsInR5cCI6IkpXVCJ9.eyJlbWFpbCI6ImJiZWxhZ2F2aTZAZ21haWwuY29tIiwiaWQiOiI2NDNmZmEyZGEwZWRlZDRmMmM1OWM2MmMiLCJpYXQiOjE2ODE5MTQ0OTd9.ejhTgSf3PNX7HAD_jeTjT_ArjUk2Oj8v3YN21ulHWDs HTTP/1.1" 400 141 "-" "PostmanRuntime/7.32.2"

info: ::1 - - [19/Apr/2023:14:31:43 +0000] "POST /api/v1/user/resetPwd/eyJhbGciOiJIUzI1NiIsInR5cCI6IkpXVCJ9.eyJlbWFpbCI6ImJiZWxhZ2F2aTZAZ21haWwuY29tIiwiaWQiOiI2NDNmZmEyZGEwZWRlZDRmMmM1OWM2MmMiLCJpYXQiOjE2ODE5MTQ0OTd9.ejhTgSf3PNX7HAD_jeTjT_ArjUk2Oj8v3YN21ulHWDs HTTP/1.1" 400 54 "-" "PostmanRuntime/7.32.2"

info: ::1 - - [19/Apr/2023:14:36:16 +0000] "POST /api/v1/user/resetPwd/eyJhbGciOiJIUzI1NiIsInR5cCI6IkpXVCJ9.eyJlbWFpbCI6ImJiZWxhZ2F2aTZAZ21haWwuY29tIiwiaWQiOiI2NDNmZmEyZGEwZWRlZDRmMmM1OWM2MmMiLCJpYXQiOjE2ODE5MTQ0OTd9.ejhTgSf3PNX7HAD_jeTjT_ArjUk2Oj8v3YN21ulHWDs HTTP/1.1" 400 141 "-" "PostmanRuntime/7.32.2"

info: ::1 - - [19/Apr/2023:14:38:45 +0000] "POST /api/v1/user HTTP/1.1" 201 321 "-" "PostmanRuntime/7.32.2"

info: ::1 - - [19/Apr/2023:14:39:13 +0000] "POST /api/v1/user/forgetPwd HTTP/1.1" 200 548 "-" "PostmanRuntime/7.32.2"

info: ::1 - - [19/Apr/2023:14:39:23 +0000] "GET /eyJhbGciOiJIUzI1NiIsInR5cCI6IkpXVCJ9.eyJlbWFpbCI6ImJiZWxhZ2F2aTZAZ21haWwuY29tIiwiX2lkIjoiNjQzZmZjZjU3YWI0MDA0NGQ4NDA3M2VkIiwiaWF0IjoxNjgxOTE1MTQ3fQ.nWaMVWOA6kGq6Dvc1x_MIVuzocr9718hZ87HeaKbkcE HTTP/1.1" 404 47 "-" "Mozilla/5.0 (Windows NT 10.0; Win64; x64) AppleWebKit/537.36 (KHTML, like Gecko) Chrome/112.0.0.0 Safari/537.36"

info: ::1 - - [19/Apr/2023:14:39:40 +0000] "POST /api/v1/user/resetPwd/eyJhbGciOiJIUzI1NiIsInR5cCI6IkpXVCJ9.eyJlbWFpbCI6ImJiZWxhZ2F2aTZAZ21haWwuY29tIiwiX2lkIjoiNjQzZmZjZjU3YWI0MDA0NGQ4NDA3M2VkIiwiaWF0IjoxNjgxOTE1MTQ3fQ.nWaMVWOA6kGq6Dvc1x_MIVuzocr9718hZ87HeaKbkcE HTTP/1.1" 200 327 "-" "PostmanRuntime/7.32.2"

info: ::1 - - [19/Apr/2023:14:42:08 +0000] "POST /api/v1/user/resetPwd/eyJhbGciOiJIUzI1NiIsInR5cCI6IkpXVCJ9.eyJlbWFpbCI6ImJiZWxhZ2F2aTZAZ21haWwuY29tIiwiX2lkIjoiNjQzZmZjZjU3YWI0MDA0NGQ4NDA3M2VkIiwiaWF0IjoxNjgxOTE1MTQ3fQ.nWaMVWOA6kGq6Dvc1x_MIVuzocr9718hZ87HeaKbkcE HTTP/1.1" 200 363 "-" "PostmanRuntime/7.32.2"

info: ::1 - - [19/Apr/2023:18:19:10 +0000] "GET /api/v1/notes HTTP/1.1" 401 61 "-" "PostmanRuntime/7.32.2"

info: ::1 - - [19/Apr/2023:18:19:37 +0000] "POST /api/v1/user/login HTTP/1.1" 200 249 "-" "PostmanRuntime/7.32.2"

info: ::1 - - [19/Apr/2023:18:19:54 +0000] "GET /api/v1/notes HTTP/1.1" 200 65 "-" "PostmanRuntime/7.32.2"

info: ::1 - - [19/Apr/2023:18:22:09 +0000] "POST /api/v1/notes HTTP/1.1" 201 301 "-" "PostmanRuntime/7.32.2"

info: ::1 - - [19/Apr/2023:18:24:47 +0000] "POST /api/v1/notes HTTP/1.1" 201 303 "-" "PostmanRuntime/7.32.2"

info: ::1 - - [19/Apr/2023:18:25:39 +0000] "GET /api/v1/notes HTTP/1.1" 200 554 "-" "PostmanRuntime/7.32.2"

info: ::1 - - [19/Apr/2023:18:25:43 +0000] "GET /api/v1/notes HTTP/1.1" 200 575 "-" "PostmanRuntime/7.32.2"

info: ::1 - - [19/Apr/2023:18:26:01 +0000] "GET /api/v1/notes/644031ef118582369871a38e HTTP/1.1" 400 72 "-" "PostmanRuntime/7.32.2"

info: ::1 - - [19/Apr/2023:18:27:37 +0000] "GET /api/v1/notes/643ffcf57ab40044d84073ed HTTP/1.1" 200 571 "-" "PostmanRuntime/7.32.2"

info: ::1 - - [19/Apr/2023:18:28:14 +0000] "GET /api/v1/notes/%22644031503f25e04144578f6c HTTP/1.1" 400 72 "-" "PostmanRuntime/7.32.2"

