info: ::1 - - [02/Mar/2023:06:19:42 +0000] "GET /api/v1/notes HTTP/1.1" 200 786 "-" "PostmanRuntime/7.31.1"

info: ::1 - - [02/Mar/2023:06:20:31 +0000] "GET /api/v1/notes HTTP/1.1" 200 786 "-" "PostmanRuntime/7.31.1"

info: ::1 - - [02/Mar/2023:06:22:42 +0000] "GET /api/v1/notes HTTP/1.1" 200 786 "-" "PostmanRuntime/7.31.1"

info: ::1 - - [02/Mar/2023:06:24:22 +0000] "GET /api/v1/notes HTTP/1.1" 200 786 "-" "PostmanRuntime/7.31.1"

info: ::1 - - [02/Mar/2023:06:27:44 +0000] "GET /api/v1/notes HTTP/1.1" 200 786 "-" "PostmanRuntime/7.31.1"

info: ::1 - - [02/Mar/2023:06:30:04 +0000] "GET /api/v1/notes HTTP/1.1" 200 786 "-" "PostmanRuntime/7.31.1"

info: ::1 - - [02/Mar/2023:06:34:14 +0000] "GET /api/v1/notes HTTP/1.1" 200 786 "-" "PostmanRuntime/7.31.1"

info: ::1 - - [02/Mar/2023:06:53:35 +0000] "GET /api/v1/notes HTTP/1.1" 200 786 "-" "PostmanRuntime/7.31.1"

info: ::1 - - [02/Mar/2023:06:54:30 +0000] "GET /api/v1/notes HTTP/1.1" 200 786 "-" "PostmanRuntime/7.31.1"

info: ::1 - - [02/Mar/2023:06:54:55 +0000] "GET /api/v1/notes/%2063ff034936714b3494f49e21 HTTP/1.1" 400 148 "-" "PostmanRuntime/7.31.1"

info: ::1 - - [02/Mar/2023:06:55:17 +0000] "GET /api/v1/notes/%22%2063ff034936714b3494f49e21%22 HTTP/1.1" 400 152 "-" "PostmanRuntime/7.31.1"

info: ::1 - - [02/Mar/2023:06:55:41 +0000] "GET /api/v1/notes/%2063ff034936714b3494f49e21 HTTP/1.1" 400 148 "-" "PostmanRuntime/7.31.1"

info: ::1 - - [02/Mar/2023:06:55:45 +0000] "GET /api/v1/notes/63ff034936714b3494f49e21 HTTP/1.1" 200 240 "-" "PostmanRuntime/7.31.1"

info: ::1 - - [02/Mar/2023:06:55:59 +0000] "GET /api/v1/notes/63ff034936714b3494f49e22 HTTP/1.1" 400 65 "-" "PostmanRuntime/7.31.1"

info: ::1 - - [02/Mar/2023:06:56:12 +0000] "GET /api/v1/notes/63ff034936714b3494f49e21 HTTP/1.1" 200 240 "-" "PostmanRuntime/7.31.1"

info: ::1 - - [02/Mar/2023:06:57:08 +0000] "PUT /api/v1/notes/63ff034936714b3494f49e21 HTTP/1.1" 202 245 "-" "PostmanRuntime/7.31.1"

info: ::1 - - [02/Mar/2023:06:57:15 +0000] "PUT /api/v1/notes/63ff034936714b3494f49e22 HTTP/1.1" 400 58 "-" "PostmanRuntime/7.31.1"

info: ::1 - - [02/Mar/2023:06:57:22 +0000] "PUT /api/v1/notes/63ff034936714b3494f49e21 HTTP/1.1" 202 245 "-" "PostmanRuntime/7.31.1"

info: ::1 - - [02/Mar/2023:06:58:53 +0000] "PUT /api/v1/notes/63ff034936714b3494f49e21 HTTP/1.1" 202 281 "-" "PostmanRuntime/7.31.1"

info: ::1 - - [02/Mar/2023:07:45:12 +0000] "PUT /api/v1/notes/63ff034936714b3494f49e21/archive HTTP/1.1" 202 307 "-" "PostmanRuntime/7.31.1"

info: ::1 - - [02/Mar/2023:07:49:10 +0000] "PUT /api/v1/notes/63ff034936714b3494f49e21/archive HTTP/1.1" 202 60 "-" "PostmanRuntime/7.31.1"

info: ::1 - - [02/Mar/2023:07:50:18 +0000] "PUT /api/v1/notes/63ff034936714b3494f49e22/archive HTTP/1.1" 400 65 "-" "PostmanRuntime/7.31.1"

info: ::1 - - [02/Mar/2023:07:50:29 +0000] "PUT /api/v1/notes/63ff034936714b3494f49e21/archive HTTP/1.1" 202 60 "-" "PostmanRuntime/7.31.1"

info: ::1 - - [02/Mar/2023:07:51:08 +0000] "PUT /api/v1/notes/63ff034936714b3494f49e21/archive HTTP/1.1" 202 307 "-" "PostmanRuntime/7.31.1"

info: ::1 - - [02/Mar/2023:07:51:35 +0000] "PUT /api/v1/notes/63ff034936714b3494f49e21/archive HTTP/1.1" 202 307 "-" "PostmanRuntime/7.31.1"

info: ::1 - - [02/Mar/2023:08:20:39 +0000] "PUT /api/v1/notes/63ff034936714b3494f49e21/archive HTTP/1.1" 202 114 "-" "PostmanRuntime/7.31.1"

info: ::1 - - [02/Mar/2023:08:22:01 +0000] "PUT /api/v1/notes/63ff034936714b3494f49e21/archive HTTP/1.1" 202 114 "-" "PostmanRuntime/7.31.1"

info: ::1 - - [02/Mar/2023:08:22:54 +0000] "PUT /api/v1/notes/63ff034936714b3494f49e21/archive HTTP/1.1" 202 114 "-" "PostmanRuntime/7.31.1"

info: ::1 - - [02/Mar/2023:08:25:01 +0000] "PUT /api/v1/notes/63ff034936714b3494f49e21/archive HTTP/1.1" 202 183 "-" "PostmanRuntime/7.31.1"

info: ::1 - - [02/Mar/2023:08:26:19 +0000] "PUT /api/v1/notes/63ff034936714b3494f49e21/archive HTTP/1.1" 202 114 "-" "PostmanRuntime/7.31.1"

info: ::1 - - [02/Mar/2023:08:27:33 +0000] "PUT /api/v1/notes/63ff034936714b3494f49e21/archive HTTP/1.1" 202 114 "-" "PostmanRuntime/7.31.1"

info: ::1 - - [02/Mar/2023:08:28:24 +0000] "PUT /api/v1/notes/63ff034936714b3494f49e21/archive HTTP/1.1" 202 114 "-" "PostmanRuntime/7.31.1"

info: ::1 - - [02/Mar/2023:08:28:53 +0000] "PUT /api/v1/notes/63ff034936714b3494f49e21/archive HTTP/1.1" 202 114 "-" "PostmanRuntime/7.31.1"

info: ::1 - - [02/Mar/2023:08:29:26 +0000] "PUT /api/v1/notes/63ff034936714b3494f49e21/archive HTTP/1.1" 202 114 "-" "PostmanRuntime/7.31.1"

info: ::1 - - [02/Mar/2023:08:31:21 +0000] "PUT /api/v1/notes/63ff034936714b3494f49e21/archive HTTP/1.1" 202 114 "-" "PostmanRuntime/7.31.1"

info: ::1 - - [02/Mar/2023:08:33:17 +0000] "POST /api/v1/notes HTTP/1.1" 201 302 "-" "PostmanRuntime/7.31.1"

info: ::1 - - [02/Mar/2023:08:33:49 +0000] "PUT /api/v1/notes/64005f4daed89246482cd036/archive HTTP/1.1" 202 173 "-" "PostmanRuntime/7.31.1"

info: ::1 - - [02/Mar/2023:08:34:14 +0000] "PUT /api/v1/notes/64005f4daed89246482cd036/archive HTTP/1.1" 202 172 "-" "PostmanRuntime/7.31.1"

info: ::1 - - [02/Mar/2023:09:02:14 +0000] "PUT /api/v1/notes/64005f4daed89246482cd036/archive HTTP/1.1" 202 172 "-" "PostmanRuntime/7.31.1"

info: ::1 - - [02/Mar/2023:09:02:42 +0000] "PUT /api/v1/notes/64005f4daed89246482cd037/archive HTTP/1.1" 400 65 "-" "PostmanRuntime/7.31.1"

info: ::1 - - [02/Mar/2023:09:02:55 +0000] "PUT /api/v1/notes/64005f4daed89246482cd036/archive HTTP/1.1" 202 172 "-" "PostmanRuntime/7.31.1"

info: ::1 - - [02/Mar/2023:09:04:05 +0000] "PUT /api/v1/notes/64005f4daed89246482cd036/archive HTTP/1.1" 202 172 "-" "PostmanRuntime/7.31.1"

info: ::1 - - [02/Mar/2023:09:04:12 +0000] "PUT /api/v1/notes/64005f4daed89246482cd037/archive HTTP/1.1" 400 65 "-" "PostmanRuntime/7.31.1"

info: ::1 - - [02/Mar/2023:09:04:21 +0000] "PUT /api/v1/notes/64005f4daed89246482cd036/archive HTTP/1.1" 202 172 "-" "PostmanRuntime/7.31.1"

info: ::1 - - [02/Mar/2023:09:05:27 +0000] "PUT /api/v1/notes/64005f4daed89246482cd036/archive HTTP/1.1" 202 172 "-" "PostmanRuntime/7.31.1"

info: ::1 - - [02/Mar/2023:09:05:37 +0000] "PUT /api/v1/notes/64005f4daed89246482cd046/archive HTTP/1.1" 400 65 "-" "PostmanRuntime/7.31.1"

info: ::1 - - [02/Mar/2023:09:05:44 +0000] "PUT /api/v1/notes/64005f4daed89246482cd036/archive HTTP/1.1" 202 172 "-" "PostmanRuntime/7.31.1"

info: ::1 - - [02/Mar/2023:11:18:53 +0000] "PUT /api/v1/notes/64005f4daed89246482cd036/archive HTTP/1.1" 202 292 "-" "PostmanRuntime/7.31.1"

info: ::1 - - [02/Mar/2023:11:30:41 +0000] "PUT /api/v1/notes/64005f4daed89246482cd036/archivett HTTP/1.1" 404 47 "-" "PostmanRuntime/7.31.1"

info: ::1 - - [02/Mar/2023:11:30:46 +0000] "PUT /api/v1/notes/64005f4daed89246482cd036/archive HTTP/1.1" 202 292 "-" "PostmanRuntime/7.31.1"

info: ::1 - - [02/Mar/2023:11:30:57 +0000] "GET /api/v1/notes/64005f4daed89246482cd036 HTTP/1.1" 200 301 "-" "PostmanRuntime/7.31.1"

info: ::1 - - [02/Mar/2023:11:46:24 +0000] "GET /api/v1/notes/64005f4daed89246482cd036/Archive HTTP/1.1" 404 47 "-" "PostmanRuntime/7.31.1"

info: ::1 - - [02/Mar/2023:11:46:32 +0000] "GET /api/v1/notes/64005f4daed89246482cd036/archive HTTP/1.1" 404 47 "-" "PostmanRuntime/7.31.1"

info: ::1 - - [02/Mar/2023:11:47:04 +0000] "GET /api/v1/notes/64005f4daed89246482cd036/archive HTTP/1.1" 404 47 "-" "PostmanRuntime/7.31.1"

info: ::1 - - [02/Mar/2023:11:47:14 +0000] "PUT /api/v1/notes/64005f4daed89246482cd036/archive HTTP/1.1" 400 60 "-" "PostmanRuntime/7.31.1"

info: ::1 - - [02/Mar/2023:11:48:43 +0000] "PUT /api/v1/notes/64005f4daed89246482cd036/archive HTTP/1.1" 400 323 "-" "PostmanRuntime/7.31.1"

info: ::1 - - [02/Mar/2023:11:50:28 +0000] "PUT /api/v1/notes/64005f4daed89246482cd036/archive HTTP/1.1" 400 323 "-" "PostmanRuntime/7.31.1"

info: ::1 - - [02/Mar/2023:11:52:04 +0000] "PUT /api/v1/notes/64005f4daed89246482cd036/archive HTTP/1.1" 400 60 "-" "PostmanRuntime/7.31.1"

info: ::1 - - [02/Mar/2023:11:53:27 +0000] "PUT /api/v1/notes/64005f4daed89246482cd036/archive HTTP/1.1" 202 292 "-" "PostmanRuntime/7.31.1"

info: ::1 - - [02/Mar/2023:11:53:59 +0000] "PUT /api/v1/notes/64005f4daed89246482cd037/archive HTTP/1.1" 202 53 "-" "PostmanRuntime/7.31.1"

info: ::1 - - [02/Mar/2023:11:54:09 +0000] "PUT /api/v1/notes/64005f4daed89246482cd036/archive HTTP/1.1" 202 292 "-" "PostmanRuntime/7.31.1"

info: ::1 - - [02/Mar/2023:11:55:24 +0000] "PUT /api/v1/notes/64005f4daed89246482cd036/archive HTTP/1.1" 202 292 "-" "PostmanRuntime/7.31.1"

info: ::1 - - [02/Mar/2023:11:55:52 +0000] "PUT /api/v1/notes/64005f4daed89246482cd037/archive HTTP/1.1" 202 53 "-" "PostmanRuntime/7.31.1"

info: ::1 - - [02/Mar/2023:11:58:06 +0000] "PUT /api/v1/notes/64005f4daed89246482cd036/archive HTTP/1.1" 202 292 "-" "PostmanRuntime/7.31.1"

info: ::1 - - [02/Mar/2023:12:01:02 +0000] "PUT /api/v1/notes/64005f4daed89246482cd036/archive HTTP/1.1" 202 292 "-" "PostmanRuntime/7.31.1"

info: ::1 - - [02/Mar/2023:12:01:10 +0000] "PUT /api/v1/notes/64005f4daed89246482cd037/archive HTTP/1.1" 202 53 "-" "PostmanRuntime/7.31.1"

info: ::1 - - [02/Mar/2023:12:13:56 +0000] "PUT /api/v1/notes/64005f4daed89246482cd036/archive HTTP/1.1" 202 292 "-" "PostmanRuntime/7.31.1"

info: ::1 - - [02/Mar/2023:12:15:56 +0000] "PUT /api/v1/notes/64005f4daed89246482cd036/archive HTTP/1.1" 202 292 "-" "PostmanRuntime/7.31.1"

info: ::1 - - [02/Mar/2023:12:16:21 +0000] "PUT /api/v1/notes/64005f4daed89246482cd046/archive HTTP/1.1" - - "-" "PostmanRuntime/7.31.1"

info: ::1 - - [02/Mar/2023:12:16:23 +0000] "PUT /api/v1/notes/64005f4daed89246482cd036/archive HTTP/1.1" 202 292 "-" "PostmanRuntime/7.31.1"

info: ::1 - - [02/Mar/2023:12:17:00 +0000] "PUT /api/v1/notes/64005f4daed89246482cd036/archive HTTP/1.1" 202 41 "-" "PostmanRuntime/7.31.1"

info: ::1 - - [02/Mar/2023:12:19:28 +0000] "PUT /api/v1/notes/64005f4daed89246482cd036/archive HTTP/1.1" 202 292 "-" "PostmanRuntime/7.31.1"

info: ::1 - - [02/Mar/2023:12:19:39 +0000] "PUT /api/v1/notes/64005f4daed89246482cd046/archive HTTP/1.1" 202 53 "-" "PostmanRuntime/7.31.1"

info: ::1 - - [02/Mar/2023:12:19:54 +0000] "PUT /api/v1/notes/64005f4daed89246482cd036/archive HTTP/1.1" 202 292 "-" "PostmanRuntime/7.31.1"

info: ::1 - - [02/Mar/2023:12:20:04 +0000] "PUT /api/v1/notes/64005f4daed89246482cd037/archive HTTP/1.1" 202 53 "-" "PostmanRuntime/7.31.1"

info: ::1 - - [02/Mar/2023:12:20:11 +0000] "PUT /api/v1/notes/64005f4daed89246482cd036/archive HTTP/1.1" 202 292 "-" "PostmanRuntime/7.31.1"

info: ::1 - - [02/Mar/2023:12:20:48 +0000] "PUT /api/v1/notes/64005f4daed89246482cd036/archive HTTP/1.1" 202 292 "-" "PostmanRuntime/7.31.1"

info: ::1 - - [02/Mar/2023:12:20:55 +0000] "PUT /api/v1/notes/64005f4daed89246482cd046/archive HTTP/1.1" 202 53 "-" "PostmanRuntime/7.31.1"

info: ::1 - - [02/Mar/2023:12:21:01 +0000] "PUT /api/v1/notes/64005f4daed89246482cd036/archive HTTP/1.1" 202 292 "-" "PostmanRuntime/7.31.1"

info: ::1 - - [02/Mar/2023:12:24:59 +0000] "PUT /api/v1/notes/64005f4daed89246482cd036/trash HTTP/1.1" 202 295 "-" "PostmanRuntime/7.31.1"

info: ::1 - - [02/Mar/2023:12:25:13 +0000] "PUT /api/v1/notes/64005f4daed89246482cd037/trash HTTP/1.1" 202 57 "-" "PostmanRuntime/7.31.1"

info: ::1 - - [02/Mar/2023:12:25:22 +0000] "PUT /api/v1/notes/64005f4daed89246482cd036/trash HTTP/1.1" 202 295 "-" "PostmanRuntime/7.31.1"

info: ::1 - - [02/Mar/2023:12:31:29 +0000] "PUT /api/v1/notes/64005f4daed89246482cd036/trash HTTP/1.1" 400 60 "-" "PostmanRuntime/7.31.1"

info: ::1 - - [02/Mar/2023:12:34:04 +0000] "PUT /api/v1/notes/64005f4daed89246482cd036/trash HTTP/1.1" 202 295 "-" "PostmanRuntime/7.31.1"

info: ::1 - - [02/Mar/2023:12:34:14 +0000] "PUT /api/v1/notes/64005f4daed89246482cd037/trash HTTP/1.1" 400 57 "-" "PostmanRuntime/7.31.1"

info: ::1 - - [02/Mar/2023:12:34:22 +0000] "PUT /api/v1/notes/64005f4daed89246482cd036/trash HTTP/1.1" 202 295 "-" "PostmanRuntime/7.31.1"

info: ::1 - - [02/Mar/2023:12:34:40 +0000] "PUT /api/v1/notes/64005f4daed89246482cd036/archive HTTP/1.1" 202 291 "-" "PostmanRuntime/7.31.1"

info: ::1 - - [02/Mar/2023:12:34:47 +0000] "PUT /api/v1/notes/64005f4daed89246482cd037/archive HTTP/1.1" 400 59 "-" "PostmanRuntime/7.31.1"

info: ::1 - - [02/Mar/2023:12:34:55 +0000] "PUT /api/v1/notes/64005f4daed89246482cd036/archive HTTP/1.1" 202 291 "-" "PostmanRuntime/7.31.1"

info: ::1 - - [02/Mar/2023:12:35:05 +0000] "PUT /api/v1/notes/64005f4daed89246482cd034/archive HTTP/1.1" 400 59 "-" "PostmanRuntime/7.31.1"

info: ::1 - - [02/Mar/2023:12:35:12 +0000] "PUT /api/v1/notes/64005f4daed89246482cd036/archive HTTP/1.1" 202 291 "-" "PostmanRuntime/7.31.1"

info: ::1 - - [02/Mar/2023:12:39:05 +0000] "PUT /api/v1/notes/64005f4daed89246482cd036/archive HTTP/1.1" 202 291 "-" "PostmanRuntime/7.31.1"

info: ::1 - - [02/Mar/2023:12:39:10 +0000] "PUT /api/v1/notes/64005f4daed89246482cd026/archive HTTP/1.1" 400 59 "-" "PostmanRuntime/7.31.1"

info: ::1 - - [02/Mar/2023:12:39:17 +0000] "PUT /api/v1/notes/64005f4daed89246482cd036/archive HTTP/1.1" 202 291 "-" "PostmanRuntime/7.31.1"

info: ::1 - - [02/Mar/2023:12:41:19 +0000] "PUT /api/v1/notes/64005f4daed89246482cd036/archive HTTP/1.1" 202 291 "-" "PostmanRuntime/7.31.1"

info: ::1 - - [02/Mar/2023:12:42:15 +0000] "PUT /api/v1/notes/64005f4daed89246482cd036/archive HTTP/1.1" 202 291 "-" "PostmanRuntime/7.31.1"

info: ::1 - - [02/Mar/2023:12:42:23 +0000] "PUT /api/v1/notes/64005f4daed89246482cd037/archive HTTP/1.1" 400 59 "-" "PostmanRuntime/7.31.1"

info: ::1 - - [02/Mar/2023:12:43:36 +0000] "PUT /api/v1/notes/64005f4daed89246482cd037/archive HTTP/1.1" 400 59 "-" "PostmanRuntime/7.31.1"

info: ::1 - - [02/Mar/2023:12:44:09 +0000] "PUT /api/v1/notes/64005f4daed89246482cd036/archive HTTP/1.1" 202 291 "-" "PostmanRuntime/7.31.1"

info: ::1 - - [02/Mar/2023:12:45:35 +0000] "PUT /api/v1/notes/64005f4daed89246482cd036/archive HTTP/1.1" 202 291 "-" "PostmanRuntime/7.31.1"

info: ::1 - - [02/Mar/2023:12:45:38 +0000] "PUT /api/v1/notes/64005f4daed89246482cd036/archive HTTP/1.1" 202 291 "-" "PostmanRuntime/7.31.1"

info: ::1 - - [02/Mar/2023:12:46:05 +0000] "PUT /api/v1/notes/64005f4daed89246482cd036/archive HTTP/1.1" 202 291 "-" "PostmanRuntime/7.31.1"

info: ::1 - - [02/Mar/2023:12:46:12 +0000] "PUT /api/v1/notes/64005f4daed89246482cd056/archive HTTP/1.1" 400 59 "-" "PostmanRuntime/7.31.1"

info: ::1 - - [02/Mar/2023:12:53:07 +0000] "PUT /api/v1/notes/64005f4daed89246482cd036/archive HTTP/1.1" 202 291 "-" "PostmanRuntime/7.31.1"

info: ::1 - - [02/Mar/2023:12:57:05 +0000] "PUT /api/v1/notes/64005f4daed89246482cd036/archive HTTP/1.1" 202 291 "-" "PostmanRuntime/7.31.1"

info: ::1 - - [02/Mar/2023:12:57:15 +0000] "PUT /api/v1/notes/64005f4daed89246482cd037/archive HTTP/1.1" 400 59 "-" "PostmanRuntime/7.31.1"

info: ::1 - - [02/Mar/2023:12:57:23 +0000] "PUT /api/v1/notes/64005f4daed89246482cd036/archive HTTP/1.1" 202 291 "-" "PostmanRuntime/7.31.1"

info: ::1 - - [02/Mar/2023:13:05:54 +0000] "PUT /api/v1/notes/64005f4daed89246482cd036/archive HTTP/1.1" 202 291 "-" "PostmanRuntime/7.31.1"

info: ::1 - - [02/Mar/2023:13:06:02 +0000] "PUT /api/v1/notes/64005f4daed89246482cd046/archive HTTP/1.1" 400 65 "-" "PostmanRuntime/7.31.1"

info: ::1 - - [02/Mar/2023:13:06:14 +0000] "PUT /api/v1/notes/64005f4daed89246482cd036/archive HTTP/1.1" 202 291 "-" "PostmanRuntime/7.31.1"

info: ::1 - - [02/Mar/2023:13:08:53 +0000] "PUT /api/v1/notes/64005f4daed89246482cd036/archive HTTP/1.1" 202 291 "-" "PostmanRuntime/7.31.1"

info: ::1 - - [02/Mar/2023:13:09:03 +0000] "PUT /api/v1/notes/64005f4daed89246482cd034/archive HTTP/1.1" 400 59 "-" "PostmanRuntime/7.31.1"

info: ::1 - - [02/Mar/2023:13:09:10 +0000] "PUT /api/v1/notes/64005f4daed89246482cd036/archive HTTP/1.1" 202 291 "-" "PostmanRuntime/7.31.1"

info: ::1 - - [02/Mar/2023:13:10:35 +0000] "PUT /api/v1/notes/64005f4daed89246482cd036/archive HTTP/1.1" 202 291 "-" "PostmanRuntime/7.31.1"

info: ::1 - - [02/Mar/2023:14:03:58 +0000] "PUT /api/v1/notes/64005f4daed89246482cd036/trash HTTP/1.1" 202 297 "-" "PostmanRuntime/7.31.1"

info: ::1 - - [02/Mar/2023:14:04:18 +0000] "GET /api/v1/notes/64005f4daed89246482cd036 HTTP/1.1" 200 300 "-" "PostmanRuntime/7.31.1"

info: ::1 - - [02/Mar/2023:14:05:00 +0000] "PUT /api/v1/notes/64005f4daed89246482cd036 HTTP/1.1" 202 290 "-" "PostmanRuntime/7.31.1"

info: ::1 - - [02/Mar/2023:14:20:04 +0000] "PUT /api/v1/notes/64005f4daed89246482cd036/archive/recover HTTP/1.1" 404 47 "-" "PostmanRuntime/7.31.1"

info: ::1 - - [02/Mar/2023:14:20:32 +0000] "PUT /api/v1/notes/64005f4daed89246482cd036/archive/recover HTTP/1.1" 404 47 "-" "PostmanRuntime/7.31.1"

info: ::1 - - [02/Mar/2023:14:20:43 +0000] "GET /api/v1/notes/64005f4daed89246482cd036/archive/recover HTTP/1.1" 202 305 "-" "PostmanRuntime/7.31.1"

