info: ::1 - - [29/Apr/2023:06:13:49 +0000] "PUT /api/v1/addCollaborator/640f029bf520814034a94367 HTTP/1.1" 404 47 "-" "PostmanRuntime/7.32.2"

info: ::1 - - [29/Apr/2023:06:14:19 +0000] "PUT /api/v1/notes/addCollaborator/640f029bf520814034a94367 HTTP/1.1" 401 61 "-" "PostmanRuntime/7.32.2"

info: ::1 - - [29/Apr/2023:06:14:54 +0000] "POST /api/v1/users HTTP/1.1" 404 47 "-" "PostmanRuntime/7.32.2"

info: ::1 - - [29/Apr/2023:06:15:04 +0000] "POST /api/v1/user HTTP/1.1" 201 276 "-" "PostmanRuntime/7.32.2"

info: ::1 - - [29/Apr/2023:06:15:14 +0000] "POST /api/v1/user/login HTTP/1.1" 400 48 "-" "PostmanRuntime/7.32.2"

info: ::1 - - [29/Apr/2023:06:15:31 +0000] "POST /api/v1/user/login HTTP/1.1" 400 48 "-" "PostmanRuntime/7.32.2"

info: ::1 - - [29/Apr/2023:06:16:02 +0000] "POST /api/v1/user/login HTTP/1.1" 400 45 "-" "PostmanRuntime/7.32.2"

info: ::1 - - [29/Apr/2023:06:16:06 +0000] "POST /api/v1/user HTTP/1.1" 201 276 "-" "PostmanRuntime/7.32.2"

info: ::1 - - [29/Apr/2023:06:16:44 +0000] "POST /api/v1/user HTTP/1.1" 500 60 "-" "PostmanRuntime/7.32.2"

info: ::1 - - [29/Apr/2023:06:16:55 +0000] "POST /api/v1/user/login HTTP/1.1" 400 48 "-" "PostmanRuntime/7.32.2"

info: ::1 - - [29/Apr/2023:06:18:56 +0000] "POST /api/v1/user/login HTTP/1.1" 400 48 "-" "PostmanRuntime/7.32.2"

info: ::1 - - [29/Apr/2023:06:19:02 +0000] "POST /api/v1/user/login HTTP/1.1" 400 48 "-" "PostmanRuntime/7.32.2"

info: ::1 - - [29/Apr/2023:06:19:34 +0000] "POST /api/v1/user/login HTTP/1.1" 400 48 "-" "PostmanRuntime/7.32.2"

info: ::1 - - [29/Apr/2023:06:20:27 +0000] "POST /api/v1/user/login HTTP/1.1" 400 48 "-" "PostmanRuntime/7.32.2"

info: ::1 - - [29/Apr/2023:06:22:29 +0000] "POST /api/v1/user/login HTTP/1.1" 400 48 "-" "PostmanRuntime/7.32.2"

info: ::1 - - [29/Apr/2023:06:22:56 +0000] "POST /api/v1/user HTTP/1.1" 201 323 "-" "PostmanRuntime/7.32.2"

info: ::1 - - [29/Apr/2023:06:23:03 +0000] "POST /api/v1/user/login HTTP/1.1" 200 251 "-" "PostmanRuntime/7.32.2"

info: ::1 - - [29/Apr/2023:06:25:53 +0000] "POST /api/v1/notes HTTP/1.1" 401 40 "-" "PostmanRuntime/7.32.2"

info: ::1 - - [29/Apr/2023:06:27:55 +0000] "POST /api/v1/notes HTTP/1.1" 401 40 "-" "PostmanRuntime/7.32.2"

info: ::1 - - [29/Apr/2023:06:28:14 +0000] "POST /api/v1/notes HTTP/1.1" 401 40 "-" "PostmanRuntime/7.32.2"

info: ::1 - - [29/Apr/2023:06:28:38 +0000] "POST /api/v1/notes HTTP/1.1" 201 328 "-" "PostmanRuntime/7.32.2"

info: ::1 - - [29/Apr/2023:06:30:35 +0000] "PUT /api/v1/notes/addCollaborator/640f029bf520814034a94367 HTTP/1.1" 202 68 "-" "PostmanRuntime/7.32.2"

info: ::1 - - [29/Apr/2023:06:31:28 +0000] "PUT /api/v1/notes/addCollaborator/640f029bf520814034a94367 HTTP/1.1" 202 68 "-" "PostmanRuntime/7.32.2"

info: ::1 - - [29/Apr/2023:06:32:43 +0000] "PUT /api/v1/notes/addCollaborator/640f029bf520814034a94367 HTTP/1.1" 202 68 "-" "PostmanRuntime/7.32.2"

info: ::1 - - [29/Apr/2023:06:33:43 +0000] "PUT /api/v1/notes/addCollaborator/640f029bf520814034a94367 HTTP/1.1" 202 68 "-" "PostmanRuntime/7.32.2"

info: ::1 - - [29/Apr/2023:06:39:13 +0000] "PUT /api/v1/notes/addCollaborator/640f029bf520814034a94367 HTTP/1.1" 202 68 "-" "PostmanRuntime/7.32.2"

