info: ::1 - - [12/Mar/2023:19:22:01 +0000] "GET /api/v1/user/ HTTP/1.1" 200 1119 "-" "PostmanRuntime/7.31.1"

info: ::1 - - [12/Mar/2023:19:22:26 +0000] "GET /api/v1/notes HTTP/1.1" 200 1081 "-" "PostmanRuntime/7.31.1"

info: ::1 - - [12/Mar/2023:19:22:36 +0000] "GET /api/v1/notes HTTP/1.1" 200 1102 "-" "PostmanRuntime/7.31.1"

info: ::1 - - [12/Mar/2023:19:24:01 +0000] "GET /api/v1/notes/640a0bbd3bdb405a18935176 HTTP/1.1" 200 285 "-" "PostmanRuntime/7.31.1"

info: ::1 - - [12/Mar/2023:19:24:07 +0000] "GET /api/v1/notes/640a0bbd3bdb405a18935176 HTTP/1.1" 200 312 "-" "PostmanRuntime/7.31.1"

info: ::1 - - [12/Mar/2023:19:25:37 +0000] "GET /api/v1/notes/640a0bbd3bdb405a18935176 HTTP/1.1" 200 312 "-" "PostmanRuntime/7.31.1"

info: ::1 - - [12/Mar/2023:19:25:45 +0000] "GET /api/v1/notes/640a0bbd3bdb405a18935176 HTTP/1.1" 200 312 "-" "PostmanRuntime/7.31.1"

info: ::1 - - [12/Mar/2023:19:27:10 +0000] "GET /api/v1/notes HTTP/1.1" 200 1102 "-" "PostmanRuntime/7.31.1"

info: ::1 - - [12/Mar/2023:19:27:48 +0000] "GET /api/v1/notes/640a0bbd3bdb405a18935176 HTTP/1.1" 200 312 "-" "PostmanRuntime/7.31.1"

info: ::1 - - [12/Mar/2023:19:27:49 +0000] "GET /api/v1/notes/640a0bbd3bdb405a18935176 HTTP/1.1" 200 312 "-" "PostmanRuntime/7.31.1"

info: ::1 - - [12/Mar/2023:19:29:00 +0000] "GET /api/v1/notes/6409589c95461c5af03e5cac HTTP/1.1" 200 312 "-" "PostmanRuntime/7.31.1"

info: ::ffff:127.0.0.1 - - [12/Mar/2023:19:48:03 +0000] "POST /api/v1/user HTTP/1.1" 201 321 "-" "node-superagent/3.8.3"

info: ::ffff:127.0.0.1 - - [12/Mar/2023:19:48:03 +0000] "POST /api/v1/user/login HTTP/1.1" 200 247 "-" "node-superagent/3.8.3"

info: ::ffff:127.0.0.1 - - [12/Mar/2023:19:48:03 +0000] "POST /api/v1/notes HTTP/1.1" 201 289 "-" "node-superagent/3.8.3"

info: ::ffff:127.0.0.1 - - [12/Mar/2023:19:48:03 +0000] "GET /api/v1/notes HTTP/1.1" 200 1102 "-" "node-superagent/3.8.3"

info: ::ffff:127.0.0.1 - - [12/Mar/2023:19:48:03 +0000] "GET /api/v1/notes/640e2c731c0a0e672cbe9274 HTTP/1.1" 200 312 "-" "node-superagent/3.8.3"

info: ::ffff:127.0.0.1 - - [12/Mar/2023:19:48:03 +0000] "PUT /api/v1/notes/640e2c731c0a0e672cbe9274 HTTP/1.1" 202 289 "-" "node-superagent/3.8.3"

info: ::ffff:127.0.0.1 - - [12/Mar/2023:19:48:04 +0000] "PUT /api/v1/notes/640e2c731c0a0e672cbe9274/archive HTTP/1.1" 202 283 "-" "node-superagent/3.8.3"

info: ::ffff:127.0.0.1 - - [12/Mar/2023:19:48:04 +0000] "GET /api/v1/notes/640e2c731c0a0e672cbe9274/archive/recover HTTP/1.1" 202 308 "-" "node-superagent/3.8.3"

info: ::ffff:127.0.0.1 - - [12/Mar/2023:19:48:04 +0000] "PUT /api/v1/notes/640e2c731c0a0e672cbe9274/trash HTTP/1.1" 202 289 "-" "node-superagent/3.8.3"

info: ::ffff:127.0.0.1 - - [12/Mar/2023:19:48:04 +0000] "GET /api/v1/notes/640e2c731c0a0e672cbe9274/trash/recover HTTP/1.1" 202 292 "-" "node-superagent/3.8.3"

info: ::ffff:127.0.0.1 - - [12/Mar/2023:19:48:04 +0000] "PUT /api/v1/notes/640e2c731c0a0e672cbe9274/color HTTP/1.1" 202 297 "-" "node-superagent/3.8.3"

info: ::ffff:127.0.0.1 - - [12/Mar/2023:19:48:04 +0000] "DELETE /api/v1/notes/640e2c731c0a0e672cbe9274 HTTP/1.1" 200 60 "-" "node-superagent/3.8.3"

info: ::1 - - [12/Mar/2023:21:11:41 +0000] "GET /api/v1/notes HTTP/1.1" 200 1102 "-" "PostmanRuntime/7.31.1"

info: ::1 - - [12/Mar/2023:21:11:53 +0000] "GET /api/v1/notes HTTP/1.1" 200 1102 "-" "PostmanRuntime/7.31.1"

info: ::1 - - [12/Mar/2023:21:12:34 +0000] "GET /api/v1/notes/640ab824559b59525c016d94 HTTP/1.1" 400 72 "-" "PostmanRuntime/7.31.1"

info: ::1 - - [12/Mar/2023:21:13:19 +0000] "GET /api/v1/notes/640ab824559b59525c016d94 HTTP/1.1" 400 72 "-" "PostmanRuntime/7.31.1"

info: ::1 - - [12/Mar/2023:21:14:07 +0000] "POST /api/v1/notes HTTP/1.1" 201 307 "-" "PostmanRuntime/7.31.1"

info: ::1 - - [12/Mar/2023:21:16:56 +0000] "GET /api/v1/notes HTTP/1.1" 200 1102 "-" "PostmanRuntime/7.31.1"

info: ::1 - - [12/Mar/2023:21:17:25 +0000] "POST /api/v1/notes HTTP/1.1" 201 312 "-" "PostmanRuntime/7.31.1"

info: ::1 - - [12/Mar/2023:21:19:04 +0000] "POST /api/v1/notes HTTP/1.1" 201 289 "-" "PostmanRuntime/7.31.1"

info: ::1 - - [12/Mar/2023:21:21:27 +0000] "GET /api/v1/notes HTTP/1.1" 200 1102 "-" "PostmanRuntime/7.31.1"

info: ::1 - - [12/Mar/2023:21:21:48 +0000] "POST /api/v1/notes HTTP/1.1" 201 297 "-" "PostmanRuntime/7.31.1"

info: ::1 - - [12/Mar/2023:21:21:55 +0000] "GET /api/v1/notes HTTP/1.1" 200 1102 "-" "PostmanRuntime/7.31.1"

info: ::1 - - [12/Mar/2023:21:24:21 +0000] "GET /api/v1/notes HTTP/1.1" 200 1102 "-" "PostmanRuntime/7.31.1"

info: ::1 - - [12/Mar/2023:21:24:30 +0000] "POST /api/v1/notes HTTP/1.1" 201 297 "-" "PostmanRuntime/7.31.1"

info: ::1 - - [12/Mar/2023:21:24:38 +0000] "GET /api/v1/notes HTTP/1.1" 200 1102 "-" "PostmanRuntime/7.31.1"

info: ::1 - - [12/Mar/2023:21:25:02 +0000] "GET /api/v1/notes/640ab824559b59525c016d94 HTTP/1.1" 200 312 "-" "PostmanRuntime/7.31.1"

info: ::1 - - [12/Mar/2023:21:25:06 +0000] "GET /api/v1/notes/640ab824559b59525c016d94 HTTP/1.1" 200 312 "-" "PostmanRuntime/7.31.1"

info: ::1 - - [12/Mar/2023:21:27:24 +0000] "GET /api/v1/notes HTTP/1.1" 200 1793 "-" "PostmanRuntime/7.31.1"

info: ::1 - - [12/Mar/2023:21:27:34 +0000] "GET /api/v1/notes HTTP/1.1" 200 1814 "-" "PostmanRuntime/7.31.1"

info: ::1 - - [12/Mar/2023:21:28:24 +0000] "GET /api/v1/notes/640e430e5c535757fcb5bf76 HTTP/1.1" 200 297 "-" "PostmanRuntime/7.31.1"

info: ::1 - - [12/Mar/2023:21:28:27 +0000] "GET /api/v1/notes/640e430e5c535757fcb5bf76 HTTP/1.1" 200 324 "-" "PostmanRuntime/7.31.1"

info: ::1 - - [12/Mar/2023:21:28:35 +0000] "GET /api/v1/notes/640ab824559b59525c016d94 HTTP/1.1" 200 324 "-" "PostmanRuntime/7.31.1"

info: ::1 - - [12/Mar/2023:21:28:37 +0000] "GET /api/v1/notes/640ab824559b59525c016d94 HTTP/1.1" 200 324 "-" "PostmanRuntime/7.31.1"

info: ::1 - - [13/Mar/2023:02:17:30 +0000] "GET /api/v1/notes HTTP/1.1" 200 1793 "-" "PostmanRuntime/7.31.1"

info: ::1 - - [13/Mar/2023:02:17:54 +0000] "GET /api/v1/notes HTTP/1.1" 200 1793 "-" "PostmanRuntime/7.31.1"

info: ::1 - - [13/Mar/2023:02:17:58 +0000] "GET /api/v1/notes HTTP/1.1" 200 1793 "-" "PostmanRuntime/7.31.1"

info: ::1 - - [13/Mar/2023:02:18:00 +0000] "GET /api/v1/notes HTTP/1.1" 200 1793 "-" "PostmanRuntime/7.31.1"

info: ::1 - - [13/Mar/2023:02:18:03 +0000] "GET /api/v1/notes HTTP/1.1" 200 1793 "-" "PostmanRuntime/7.31.1"

info: ::1 - - [13/Mar/2023:02:19:10 +0000] "GET /api/v1/notes HTTP/1.1" 200 1793 "-" "PostmanRuntime/7.31.1"

info: ::1 - - [13/Mar/2023:02:19:12 +0000] "GET /api/v1/notes HTTP/1.1" 200 1814 "-" "PostmanRuntime/7.31.1"

info: ::1 - - [13/Mar/2023:02:19:47 +0000] "GET /api/v1/notes/640a0bbd3bdb405a18935176 HTTP/1.1" 400 72 "-" "PostmanRuntime/7.31.1"

info: ::1 - - [13/Mar/2023:02:20:42 +0000] "GET /api/v1/notes/640a0bbd3bdb405a18935176 HTTP/1.1" 400 72 "-" "PostmanRuntime/7.31.1"

info: ::1 - - [13/Mar/2023:02:20:44 +0000] "GET /api/v1/notes/640a0bbd3bdb405a18935176 HTTP/1.1" 400 72 "-" "PostmanRuntime/7.31.1"

info: ::1 - - [13/Mar/2023:02:20:46 +0000] "GET /api/v1/notes/640a0bbd3bdb405a18935176 HTTP/1.1" 400 72 "-" "PostmanRuntime/7.31.1"

info: ::1 - - [13/Mar/2023:02:20:47 +0000] "GET /api/v1/notes/640a0bbd3bdb405a18935176 HTTP/1.1" 400 72 "-" "PostmanRuntime/7.31.1"

info: ::1 - - [13/Mar/2023:02:20:49 +0000] "GET /api/v1/notes/640a0bbd3bdb405a18935176 HTTP/1.1" 400 72 "-" "PostmanRuntime/7.31.1"

info: ::1 - - [13/Mar/2023:02:20:50 +0000] "GET /api/v1/notes/640a0bbd3bdb405a18935176 HTTP/1.1" 400 72 "-" "PostmanRuntime/7.31.1"

info: ::1 - - [13/Mar/2023:02:23:16 +0000] "GET /api/v1/notes/640a0bbd3bdb405a18935176 HTTP/1.1" 400 65 "-" "PostmanRuntime/7.31.1"

info: ::1 - - [13/Mar/2023:02:23:24 +0000] "GET /api/v1/notes HTTP/1.1" 200 1814 "-" "PostmanRuntime/7.31.1"

info: ::1 - - [13/Mar/2023:02:24:26 +0000] "POST /api/v1/notes HTTP/1.1" 400 57 "-" "PostmanRuntime/7.31.1"

info: ::1 - - [13/Mar/2023:02:25:24 +0000] "POST /api/v1/notes HTTP/1.1" 201 308 "-" "PostmanRuntime/7.31.1"

info: ::1 - - [13/Mar/2023:02:25:44 +0000] "GET /api/v1/notes HTTP/1.1" 200 1071 "-" "PostmanRuntime/7.31.1"

info: ::1 - - [13/Mar/2023:02:26:00 +0000] "GET /api/v1/notes HTTP/1.1" 200 1092 "-" "PostmanRuntime/7.31.1"

info: ::1 - - [13/Mar/2023:02:26:09 +0000] "GET /api/v1/notes HTTP/1.1" 200 1092 "-" "PostmanRuntime/7.31.1"

info: ::1 - - [13/Mar/2023:02:26:34 +0000] "GET /api/v1/notes/640e8994e017cf4c08d7ad56 HTTP/1.1" 200 308 "-" "PostmanRuntime/7.31.1"

info: ::1 - - [13/Mar/2023:02:26:43 +0000] "GET /api/v1/notes/640e8994e017cf4c08d7ad56 HTTP/1.1" 200 335 "-" "PostmanRuntime/7.31.1"

info: ::1 - - [13/Mar/2023:02:26:58 +0000] "GET /api/v1/notes HTTP/1.1" 200 1092 "-" "PostmanRuntime/7.31.1"

info: ::1 - - [13/Mar/2023:02:27:17 +0000] "GET /api/v1/notes/640e409f1e4fd66ec82b3be6 HTTP/1.1" 200 335 "-" "PostmanRuntime/7.31.1"

info: ::1 - - [13/Mar/2023:02:28:39 +0000] "GET /api/v1/notes/640e409f1e4fd66ec82b3be6 HTTP/1.1" 200 335 "-" "PostmanRuntime/7.31.1"

info: ::1 - - [13/Mar/2023:02:28:42 +0000] "GET /api/v1/notes/640e409f1e4fd66ec82b3be6 HTTP/1.1" 200 335 "-" "PostmanRuntime/7.31.1"

info: ::1 - - [13/Mar/2023:02:28:50 +0000] "GET /api/v1/notes HTTP/1.1" 200 1092 "-" "PostmanRuntime/7.31.1"

info: ::1 - - [13/Mar/2023:02:29:42 +0000] "GET /api/v1/notes/640e8994e017cf4c08d7ad56 HTTP/1.1" 200 335 "-" "PostmanRuntime/7.31.1"

info: ::1 - - [13/Mar/2023:02:29:46 +0000] "GET /api/v1/notes/640e8994e017cf4c08d7ad56 HTTP/1.1" 200 335 "-" "PostmanRuntime/7.31.1"

info: ::1 - - [13/Mar/2023:02:30:13 +0000] "GET /api/v1/notes/640e41653428622220314490%0A HTTP/1.1" 200 335 "-" "PostmanRuntime/7.31.1"

info: ::1 - - [13/Mar/2023:02:30:25 +0000] "GET /api/v1/notes/640e41653428622220314490%0A HTTP/1.1" 200 335 "-" "PostmanRuntime/7.31.1"

info: ::1 - - [13/Mar/2023:02:34:04 +0000] "GET /api/v1/notes/640e41653428622220314490 HTTP/1.1" 200 312 "-" "PostmanRuntime/7.31.1"

info: ::1 - - [13/Mar/2023:02:34:08 +0000] "GET /api/v1/notes/640e41653428622220314490 HTTP/1.1" 200 312 "-" "PostmanRuntime/7.31.1"

info: ::1 - - [13/Mar/2023:02:34:11 +0000] "GET /api/v1/notes/640e41653428622220314490 HTTP/1.1" 200 312 "-" "PostmanRuntime/7.31.1"

info: ::1 - - [13/Mar/2023:02:34:13 +0000] "GET /api/v1/notes/640e41653428622220314490 HTTP/1.1" 200 312 "-" "PostmanRuntime/7.31.1"

info: ::1 - - [13/Mar/2023:02:34:14 +0000] "GET /api/v1/notes/640e41653428622220314490 HTTP/1.1" 200 312 "-" "PostmanRuntime/7.31.1"

info: ::1 - - [13/Mar/2023:02:34:24 +0000] "GET /api/v1/notes HTTP/1.1" 200 1092 "-" "PostmanRuntime/7.31.1"

info: ::1 - - [13/Mar/2023:02:34:57 +0000] "GET /api/v1/notes/640e8994e017cf4c08d7ad56 HTTP/1.1" 200 308 "-" "PostmanRuntime/7.31.1"

info: ::1 - - [13/Mar/2023:02:35:01 +0000] "GET /api/v1/notes/640e8994e017cf4c08d7ad56 HTTP/1.1" 200 308 "-" "PostmanRuntime/7.31.1"

info: ::1 - - [13/Mar/2023:02:35:03 +0000] "GET /api/v1/notes/640e8994e017cf4c08d7ad56 HTTP/1.1" 200 308 "-" "PostmanRuntime/7.31.1"

info: ::1 - - [13/Mar/2023:02:37:47 +0000] "GET /api/v1/notes/640e8994e017cf4c08d7ad56 HTTP/1.1" 200 335 "-" "PostmanRuntime/7.31.1"

info: ::1 - - [13/Mar/2023:02:38:03 +0000] "GET /api/v1/notes HTTP/1.1" 200 1092 "-" "PostmanRuntime/7.31.1"

info: ::1 - - [13/Mar/2023:02:38:48 +0000] "GET /api/v1/notes/640e409f1e4fd66ec82b3be6 HTTP/1.1" 200 307 "-" "PostmanRuntime/7.31.1"

info: ::1 - - [13/Mar/2023:02:38:52 +0000] "GET /api/v1/notes/640e409f1e4fd66ec82b3be6 HTTP/1.1" 200 334 "-" "PostmanRuntime/7.31.1"

info: ::1 - - [13/Mar/2023:02:39:04 +0000] "GET /api/v1/notes/640e8994e017cf4c08d7ad56 HTTP/1.1" 200 308 "-" "PostmanRuntime/7.31.1"

info: ::1 - - [13/Mar/2023:02:39:08 +0000] "GET /api/v1/notes/640e8994e017cf4c08d7ad56 HTTP/1.1" 200 335 "-" "PostmanRuntime/7.31.1"

info: ::1 - - [13/Mar/2023:02:41:17 +0000] "GET /api/v1/notes/640e8994e017cf4c08d7ad56 HTTP/1.1" 200 308 "-" "PostmanRuntime/7.31.1"

info: ::1 - - [13/Mar/2023:02:41:19 +0000] "GET /api/v1/notes/640e8994e017cf4c08d7ad56 HTTP/1.1" 200 335 "-" "PostmanRuntime/7.31.1"

info: ::1 - - [13/Mar/2023:02:41:22 +0000] "GET /api/v1/notes/640e8994e017cf4c08d7ad56 HTTP/1.1" 200 308 "-" "PostmanRuntime/7.31.1"

info: ::1 - - [13/Mar/2023:02:41:24 +0000] "GET /api/v1/notes/640e8994e017cf4c08d7ad56 HTTP/1.1" 200 335 "-" "PostmanRuntime/7.31.1"

info: ::1 - - [13/Mar/2023:02:41:29 +0000] "GET /api/v1/notes/640e8994e017cf4c08d7ad56 HTTP/1.1" 200 308 "-" "PostmanRuntime/7.31.1"

info: ::1 - - [13/Mar/2023:02:41:30 +0000] "GET /api/v1/notes/640e8994e017cf4c08d7ad56 HTTP/1.1" 200 335 "-" "PostmanRuntime/7.31.1"

info: ::1 - - [13/Mar/2023:02:45:29 +0000] "GET /api/v1/notes/640e8994e017cf4c08d7ad56 HTTP/1.1" 200 308 "-" "PostmanRuntime/7.31.1"

info: ::1 - - [13/Mar/2023:02:45:32 +0000] "GET /api/v1/notes/640e8994e017cf4c08d7ad56 HTTP/1.1" 200 335 "-" "PostmanRuntime/7.31.1"

info: ::1 - - [13/Mar/2023:02:45:38 +0000] "GET /api/v1/notes/640e8994e017cf4c08d7ad56 HTTP/1.1" 200 308 "-" "PostmanRuntime/7.31.1"

info: ::1 - - [13/Mar/2023:02:45:41 +0000] "GET /api/v1/notes/640e8994e017cf4c08d7ad56 HTTP/1.1" 200 335 "-" "PostmanRuntime/7.31.1"

info: ::1 - - [13/Mar/2023:02:45:46 +0000] "GET /api/v1/notes/640e8994e017cf4c08d7ad56 HTTP/1.1" 200 308 "-" "PostmanRuntime/7.31.1"

info: ::1 - - [13/Mar/2023:02:45:52 +0000] "GET /api/v1/notes/640e8994e017cf4c08d7ad56 HTTP/1.1" 200 335 "-" "PostmanRuntime/7.31.1"

info: ::1 - - [13/Mar/2023:02:46:04 +0000] "GET /api/v1/notes/640e8994e017cf4c08d7ad56 HTTP/1.1" 200 308 "-" "PostmanRuntime/7.31.1"

info: ::1 - - [13/Mar/2023:02:46:06 +0000] "GET /api/v1/notes/640e8994e017cf4c08d7ad56 HTTP/1.1" 200 335 "-" "PostmanRuntime/7.31.1"

info: ::1 - - [13/Mar/2023:02:46:07 +0000] "GET /api/v1/notes/640e8994e017cf4c08d7ad56 HTTP/1.1" 200 308 "-" "PostmanRuntime/7.31.1"

info: ::1 - - [13/Mar/2023:02:46:08 +0000] "GET /api/v1/notes/640e8994e017cf4c08d7ad56 HTTP/1.1" 200 335 "-" "PostmanRuntime/7.31.1"

info: ::1 - - [13/Mar/2023:02:46:10 +0000] "GET /api/v1/notes/640e8994e017cf4c08d7ad56 HTTP/1.1" 200 308 "-" "PostmanRuntime/7.31.1"

info: ::1 - - [13/Mar/2023:02:46:27 +0000] "GET /api/v1/notes/640e8994e017cf4c08d7ad56 HTTP/1.1" 200 335 "-" "PostmanRuntime/7.31.1"

info: ::1 - - [13/Mar/2023:02:46:28 +0000] "GET /api/v1/notes/640e8994e017cf4c08d7ad56 HTTP/1.1" 200 308 "-" "PostmanRuntime/7.31.1"

info: ::1 - - [13/Mar/2023:02:46:36 +0000] "GET /api/v1/notes/640e8994e017cf4c08d7ad56 HTTP/1.1" 200 335 "-" "PostmanRuntime/7.31.1"

info: ::1 - - [13/Mar/2023:02:46:39 +0000] "GET /api/v1/notes/640e8994e017cf4c08d7ad56 HTTP/1.1" 200 308 "-" "PostmanRuntime/7.31.1"

info: ::1 - - [13/Mar/2023:02:46:45 +0000] "GET /api/v1/notes/640e8994e017cf4c08d7ad56 HTTP/1.1" 200 335 "-" "PostmanRuntime/7.31.1"

info: ::1 - - [13/Mar/2023:02:58:36 +0000] "GET /api/v1/notes HTTP/1.1" 200 1071 "-" "PostmanRuntime/7.31.1"

info: ::1 - - [13/Mar/2023:02:58:48 +0000] "GET /api/v1/notes HTTP/1.1" 200 1092 "-" "PostmanRuntime/7.31.1"

info: ::1 - - [13/Mar/2023:02:58:56 +0000] "GET /api/v1/notes HTTP/1.1" 200 1092 "-" "PostmanRuntime/7.31.1"

info: ::1 - - [13/Mar/2023:02:59:26 +0000] "GET /api/v1/notes/640e8994e017cf4c08d7ad56 HTTP/1.1" 400 72 "-" "PostmanRuntime/7.31.1"

info: ::1 - - [13/Mar/2023:02:59:28 +0000] "GET /api/v1/notes/640e8994e017cf4c08d7ad56 HTTP/1.1" 400 72 "-" "PostmanRuntime/7.31.1"

info: ::1 - - [13/Mar/2023:02:59:30 +0000] "GET /api/v1/notes/640e8994e017cf4c08d7ad56 HTTP/1.1" 400 72 "-" "PostmanRuntime/7.31.1"

info: ::1 - - [13/Mar/2023:03:02:57 +0000] "GET /api/v1/notes/640e8994e017cf4c08d7ad56 HTTP/1.1" 400 72 "-" "PostmanRuntime/7.31.1"

info: ::1 - - [13/Mar/2023:03:02:58 +0000] "GET /api/v1/notes/640e8994e017cf4c08d7ad56 HTTP/1.1" 400 72 "-" "PostmanRuntime/7.31.1"

info: ::1 - - [13/Mar/2023:03:03:00 +0000] "GET /api/v1/notes/640e8994e017cf4c08d7ad56 HTTP/1.1" 400 72 "-" "PostmanRuntime/7.31.1"

info: ::1 - - [13/Mar/2023:03:06:47 +0000] "GET /api/v1/notes/640e8994e017cf4c08d7ad56 HTTP/1.1" 400 72 "-" "PostmanRuntime/7.31.1"

info: ::1 - - [13/Mar/2023:03:06:50 +0000] "GET /api/v1/notes/640e8994e017cf4c08d7ad56 HTTP/1.1" 400 72 "-" "PostmanRuntime/7.31.1"

info: ::1 - - [13/Mar/2023:03:06:59 +0000] "GET /api/v1/notes HTTP/1.1" 200 1092 "-" "PostmanRuntime/7.31.1"

info: ::1 - - [13/Mar/2023:03:07:14 +0000] "GET /api/v1/notes/640e409f1e4fd66ec82b3be6 HTTP/1.1" 400 72 "-" "PostmanRuntime/7.31.1"

info: ::1 - - [13/Mar/2023:03:15:53 +0000] "GET /api/v1/notes HTTP/1.1" 200 1092 "-" "PostmanRuntime/7.31.1"

info: ::1 - - [13/Mar/2023:03:16:50 +0000] "GET /api/v1/notes HTTP/1.1" 200 1092 "-" "PostmanRuntime/7.31.1"

info: ::1 - - [13/Mar/2023:05:53:45 +0000] "GET /api/v1/notes HTTP/1.1" 200 1071 "-" "PostmanRuntime/7.31.1"

info: ::1 - - [13/Mar/2023:05:53:58 +0000] "GET /api/v1/notes/640e409f1e4fd66ec82b3be6 HTTP/1.1" 400 72 "-" "PostmanRuntime/7.31.1"

info: ::1 - - [13/Mar/2023:05:56:11 +0000] "GET /api/v1/notes/640e409f1e4fd66ec82b3be6 HTTP/1.1" 400 72 "-" "PostmanRuntime/7.31.1"

info: ::1 - - [13/Mar/2023:05:56:14 +0000] "GET /api/v1/notes/640e409f1e4fd66ec82b3be6 HTTP/1.1" 400 72 "-" "PostmanRuntime/7.31.1"

info: ::1 - - [13/Mar/2023:05:56:15 +0000] "GET /api/v1/notes/640e409f1e4fd66ec82b3be6 HTTP/1.1" 400 72 "-" "PostmanRuntime/7.31.1"

info: ::1 - - [13/Mar/2023:05:57:39 +0000] "GET /api/v1/notes/640e409f1e4fd66ec82b3be6 HTTP/1.1" 400 72 "-" "PostmanRuntime/7.31.1"

info: ::1 - - [13/Mar/2023:05:57:41 +0000] "GET /api/v1/notes/640e409f1e4fd66ec82b3be6 HTTP/1.1" 400 72 "-" "PostmanRuntime/7.31.1"

info: ::1 - - [13/Mar/2023:05:59:13 +0000] "GET /api/v1/notes/640e409f1e4fd66ec82b3be6 HTTP/1.1" 400 72 "-" "PostmanRuntime/7.31.1"

info: ::1 - - [13/Mar/2023:05:59:14 +0000] "GET /api/v1/notes/640e409f1e4fd66ec82b3be6 HTTP/1.1" 400 72 "-" "PostmanRuntime/7.31.1"

info: ::1 - - [13/Mar/2023:06:03:32 +0000] "GET /api/v1/notes/640e409f1e4fd66ec82b3be6 HTTP/1.1" 400 72 "-" "PostmanRuntime/7.31.1"

info: ::1 - - [13/Mar/2023:06:07:06 +0000] "GET /api/v1/notes/640e409f1e4fd66ec82b3be6 HTTP/1.1" 400 72 "-" "PostmanRuntime/7.31.1"

info: ::1 - - [13/Mar/2023:06:07:08 +0000] "GET /api/v1/notes/640e409f1e4fd66ec82b3be6 HTTP/1.1" 400 72 "-" "PostmanRuntime/7.31.1"

info: ::1 - - [13/Mar/2023:06:13:25 +0000] "GET /api/v1/notes HTTP/1.1" 200 1071 "-" "PostmanRuntime/7.31.1"

info: ::1 - - [13/Mar/2023:06:13:31 +0000] "GET /api/v1/notes HTTP/1.1" 200 1092 "-" "PostmanRuntime/7.31.1"

info: ::1 - - [13/Mar/2023:06:13:42 +0000] "GET /api/v1/notes/640e409f1e4fd66ec82b3be6 HTTP/1.1" 400 72 "-" "PostmanRuntime/7.31.1"

info: ::1 - - [13/Mar/2023:06:13:50 +0000] "GET /api/v1/notes HTTP/1.1" 200 1092 "-" "PostmanRuntime/7.31.1"

info: ::1 - - [13/Mar/2023:06:14:03 +0000] "GET /api/v1/notes/640e409f1e4fd66ec82b3be6 HTTP/1.1" 400 72 "-" "PostmanRuntime/7.31.1"

info: ::1 - - [13/Mar/2023:06:14:53 +0000] "GET /api/v1/notes HTTP/1.1" 200 1092 "-" "PostmanRuntime/7.31.1"

info: ::1 - - [13/Mar/2023:06:14:59 +0000] "GET /api/v1/notes HTTP/1.1" 200 1092 "-" "PostmanRuntime/7.31.1"

info: ::1 - - [13/Mar/2023:06:17:53 +0000] "GET /api/v1/notes HTTP/1.1" 200 1092 "-" "PostmanRuntime/7.31.1"

info: ::1 - - [13/Mar/2023:06:18:07 +0000] "GET /api/v1/notes/640e8994e017cf4c08d7ad56 HTTP/1.1" 400 72 "-" "PostmanRuntime/7.31.1"

info: ::1 - - [13/Mar/2023:06:21:58 +0000] "GET /api/v1/notes/640e8994e017cf4c08d7ad56 HTTP/1.1" 400 72 "-" "PostmanRuntime/7.31.1"

info: ::1 - - [13/Mar/2023:06:23:21 +0000] "GET /api/v1/notes/640e8994e017cf4c08d7ad56 HTTP/1.1" 400 72 "-" "PostmanRuntime/7.31.1"

info: ::1 - - [13/Mar/2023:06:23:23 +0000] "GET /api/v1/notes/640e8994e017cf4c08d7ad56 HTTP/1.1" 400 72 "-" "PostmanRuntime/7.31.1"

info: ::1 - - [13/Mar/2023:06:24:28 +0000] "GET /api/v1/notes/640e8994e017cf4c08d7ad56 HTTP/1.1" 400 72 "-" "PostmanRuntime/7.31.1"

info: ::1 - - [13/Mar/2023:06:24:30 +0000] "GET /api/v1/notes/640e8994e017cf4c08d7ad56 HTTP/1.1" 400 72 "-" "PostmanRuntime/7.31.1"

info: ::1 - - [13/Mar/2023:06:27:09 +0000] "GET /api/v1/notes/640e8994e017cf4c08d7ad56 HTTP/1.1" 400 72 "-" "PostmanRuntime/7.31.1"

info: ::1 - - [13/Mar/2023:06:27:16 +0000] "GET /api/v1/notes/640e8994e017cf4c08d7ad56 HTTP/1.1" 400 72 "-" "PostmanRuntime/7.31.1"

info: ::1 - - [13/Mar/2023:06:27:22 +0000] "GET /api/v1/notes HTTP/1.1" 200 1793 "-" "PostmanRuntime/7.31.1"

info: ::1 - - [13/Mar/2023:06:27:29 +0000] "GET /api/v1/notes HTTP/1.1" 200 1793 "-" "PostmanRuntime/7.31.1"

info: ::1 - - [13/Mar/2023:06:27:32 +0000] "GET /api/v1/notes HTTP/1.1" 200 1793 "-" "PostmanRuntime/7.31.1"

info: ::1 - - [13/Mar/2023:06:27:34 +0000] "GET /api/v1/notes HTTP/1.1" 200 1793 "-" "PostmanRuntime/7.31.1"

info: ::1 - - [13/Mar/2023:06:28:09 +0000] "GET /api/v1/notes HTTP/1.1" 200 1092 "-" "PostmanRuntime/7.31.1"

info: ::1 - - [13/Mar/2023:06:28:14 +0000] "GET /api/v1/notes HTTP/1.1" 200 1092 "-" "PostmanRuntime/7.31.1"

info: ::1 - - [13/Mar/2023:06:28:25 +0000] "GET /api/v1/notes/640e8994e017cf4c08d7ad56 HTTP/1.1" 400 72 "-" "PostmanRuntime/7.31.1"

info: ::1 - - [13/Mar/2023:10:04:38 +0000] "GET /api/v1/notes HTTP/1.1" 200 1071 "-" "PostmanRuntime/7.31.1"

info: ::1 - - [13/Mar/2023:10:05:05 +0000] "GET /api/v1/notes HTTP/1.1" 200 1071 "-" "PostmanRuntime/7.31.1"

info: ::1 - - [13/Mar/2023:10:05:07 +0000] "GET /api/v1/notes HTTP/1.1" 200 1071 "-" "PostmanRuntime/7.31.1"

info: ::1 - - [13/Mar/2023:10:05:13 +0000] "GET /api/v1/notes HTTP/1.1" 200 1071 "-" "PostmanRuntime/7.31.1"

info: ::1 - - [13/Mar/2023:10:05:27 +0000] "GET /api/v1/notes/640e8994e017cf4c08d7ad56 HTTP/1.1" 400 72 "-" "PostmanRuntime/7.31.1"

info: ::1 - - [13/Mar/2023:10:09:48 +0000] "GET /api/v1/notes/640e8994e017cf4c08d7ad56 HTTP/1.1" 400 72 "-" "PostmanRuntime/7.31.1"

info: ::1 - - [13/Mar/2023:10:11:08 +0000] "GET /api/v1/notes/640e8994e017cf4c08d7ad56 HTTP/1.1" 400 72 "-" "PostmanRuntime/7.31.1"

info: ::1 - - [13/Mar/2023:10:13:41 +0000] "GET /api/v1/notes/640e8994e017cf4c08d7ad56 HTTP/1.1" 400 72 "-" "PostmanRuntime/7.31.1"

info: ::1 - - [13/Mar/2023:10:16:11 +0000] "GET /api/v1/notes/640e8994e017cf4c08d7ad56 HTTP/1.1" 400 72 "-" "PostmanRuntime/7.31.1"

info: ::1 - - [13/Mar/2023:10:17:45 +0000] "GET /api/v1/notes/640e8994e017cf4c08d7ad56 HTTP/1.1" 400 72 "-" "PostmanRuntime/7.31.1"

info: ::1 - - [13/Mar/2023:10:18:47 +0000] "GET /api/v1/notes/640e8994e017cf4c08d7ad56 HTTP/1.1" 200 308 "-" "PostmanRuntime/7.31.1"

info: ::1 - - [13/Mar/2023:10:19:33 +0000] "GET /api/v1/notes/640e8994e017cf4c08d7ad56 HTTP/1.1" 200 330 "-" "PostmanRuntime/7.31.1"

info: ::1 - - [13/Mar/2023:10:19:44 +0000] "GET /api/v1/notes/640e8994e017cf4c08d7ad56 HTTP/1.1" 200 330 "-" "PostmanRuntime/7.31.1"

info: ::1 - - [13/Mar/2023:10:20:23 +0000] "GET /api/v1/notes HTTP/1.1" 200 1071 "-" "PostmanRuntime/7.31.1"

info: ::1 - - [13/Mar/2023:10:20:29 +0000] "GET /api/v1/notes HTTP/1.1" 200 1071 "-" "PostmanRuntime/7.31.1"

info: ::1 - - [13/Mar/2023:10:20:48 +0000] "GET /api/v1/notes HTTP/1.1" 200 1071 "-" "PostmanRuntime/7.31.1"

info: ::1 - - [13/Mar/2023:10:22:15 +0000] "GET /api/v1/notes HTTP/1.1" 200 1071 "-" "PostmanRuntime/7.31.1"

info: ::1 - - [13/Mar/2023:10:22:17 +0000] "GET /api/v1/notes HTTP/1.1" 200 1092 "-" "PostmanRuntime/7.31.1"

info: ::1 - - [13/Mar/2023:10:33:17 +0000] "GET /api/v1/notes/640e41653428622220314490 HTTP/1.1" 400 72 "-" "PostmanRuntime/7.31.1"

info: ::1 - - [13/Mar/2023:10:33:25 +0000] "GET /api/v1/notes/640e41653428622220314490 HTTP/1.1" 400 72 "-" "PostmanRuntime/7.31.1"

info: ::1 - - [13/Mar/2023:10:33:27 +0000] "GET /api/v1/notes/640e41653428622220314490 HTTP/1.1" 400 72 "-" "PostmanRuntime/7.31.1"

info: ::1 - - [13/Mar/2023:10:33:29 +0000] "GET /api/v1/notes/640e41653428622220314490 HTTP/1.1" 400 72 "-" "PostmanRuntime/7.31.1"

info: ::1 - - [13/Mar/2023:10:36:21 +0000] "GET /api/v1/notes HTTP/1.1" 200 1092 "-" "PostmanRuntime/7.31.1"

info: ::1 - - [13/Mar/2023:10:36:27 +0000] "GET /api/v1/notes HTTP/1.1" 200 1092 "-" "PostmanRuntime/7.31.1"

info: ::1 - - [13/Mar/2023:10:36:42 +0000] "GET /api/v1/notes/640e409f1e4fd66ec82b3be6 HTTP/1.1" 400 72 "-" "PostmanRuntime/7.31.1"

info: ::1 - - [13/Mar/2023:10:38:09 +0000] "POST /api/v1/notes HTTP/1.1" 201 316 "-" "PostmanRuntime/7.31.1"

info: ::1 - - [13/Mar/2023:10:44:06 +0000] "GET /api/v1/notes HTTP/1.1" 200 1330 "-" "PostmanRuntime/7.31.1"

info: ::1 - - [13/Mar/2023:10:44:25 +0000] "GET /api/v1/notes/640efd11252ce9671816cc32 HTTP/1.1" 400 72 "-" "PostmanRuntime/7.31.1"

info: ::1 - - [13/Mar/2023:10:44:33 +0000] "GET /api/v1/notes HTTP/1.1" 200 1351 "-" "PostmanRuntime/7.31.1"

info: ::1 - - [13/Mar/2023:10:44:44 +0000] "GET /api/v1/notes//640efd11252ce9671816cc32 HTTP/1.1" 400 72 "-" "PostmanRuntime/7.31.1"

info: ::1 - - [13/Mar/2023:10:48:05 +0000] "GET /api/v1/notes//640efd11252ce9671816cc32 HTTP/1.1" 400 72 "-" "PostmanRuntime/7.31.1"

info: ::1 - - [13/Mar/2023:10:51:15 +0000] "GET /api/v1/notes//640efd11252ce9671816cc32 HTTP/1.1" 400 72 "-" "PostmanRuntime/7.31.1"

info: ::1 - - [13/Mar/2023:10:51:26 +0000] "GET /api/v1/notes//640efd11252ce9671816cc32 HTTP/1.1" 400 72 "-" "PostmanRuntime/7.31.1"

info: ::1 - - [13/Mar/2023:10:51:34 +0000] "GET /api/v1/notes/640efd11252ce9671816cc32 HTTP/1.1" 400 72 "-" "PostmanRuntime/7.31.1"

info: ::1 - - [13/Mar/2023:10:51:36 +0000] "GET /api/v1/notes/640efd11252ce9671816cc32 HTTP/1.1" 400 72 "-" "PostmanRuntime/7.31.1"

info: ::1 - - [13/Mar/2023:10:51:46 +0000] "GET /api/v1/notes HTTP/1.1" 200 1351 "-" "PostmanRuntime/7.31.1"

info: ::1 - - [13/Mar/2023:10:52:19 +0000] "GET /api/v1/notes/640efd11252ce9671816cc32 HTTP/1.1" 400 72 "-" "PostmanRuntime/7.31.1"

info: ::1 - - [13/Mar/2023:10:53:25 +0000] "GET /api/v1/notes/640efd11252ce9671816cc32 HTTP/1.1" 400 72 "-" "PostmanRuntime/7.31.1"

info: ::1 - - [13/Mar/2023:10:54:26 +0000] "GET /api/v1/notes/640efd11252ce9671816cc32 HTTP/1.1" 400 72 "-" "PostmanRuntime/7.31.1"

info: ::1 - - [13/Mar/2023:10:54:28 +0000] "GET /api/v1/notes/640efd11252ce9671816cc32 HTTP/1.1" 400 72 "-" "PostmanRuntime/7.31.1"

info: ::1 - - [13/Mar/2023:10:56:02 +0000] "GET /api/v1/notes/640efd11252ce9671816cc32 HTTP/1.1" 400 72 "-" "PostmanRuntime/7.31.1"

info: ::1 - - [13/Mar/2023:10:56:38 +0000] "POST /api/v1/notes HTTP/1.1" 201 308 "-" "PostmanRuntime/7.31.1"

info: ::1 - - [13/Mar/2023:10:58:06 +0000] "GET /api/v1/notes HTTP/1.1" 200 1351 "-" "PostmanRuntime/7.31.1"

info: ::1 - - [13/Mar/2023:10:58:38 +0000] "POST /api/v1/notes HTTP/1.1" 201 312 "-" "PostmanRuntime/7.31.1"

info: ::1 - - [13/Mar/2023:11:01:47 +0000] "POST /api/v1/notes HTTP/1.1" 201 310 "-" "PostmanRuntime/7.31.1"

info: ::1 - - [13/Mar/2023:11:01:59 +0000] "GET /api/v1/notes HTTP/1.1" 200 336 "-" "PostmanRuntime/7.31.1"

info: ::1 - - [13/Mar/2023:11:02:16 +0000] "GET /api/v1/notes HTTP/1.1" 200 336 "-" "PostmanRuntime/7.31.1"

info: ::1 - - [13/Mar/2023:11:02:59 +0000] "GET /api/v1/notes HTTP/1.1" 200 336 "-" "PostmanRuntime/7.31.1"

info: ::1 - - [13/Mar/2023:11:03:04 +0000] "GET /api/v1/notes HTTP/1.1" 200 336 "-" "PostmanRuntime/7.31.1"

info: ::1 - - [13/Mar/2023:11:03:07 +0000] "GET /api/v1/notes HTTP/1.1" 200 336 "-" "PostmanRuntime/7.31.1"

info: ::1 - - [13/Mar/2023:11:03:15 +0000] "POST /api/v1/notes HTTP/1.1" 201 309 "-" "PostmanRuntime/7.31.1"

info: ::1 - - [13/Mar/2023:11:07:51 +0000] "POST /api/v1/notes HTTP/1.1" 201 311 "-" "PostmanRuntime/7.31.1"

info: ::1 - - [13/Mar/2023:11:08:10 +0000] "POST /api/v1/notes HTTP/1.1" 201 313 "-" "PostmanRuntime/7.31.1"

info: ::1 - - [13/Mar/2023:11:09:03 +0000] "GET /api/v1/notes HTTP/1.1" - - "-" "PostmanRuntime/7.31.1"

info: ::1 - - [13/Mar/2023:11:09:21 +0000] "GET /api/v1/notes HTTP/1.1" - - "-" "PostmanRuntime/7.31.1"

info: ::1 - - [13/Mar/2023:11:09:41 +0000] "GET /api/v1/notes/640f041a32a31f7c8078963d HTTP/1.1" - - "-" "PostmanRuntime/7.31.1"

info: ::1 - - [13/Mar/2023:11:10:36 +0000] "GET /api/v1/notes/640f041a32a31f7c8078963d HTTP/1.1" 400 72 "-" "PostmanRuntime/7.31.1"

info: ::1 - - [13/Mar/2023:11:10:45 +0000] "GET /api/v1/notes HTTP/1.1" 200 1079 "-" "PostmanRuntime/7.31.1"

info: ::1 - - [13/Mar/2023:11:10:50 +0000] "GET /api/v1/notes HTTP/1.1" 200 1100 "-" "PostmanRuntime/7.31.1"

info: ::1 - - [13/Mar/2023:11:11:18 +0000] "GET /api/v1/notes/640f041a32a31f7c8078963d HTTP/1.1" 400 72 "-" "PostmanRuntime/7.31.1"

info: ::1 - - [13/Mar/2023:11:17:23 +0000] "GET /api/v1/notes/640f041a32a31f7c8078963d HTTP/1.1" 400 72 "-" "PostmanRuntime/7.31.1"

info: ::1 - - [13/Mar/2023:11:29:00 +0000] "GET /api/v1/notes/640f041a32a31f7c8078963d HTTP/1.1" 400 72 "-" "PostmanRuntime/7.31.1"

info: ::1 - - [13/Mar/2023:11:29:02 +0000] "GET /api/v1/notes/640f041a32a31f7c8078963d HTTP/1.1" 400 72 "-" "PostmanRuntime/7.31.1"

info: ::1 - - [13/Mar/2023:11:29:03 +0000] "GET /api/v1/notes/640f041a32a31f7c8078963d HTTP/1.1" 400 72 "-" "PostmanRuntime/7.31.1"

info: ::1 - - [13/Mar/2023:11:29:05 +0000] "GET /api/v1/notes/640f041a32a31f7c8078963d HTTP/1.1" 400 72 "-" "PostmanRuntime/7.31.1"

info: ::1 - - [13/Mar/2023:11:29:11 +0000] "GET /api/v1/notes HTTP/1.1" 200 1100 "-" "PostmanRuntime/7.31.1"

info: ::1 - - [13/Mar/2023:11:29:24 +0000] "GET /api/v1/notes/640f029bf520814034a94367 HTTP/1.1" 400 72 "-" "PostmanRuntime/7.31.1"

info: ::1 - - [13/Mar/2023:11:33:09 +0000] "GET /api/v1/notes/640f029bf520814034a94367 HTTP/1.1" 400 72 "-" "PostmanRuntime/7.31.1"

info: ::1 - - [13/Mar/2023:11:37:16 +0000] "GET /api/v1/notes HTTP/1.1" 200 1100 "-" "PostmanRuntime/7.31.1"

info: ::1 - - [13/Mar/2023:11:37:24 +0000] "GET /api/v1/notes/640f029bf520814034a94367 HTTP/1.1" 400 72 "-" "PostmanRuntime/7.31.1"

info: ::1 - - [13/Mar/2023:11:43:41 +0000] "GET /api/v1/notes/640f029bf520814034a94367 HTTP/1.1" 400 72 "-" "PostmanRuntime/7.31.1"

info: ::1 - - [13/Mar/2023:11:44:13 +0000] "GET /api/v1/notes/640f029bf520814034a94367 HTTP/1.1" 400 72 "-" "PostmanRuntime/7.31.1"

info: ::1 - - [13/Mar/2023:17:47:17 +0000] "POST /api/v1/user HTTP/1.1" 400 55 "-" "PostmanRuntime/7.31.1"

info: ::1 - - [13/Mar/2023:17:48:19 +0000] "POST /api/v1/user HTTP/1.1" 201 323 "-" "PostmanRuntime/7.31.1"

info: ::1 - - [13/Mar/2023:18:01:24 +0000] "POST /api/v1/user HTTP/1.1" 400 92 "-" "PostmanRuntime/7.31.1"

info: ::1 - - [13/Mar/2023:18:01:34 +0000] "POST /api/v1/user HTTP/1.1" 201 321 "-" "PostmanRuntime/7.31.1"

info: ::1 - - [13/Mar/2023:18:10:52 +0000] "POST /api/v1/user HTTP/1.1" 201 322 "-" "PostmanRuntime/7.31.1"

info: ::1 - - [13/Mar/2023:18:13:25 +0000] "POST /api/v1/user HTTP/1.1" 201 323 "-" "PostmanRuntime/7.31.1"

