info: ::1 - - [03/Mar/2023:03:37:21 +0000] "GET /api/v1/notes HTTP/1.1" 200 1179 "-" "PostmanRuntime/7.31.1"

info: ::1 - - [03/Mar/2023:03:43:23 +0000] "GET /api/v1/users/login HTTP/1.1" 404 47 "-" "PostmanRuntime/7.31.1"

info: ::1 - - [03/Mar/2023:04:01:27 +0000] "PUT /api/v1/users/login HTTP/1.1" 404 47 "-" "PostmanRuntime/7.31.1"

info: ::1 - - [03/Mar/2023:04:01:48 +0000] "GET /api/v1/notes?%2063fef10e2b04953bc8534f84 HTTP/1.1" 200 1179 "-" "PostmanRuntime/7.31.1"

info: ::1 - - [03/Mar/2023:04:02:13 +0000] "GET /api/v1/notes?/63fef10e2b04953bc8534f84 HTTP/1.1" 200 1179 "-" "PostmanRuntime/7.31.1"

info: ::1 - - [03/Mar/2023:04:02:20 +0000] "GET /api/v1/notes?/63fef10e2b04953bc8534f84 HTTP/1.1" 200 1179 "-" "PostmanRuntime/7.31.1"

info: ::1 - - [03/Mar/2023:04:03:04 +0000] "GET /api/v1/notes HTTP/1.1" 200 1179 "-" "PostmanRuntime/7.31.1"

info: ::1 - - [03/Mar/2023:04:03:11 +0000] "GET /api/v1/notes/63ff029936714b3494f49e18 HTTP/1.1" 200 268 "-" "PostmanRuntime/7.31.1"

info: ::1 - - [03/Mar/2023:04:07:48 +0000] "GET /api/v1/notes HTTP/1.1" 200 1179 "-" "PostmanRuntime/7.31.1"

info: ::1 - - [03/Mar/2023:04:08:26 +0000] "GET /api/v1/notes HTTP/1.1" 400 54 "-" "PostmanRuntime/7.31.1"

info: ::1 - - [03/Mar/2023:04:08:44 +0000] "GET /api/v1/notes HTTP/1.1" 200 1179 "-" "PostmanRuntime/7.31.1"

info: ::1 - - [03/Mar/2023:04:09:10 +0000] "GET /api/v1/notes/63ff034936714b3494f49e21 HTTP/1.1" 400 54 "-" "PostmanRuntime/7.31.1"

info: ::1 - - [03/Mar/2023:04:09:15 +0000] "GET /api/v1/notes/63ff034936714b3494f49e21 HTTP/1.1" 200 310 "-" "PostmanRuntime/7.31.1"

info: ::1 - - [03/Mar/2023:04:30:45 +0000] "GET /api/v1/notes HTTP/1.1" 200 1179 "-" "PostmanRuntime/7.31.1"

info: ::1 - - [03/Mar/2023:06:26:40 +0000] "POST /api/v1/users/login HTTP/1.1" 400 54 "-" "PostmanRuntime/7.31.1"

info: ::1 - - [03/Mar/2023:06:26:52 +0000] "POST /api/v1/users/login HTTP/1.1" 200 249 "-" "PostmanRuntime/7.31.1"

info: ::1 - - [03/Mar/2023:06:26:55 +0000] "POST /api/v1/users/login HTTP/1.1" 200 249 "-" "PostmanRuntime/7.31.1"

info: ::1 - - [03/Mar/2023:06:27:23 +0000] "POST /api/v1/notes HTTP/1.1" 500 56 "-" "PostmanRuntime/7.31.1"

info: ::1 - - [03/Mar/2023:06:27:32 +0000] "GET /api/v1/notes HTTP/1.1" 200 1179 "-" "PostmanRuntime/7.31.1"

info: ::1 - - [03/Mar/2023:06:29:19 +0000] "GET /api/v1/notes/64005f4daed89246482cd036 HTTP/1.1" 200 290 "-" "PostmanRuntime/7.31.1"

info: ::1 - - [03/Mar/2023:06:40:04 +0000] "GET /api/v1/notes/64005f4daed89246482cd036 HTTP/1.1" 200 290 "-" "PostmanRuntime/7.31.1"

info: ::1 - - [03/Mar/2023:06:40:13 +0000] "GET /api/v1/notes HTTP/1.1" 200 1179 "-" "PostmanRuntime/7.31.1"

