info: ::1 - - [01/Mar/2023:04:42:09 +0000] "POST /api/v1/users/signup HTTP/1.1" - - "-" "PostmanRuntime/7.31.1"

info: ::1 - - [01/Mar/2023:04:43:38 +0000] "POST /api/v1/users/login HTTP/1.1" - - "-" "PostmanRuntime/7.31.1"

info: ::1 - - [01/Mar/2023:04:45:49 +0000] "POST /api/v1/users/login HTTP/1.1" - - "-" "PostmanRuntime/7.31.1"

info: ::1 - - [01/Mar/2023:04:47:27 +0000] "POST /api/v1/users/signup HTTP/1.1" - - "-" "PostmanRuntime/7.31.1"

info: ::1 - - [01/Mar/2023:04:48:00 +0000] "POST /api/v1/users/signup HTTP/1.1" 200 322 "-" "PostmanRuntime/7.31.1"

info: ::1 - - [01/Mar/2023:04:49:01 +0000] "POST /api/v1/users/login HTTP/1.1" 400 56 "-" "PostmanRuntime/7.31.1"

info: ::1 - - [01/Mar/2023:04:49:22 +0000] "POST /api/v1/users/login HTTP/1.1" 400 56 "-" "PostmanRuntime/7.31.1"

info: ::1 - - [01/Mar/2023:04:49:46 +0000] "POST /api/v1/users/login HTTP/1.1" 500 72 "-" "PostmanRuntime/7.31.1"

info: ::1 - - [01/Mar/2023:04:55:36 +0000] "POST /api/v1/users/login HTTP/1.1" 500 52 "-" "PostmanRuntime/7.31.1"

info: ::1 - - [01/Mar/2023:05:05:06 +0000] "POST /api/v1/users/login HTTP/1.1" 401 25 "-" "PostmanRuntime/7.31.1"

info: ::1 - - [01/Mar/2023:05:05:28 +0000] "POST /api/v1/users/login HTTP/1.1" 401 25 "-" "PostmanRuntime/7.31.1"

info: ::1 - - [01/Mar/2023:05:06:30 +0000] "POST /api/v1/users/login HTTP/1.1" 500 52 "-" "PostmanRuntime/7.31.1"

info: ::1 - - [01/Mar/2023:05:07:10 +0000] "POST /api/v1/users/login HTTP/1.1" 500 52 "-" "PostmanRuntime/7.31.1"

info: ::1 - - [01/Mar/2023:05:07:12 +0000] "POST /api/v1/users/login HTTP/1.1" 500 52 "-" "PostmanRuntime/7.31.1"

info: ::1 - - [01/Mar/2023:05:07:14 +0000] "POST /api/v1/users/login HTTP/1.1" 500 52 "-" "PostmanRuntime/7.31.1"

info: ::1 - - [01/Mar/2023:06:18:50 +0000] "POST /api/v1/users/signup HTTP/1.1" 400 55 "-" "PostmanRuntime/7.31.1"

info: ::1 - - [01/Mar/2023:06:19:11 +0000] "POST /api/v1/users/signup HTTP/1.1" 200 322 "-" "PostmanRuntime/7.31.1"

info: ::1 - - [01/Mar/2023:06:19:39 +0000] "POST /api/v1/users/login HTTP/1.1" 500 52 "-" "PostmanRuntime/7.31.1"

info: ::1 - - [01/Mar/2023:06:30:20 +0000] "POST /api/v1/notes/ HTTP/1.1" 500 62 "-" "PostmanRuntime/7.31.1"

info: ::1 - - [01/Mar/2023:06:30:38 +0000] "POST /api/v1/notes/ HTTP/1.1" 201 232 "-" "PostmanRuntime/7.31.1"

info: ::1 - - [01/Mar/2023:06:32:14 +0000] "POST /api/v1/users/signup HTTP/1.1" 200 322 "-" "PostmanRuntime/7.31.1"

info: ::1 - - [01/Mar/2023:06:32:37 +0000] "POST /api/v1/users/signup HTTP/1.1" 500 60 "-" "PostmanRuntime/7.31.1"

info: ::1 - - [01/Mar/2023:06:32:50 +0000] "POST /api/v1/users/login HTTP/1.1" 500 52 "-" "PostmanRuntime/7.31.1"

info: ::1 - - [01/Mar/2023:06:35:23 +0000] "POST /api/v1/users/login HTTP/1.1" 400 60 "-" "PostmanRuntime/7.31.1"

info: ::1 - - [01/Mar/2023:06:35:56 +0000] "POST /api/v1/users/login HTTP/1.1" 400 60 "-" "PostmanRuntime/7.31.1"

info: ::1 - - [01/Mar/2023:06:35:59 +0000] "POST /api/v1/users/login HTTP/1.1" 400 60 "-" "PostmanRuntime/7.31.1"

info: ::1 - - [01/Mar/2023:06:36:01 +0000] "POST /api/v1/users/login HTTP/1.1" 400 60 "-" "PostmanRuntime/7.31.1"

info: ::1 - - [01/Mar/2023:06:59:03 +0000] "POST /api/v1/users/login HTTP/1.1" 500 52 "-" "PostmanRuntime/7.31.1"

info: ::1 - - [01/Mar/2023:07:02:51 +0000] "POST /api/v1/users/login HTTP/1.1" 500 52 "-" "PostmanRuntime/7.31.1"

info: ::1 - - [01/Mar/2023:07:10:28 +0000] "POST /api/v1/users/login HTTP/1.1" 400 15 "-" "PostmanRuntime/7.31.1"

info: ::1 - - [01/Mar/2023:07:11:00 +0000] "POST /api/v1/users/login HTTP/1.1" 400 15 "-" "PostmanRuntime/7.31.1"

info: ::1 - - [01/Mar/2023:07:11:14 +0000] "POST /api/v1/users/login HTTP/1.1" 400 15 "-" "PostmanRuntime/7.31.1"

info: ::1 - - [01/Mar/2023:07:14:28 +0000] "POST /api/v1/users/login HTTP/1.1" 400 89 "-" "PostmanRuntime/7.31.1"

info: ::1 - - [01/Mar/2023:07:14:43 +0000] "POST /api/v1/users/login HTTP/1.1" 400 89 "-" "PostmanRuntime/7.31.1"

info: ::1 - - [01/Mar/2023:07:21:25 +0000] "POST /api/v1/users/login HTTP/1.1" 400 56 "-" "PostmanRuntime/7.31.1"

info: ::1 - - [01/Mar/2023:07:22:26 +0000] "POST /api/v1/users/login HTTP/1.1" 400 60 "-" "PostmanRuntime/7.31.1"

info: ::1 - - [01/Mar/2023:07:24:33 +0000] "POST /api/v1/users/login HTTP/1.1" 200 249 "-" "PostmanRuntime/7.31.1"

info: ::1 - - [01/Mar/2023:07:27:35 +0000] "POST /api/v1/users/login HTTP/1.1" 200 249 "-" "PostmanRuntime/7.31.1"

info: ::1 - - [01/Mar/2023:07:27:39 +0000] "POST /api/v1/users/login HTTP/1.1" 200 249 "-" "PostmanRuntime/7.31.1"

info: ::1 - - [01/Mar/2023:07:32:56 +0000] "POST /api/v1/users/login HTTP/1.1" 200 249 "-" "PostmanRuntime/7.31.1"

info: ::1 - - [01/Mar/2023:07:32:58 +0000] "POST /api/v1/users/login HTTP/1.1" 200 249 "-" "PostmanRuntime/7.31.1"

info: ::1 - - [01/Mar/2023:07:33:20 +0000] "POST /api/v1/users/login HTTP/1.1" 200 249 "-" "PostmanRuntime/7.31.1"

info: ::1 - - [01/Mar/2023:07:33:27 +0000] "POST /api/v1/users/login HTTP/1.1" 400 57 "-" "PostmanRuntime/7.31.1"

info: ::1 - - [01/Mar/2023:07:33:35 +0000] "POST /api/v1/users/login HTTP/1.1" 200 249 "-" "PostmanRuntime/7.31.1"

info: ::1 - - [01/Mar/2023:07:36:17 +0000] "POST /api/v1/users/login HTTP/1.1" 200 249 "-" "PostmanRuntime/7.31.1"

info: ::1 - - [01/Mar/2023:07:40:01 +0000] "POST /api/v1/notes/ HTTP/1.1" 400 54 "-" "PostmanRuntime/7.31.1"

info: ::1 - - [01/Mar/2023:07:40:10 +0000] "POST /api/v1/notes/ HTTP/1.1" 201 240 "-" "PostmanRuntime/7.31.1"

info: ::1 - - [01/Mar/2023:07:45:29 +0000] "POST /api/v1/notes/ HTTP/1.1" 201 240 "-" "PostmanRuntime/7.31.1"

info: ::1 - - [01/Mar/2023:07:46:15 +0000] "POST /api/v1/users/signup HTTP/1.1" 400 55 "-" "PostmanRuntime/7.31.1"

info: ::1 - - [01/Mar/2023:07:46:40 +0000] "POST /api/v1/users/signup HTTP/1.1" 400 92 "-" "PostmanRuntime/7.31.1"

info: ::1 - - [01/Mar/2023:07:46:49 +0000] "POST /api/v1/users/signup HTTP/1.1" 200 322 "-" "PostmanRuntime/7.31.1"

info: ::1 - - [01/Mar/2023:07:47:09 +0000] "POST /api/v1/users/login HTTP/1.1" 400 48 "-" "PostmanRuntime/7.31.1"

info: ::1 - - [01/Mar/2023:07:47:22 +0000] "POST /api/v1/users/login HTTP/1.1" 400 45 "-" "PostmanRuntime/7.31.1"

info: ::1 - - [01/Mar/2023:07:47:30 +0000] "POST /api/v1/users/login HTTP/1.1" 200 249 "-" "PostmanRuntime/7.31.1"

info: ::1 - - [01/Mar/2023:07:48:06 +0000] "POST /api/v1/notes/ HTTP/1.1" 500 56 "-" "PostmanRuntime/7.31.1"

info: ::1 - - [01/Mar/2023:07:48:25 +0000] "POST /api/v1/notes/ HTTP/1.1" 201 240 "-" "PostmanRuntime/7.31.1"

info: ::1 - - [01/Mar/2023:07:54:53 +0000] "POST /api/v1/notes/ HTTP/1.1" 201 240 "-" "PostmanRuntime/7.31.1"

info: ::1 - - [01/Mar/2023:07:56:09 +0000] "POST /api/v1/login HTTP/1.1" 404 47 "-" "PostmanRuntime/7.31.1"

info: ::1 - - [01/Mar/2023:07:56:57 +0000] "POST /api/v1/login HTTP/1.1" 404 47 "-" "PostmanRuntime/7.31.1"

info: ::1 - - [01/Mar/2023:07:57:39 +0000] "POST /api/v1/login HTTP/1.1" 404 47 "-" "PostmanRuntime/7.31.1"

info: ::1 - - [01/Mar/2023:07:59:11 +0000] "POST /api/v1/signup HTTP/1.1" 404 47 "-" "PostmanRuntime/7.31.1"

info: ::1 - - [01/Mar/2023:07:59:15 +0000] "POST /api/v1/signup HTTP/1.1" 404 47 "-" "PostmanRuntime/7.31.1"

info: ::1 - - [01/Mar/2023:07:59:32 +0000] "POST /api/v1/signup HTTP/1.1" 404 47 "-" "PostmanRuntime/7.31.1"

info: ::1 - - [01/Mar/2023:08:00:28 +0000] "POST /api/v1/users/signup HTTP/1.1" 400 92 "-" "PostmanRuntime/7.31.1"

info: ::1 - - [01/Mar/2023:08:00:45 +0000] "POST /api/v1/users/signup HTTP/1.1" 400 55 "-" "PostmanRuntime/7.31.1"

info: ::1 - - [01/Mar/2023:08:00:53 +0000] "POST /api/v1/users/signup HTTP/1.1" 400 55 "-" "PostmanRuntime/7.31.1"

info: ::1 - - [01/Mar/2023:08:00:58 +0000] "POST /api/v1/users/signup HTTP/1.1" 400 55 "-" "PostmanRuntime/7.31.1"

info: ::1 - - [01/Mar/2023:08:01:08 +0000] "POST /api/v1/users/signup HTTP/1.1" 200 323 "-" "PostmanRuntime/7.31.1"

info: ::1 - - [01/Mar/2023:08:01:26 +0000] "POST /api/v1/users/login HTTP/1.1" 400 54 "-" "PostmanRuntime/7.31.1"

info: ::1 - - [01/Mar/2023:08:02:05 +0000] "POST /api/v1/users/login HTTP/1.1" 400 89 "-" "PostmanRuntime/7.31.1"

info: ::1 - - [01/Mar/2023:08:03:05 +0000] "POST /api/v1/users/login HTTP/1.1" 400 89 "-" "PostmanRuntime/7.31.1"

info: ::1 - - [01/Mar/2023:08:03:46 +0000] "POST /api/v1/users/login HTTP/1.1" 400 56 "-" "PostmanRuntime/7.31.1"

info: ::1 - - [01/Mar/2023:08:04:04 +0000] "POST /api/v1/users/login HTTP/1.1" 500 55 "-" "PostmanRuntime/7.31.1"

info: ::1 - - [01/Mar/2023:08:04:30 +0000] "POST /api/v1/users/login HTTP/1.1" 200 250 "-" "PostmanRuntime/7.31.1"

info: ::1 - - [01/Mar/2023:08:04:35 +0000] "POST /api/v1/users/login HTTP/1.1" 200 250 "-" "PostmanRuntime/7.31.1"

info: ::1 - - [01/Mar/2023:08:05:10 +0000] "POST /api/v1/users/login HTTP/1.1" 400 48 "-" "PostmanRuntime/7.31.1"

info: ::1 - - [01/Mar/2023:08:05:19 +0000] "POST /api/v1/users/login HTTP/1.1" 200 249 "-" "PostmanRuntime/7.31.1"

info: ::1 - - [01/Mar/2023:08:06:23 +0000] "POST /api/v1/users/login HTTP/1.1" 200 249 "-" "PostmanRuntime/7.31.1"

info: ::1 - - [01/Mar/2023:08:06:26 +0000] "POST /api/v1/users/login HTTP/1.1" 200 249 "-" "PostmanRuntime/7.31.1"

info: ::1 - - [01/Mar/2023:08:07:19 +0000] "POST /api/v1/notes/ HTTP/1.1" 201 240 "-" "PostmanRuntime/7.31.1"

info: ::1 - - [01/Mar/2023:11:25:25 +0000] "POST /api/v1/notes/:_id HTTP/1.1" 404 47 "-" "PostmanRuntime/7.31.1"

info: ::1 - - [01/Mar/2023:11:26:12 +0000] "GET /api/v1/notes/:_id HTTP/1.1" 500 126 "-" "PostmanRuntime/7.31.1"

info: ::1 - - [01/Mar/2023:11:26:24 +0000] "GET /api/v1/notes/:_id HTTP/1.1" 500 126 "-" "PostmanRuntime/7.31.1"

info: ::1 - - [01/Mar/2023:11:30:50 +0000] "GET /api/v1/notes HTTP/1.1" 200 1149 "-" "PostmanRuntime/7.31.1"

info: ::1 - - [01/Mar/2023:11:42:12 +0000] "GET /api/v1/notes HTTP/1.1" 200 1143 "-" "PostmanRuntime/7.31.1"

info: ::1 - - [01/Mar/2023:11:42:16 +0000] "GET /api/v1/notes HTTP/1.1" 200 1143 "-" "PostmanRuntime/7.31.1"

info: ::1 - - [01/Mar/2023:11:46:10 +0000] "GET /api/v1/notes HTTP/1.1" 200 1143 "-" "PostmanRuntime/7.31.1"

info: ::1 - - [01/Mar/2023:12:43:14 +0000] "GET /api/v1/users/login HTTP/1.1" 404 47 "-" "PostmanRuntime/7.31.1"

info: ::1 - - [01/Mar/2023:12:43:51 +0000] "GET /api/v1/users/signup HTTP/1.1" 404 47 "-" "PostmanRuntime/7.31.1"

info: ::1 - - [01/Mar/2023:12:44:11 +0000] "POST /api/v1/users/signup HTTP/1.1" 200 322 "-" "PostmanRuntime/7.31.1"

info: ::1 - - [01/Mar/2023:12:44:22 +0000] "POST /api/v1/users/signup HTTP/1.1" 500 60 "-" "PostmanRuntime/7.31.1"

info: ::1 - - [01/Mar/2023:12:44:32 +0000] "POST /api/v1/users/login HTTP/1.1" 200 249 "-" "PostmanRuntime/7.31.1"

info: ::1 - - [01/Mar/2023:12:46:33 +0000] "GET /api/v1/notes HTTP/1.1" 200 1143 "-" "PostmanRuntime/7.31.1"

info: ::1 - - [01/Mar/2023:12:47:24 +0000] "GET /api/v1/notes HTTP/1.1" 200 1143 "-" "PostmanRuntime/7.31.1"

info: ::1 - - [01/Mar/2023:13:01:04 +0000] "GET /api/v1/notes/63ff04cd36fe151d74f166dc HTTP/1.1" 200 240 "-" "PostmanRuntime/7.31.1"

info: ::1 - - [01/Mar/2023:13:32:37 +0000] "PUT /api/v1/notes/63ff04cd36fe151d74f166dc HTTP/1.1" 202 240 "-" "PostmanRuntime/7.31.1"

info: ::1 - - [01/Mar/2023:13:33:22 +0000] "PUT /api/v1/notes/63ff04cd36fe151d74f166dc HTTP/1.1" 202 263 "-" "PostmanRuntime/7.31.1"

info: ::1 - - [01/Mar/2023:13:42:00 +0000] "DELETE /api/v1/notes/63ff04cd36fe151d74f166dc HTTP/1.1" 500 61 "-" "PostmanRuntime/7.31.1"

info: ::1 - - [01/Mar/2023:13:42:16 +0000] "DELETE /api/v1/notes/63ff04cd36fe151d74f166dc HTTP/1.1" 500 61 "-" "PostmanRuntime/7.31.1"

info: ::1 - - [01/Mar/2023:13:43:23 +0000] "DELETE /api/v1/notes/63ff04cd36fe151d74f166dc HTTP/1.1" 200 60 "-" "PostmanRuntime/7.31.1"

info: ::1 - - [01/Mar/2023:13:43:33 +0000] "GET /api/v1/notes/63ff04cd36fe151d74f166dc HTTP/1.1" 200 62 "-" "PostmanRuntime/7.31.1"

info: ::1 - - [01/Mar/2023:13:50:51 +0000] "GET /api/v1/notes HTTP/1.1" 200 960 "-" "PostmanRuntime/7.31.1"

info: ::1 - - [01/Mar/2023:13:51:11 +0000] "GET /api/v1/notes/63ff015a3224934a8c1714e2 HTTP/1.1" 200 240 "-" "PostmanRuntime/7.31.1"

info: ::1 - - [01/Mar/2023:13:51:20 +0000] "GET /api/v1/notes/63ff015a3224934a8c1714e1 HTTP/1.1" 200 62 "-" "PostmanRuntime/7.31.1"

info: ::1 - - [01/Mar/2023:13:51:39 +0000] "GET /api/v1/notes/63ff015a3224934a8c1714e12 HTTP/1.1" 400 58 "-" "PostmanRuntime/7.31.1"

info: ::1 - - [01/Mar/2023:13:51:57 +0000] "GET /api/v1/notes/63ff015a3224934a8c1714e2 HTTP/1.1" 200 240 "-" "PostmanRuntime/7.31.1"

info: ::1 - - [01/Mar/2023:13:53:34 +0000] "GET /api/v1/notes/63ff015a3224934a8c1714e2 HTTP/1.1" 200 240 "-" "PostmanRuntime/7.31.1"

info: ::1 - - [01/Mar/2023:13:53:40 +0000] "GET /api/v1/notes/63ff015a3224934a8c1714e2123 HTTP/1.1" 500 149 "-" "PostmanRuntime/7.31.1"

info: ::1 - - [01/Mar/2023:13:53:54 +0000] "GET /api/v1/notes/63ff015a3224934a8c1714r1 HTTP/1.1" 500 146 "-" "PostmanRuntime/7.31.1"

info: ::1 - - [01/Mar/2023:13:54:09 +0000] "GET /api/v1/notes/63ff015a3224934a8c1714e2 HTTP/1.1" 200 240 "-" "PostmanRuntime/7.31.1"

info: ::1 - - [01/Mar/2023:13:54:46 +0000] "GET /api/v1/notes/63ff015a3224934a8c1714e7 HTTP/1.1" 500 68 "-" "PostmanRuntime/7.31.1"

info: ::1 - - [01/Mar/2023:13:55:00 +0000] "GET /api/v1/notes/63ff015a3224934a8c1714 HTTP/1.1" 500 144 "-" "PostmanRuntime/7.31.1"

info: ::1 - - [01/Mar/2023:13:55:07 +0000] "GET /api/v1/notes/63ff015a3224934a8c1714e3 HTTP/1.1" 500 68 "-" "PostmanRuntime/7.31.1"

info: ::1 - - [01/Mar/2023:13:55:12 +0000] "GET /api/v1/notes/63ff015a3224934a8c1714e2 HTTP/1.1" 200 240 "-" "PostmanRuntime/7.31.1"

info: ::1 - - [01/Mar/2023:14:03:23 +0000] "PUT /api/v1/notes/63ff015a3224934a8c1714e4 HTTP/1.1" 500 49 "-" "PostmanRuntime/7.31.1"

info: ::1 - - [01/Mar/2023:14:03:33 +0000] "PUT /api/v1/notes/63ff015a3224934a8c1714e2 HTTP/1.1" 202 240 "-" "PostmanRuntime/7.31.1"

info: ::1 - - [01/Mar/2023:14:04:01 +0000] "GET /api/v1/notes/63ff015a3224934a8c1714e2 HTTP/1.1" 200 240 "-" "PostmanRuntime/7.31.1"

info: ::1 - - [01/Mar/2023:14:04:07 +0000] "GET /api/v1/notes/63ff015a3224934a8c1714e4 HTTP/1.1" 500 68 "-" "PostmanRuntime/7.31.1"

info: ::1 - - [01/Mar/2023:14:05:29 +0000] "GET /api/v1/notes/63ff015a3224934a8c1714e4 HTTP/1.1" 500 68 "-" "PostmanRuntime/7.31.1"

info: ::1 - - [01/Mar/2023:14:05:42 +0000] "PUT /api/v1/notes/63ff015a3224934a8c1714e4 HTTP/1.1" 500 61 "-" "PostmanRuntime/7.31.1"

info: ::1 - - [01/Mar/2023:14:06:00 +0000] "DELETE /api/v1/notes/63ff015a3224934a8c1714e4 HTTP/1.1" 200 60 "-" "PostmanRuntime/7.31.1"

info: ::1 - - [01/Mar/2023:14:07:48 +0000] "DELETE /api/v1/notes/63ff015a3224934a8c1714e4 HTTP/1.1" 500 61 "-" "PostmanRuntime/7.31.1"

info: ::1 - - [01/Mar/2023:14:07:56 +0000] "DELETE /api/v1/notes/63ff015a3224934a8c1714e2 HTTP/1.1" 500 61 "-" "PostmanRuntime/7.31.1"

info: ::1 - - [01/Mar/2023:14:08:01 +0000] "DELETE /api/v1/notes/63ff015a3224934a8c1714e2 HTTP/1.1" 500 61 "-" "PostmanRuntime/7.31.1"

info: ::1 - - [01/Mar/2023:14:08:08 +0000] "DELETE /api/v1/notes/63ff015a3224934a8c1714e2 HTTP/1.1" 500 61 "-" "PostmanRuntime/7.31.1"

info: ::1 - - [01/Mar/2023:14:08:45 +0000] "DELETE /api/v1/notes/63ff015a3224934a8c1714e2 HTTP/1.1" 500 61 "-" "PostmanRuntime/7.31.1"

info: ::1 - - [01/Mar/2023:14:09:31 +0000] "DELETE /api/v1/notes/63ff015a3224934a8c1714e4 HTTP/1.1" 200 60 "-" "PostmanRuntime/7.31.1"

info: ::1 - - [01/Mar/2023:14:09:38 +0000] "DELETE /api/v1/notes/63ff015a3224934a8c1714e2 HTTP/1.1" 200 60 "-" "PostmanRuntime/7.31.1"

info: ::1 - - [01/Mar/2023:14:09:47 +0000] "GET /api/v1/notes/63ff015a3224934a8c1714e2 HTTP/1.1" 500 68 "-" "PostmanRuntime/7.31.1"

info: ::1 - - [01/Mar/2023:14:09:56 +0000] "PUT /api/v1/notes/63ff015a3224934a8c1714e2 HTTP/1.1" 500 61 "-" "PostmanRuntime/7.31.1"

info: ::1 - - [01/Mar/2023:14:10:04 +0000] "POST /api/v1/notes/63ff015a3224934a8c1714e2 HTTP/1.1" 404 47 "-" "PostmanRuntime/7.31.1"

info: ::1 - - [01/Mar/2023:15:13:42 +0000] "POST /api/v1/notes/63ff029936714b3494f49e18 HTTP/1.1" 404 47 "-" "PostmanRuntime/7.31.1"

info: ::1 - - [01/Mar/2023:15:14:02 +0000] "GET /api/v1/notes/63ff029936714b3494f49e18 HTTP/1.1" 200 240 "-" "PostmanRuntime/7.31.1"

info: ::1 - - [01/Mar/2023:15:14:38 +0000] "GET /api/v1/notes/63ff029936714b3494f49e18 HTTP/1.1" 400 61 "-" "PostmanRuntime/7.31.1"

info: ::1 - - [01/Mar/2023:15:15:03 +0000] "GET /api/v1/notes/63ff029936714b3494f49e18 HTTP/1.1" 400 54 "-" "PostmanRuntime/7.31.1"

info: ::1 - - [01/Mar/2023:15:15:27 +0000] "PUT /api/v1/notes/63ff029936714b3494f49e18 HTTP/1.1" 400 54 "-" "PostmanRuntime/7.31.1"

info: ::1 - - [01/Mar/2023:15:15:33 +0000] "PUT /api/v1/notes/63ff029936714b3494f49e18 HTTP/1.1" 202 240 "-" "PostmanRuntime/7.31.1"

info: ::1 - - [01/Mar/2023:15:16:13 +0000] "PUT /api/v1/notes/63ff029936714b3494f49e18 HTTP/1.1" 202 238 "-" "PostmanRuntime/7.31.1"

info: ::1 - - [01/Mar/2023:15:17:22 +0000] "PUT /api/v1/notes/63ff029936714b3494f49e18 HTTP/1.1" 202 238 "-" "PostmanRuntime/7.31.1"

info: ::1 - - [01/Mar/2023:15:17:29 +0000] "PUT /api/v1/notes/63ff029936714b3494f49e19 HTTP/1.1" 500 61 "-" "PostmanRuntime/7.31.1"

info: ::1 - - [01/Mar/2023:15:17:39 +0000] "GET /api/v1/notes/63ff029936714b3494f49e18 HTTP/1.1" 200 238 "-" "PostmanRuntime/7.31.1"

