info: ::1 - - [19/Apr/2023:18:30:09 +0000] "GET /api/v1/notes/644031503f25e04144578f6c HTTP/1.1" 400 72 "-" "PostmanRuntime/7.32.2"

info: ::1 - - [19/Apr/2023:18:31:31 +0000] "GET /api/v1/notes/644031503f25e04144578f6c HTTP/1.1" 200 301 "-" "PostmanRuntime/7.32.2"

info: ::1 - - [19/Apr/2023:18:34:46 +0000] "GET /api/v1/notes/644031503f25e04144578f6c HTTP/1.1" 200 323 "-" "PostmanRuntime/7.32.2"

info: ::1 - - [19/Apr/2023:18:35:28 +0000] "POST /api/v1/notes HTTP/1.1" 201 305 "-" "PostmanRuntime/7.32.2"

info: ::1 - - [19/Apr/2023:18:35:33 +0000] "GET /api/v1/notes HTTP/1.1" 200 802 "-" "PostmanRuntime/7.32.2"

info: ::1 - - [19/Apr/2023:18:35:37 +0000] "GET /api/v1/notes HTTP/1.1" 200 823 "-" "PostmanRuntime/7.32.2"

info: ::1 - - [19/Apr/2023:18:35:51 +0000] "GET /api/v1/notes/64403470cfcc9d16dc589a9d HTTP/1.1" 400 72 "-" "PostmanRuntime/7.32.2"

info: ::1 - - [19/Apr/2023:18:35:56 +0000] "GET /api/v1/notes/64403470cfcc9d16dc589a9d HTTP/1.1" 400 72 "-" "PostmanRuntime/7.32.2"

info: ::1 - - [19/Apr/2023:18:36:05 +0000] "GET /api/v1/notes HTTP/1.1" 200 823 "-" "PostmanRuntime/7.32.2"

info: ::1 - - [19/Apr/2023:18:36:37 +0000] "GET /api/v1/notes/64403470cfcc9d16dc589a9d HTTP/1.1" 400 72 "-" "PostmanRuntime/7.32.2"

info: ::1 - - [19/Apr/2023:18:39:34 +0000] "GET /api/v1/notes/64403470cfcc9d16dc589a9d HTTP/1.1" 200 305 "-" "PostmanRuntime/7.32.2"

info: ::1 - - [19/Apr/2023:18:39:40 +0000] "GET /api/v1/notes/64403470cfcc9d16dc589a9d HTTP/1.1" 200 327 "-" "PostmanRuntime/7.32.2"

info: ::1 - - [19/Apr/2023:18:40:10 +0000] "GET /api/v1/notes/64403470cfcc9d16dc589a9d1 HTTP/1.1" 400 60 "-" "PostmanRuntime/7.32.2"

info: ::1 - - [19/Apr/2023:18:40:18 +0000] "GET /api/v1/notes/64403470cfcc9d16dc589a9d HTTP/1.1" 200 327 "-" "PostmanRuntime/7.32.2"

info: ::1 - - [19/Apr/2023:18:40:22 +0000] "GET /api/v1/notes/64403470cfcc9d16dc589a91d HTTP/1.1" 400 60 "-" "PostmanRuntime/7.32.2"

info: ::1 - - [19/Apr/2023:18:40:28 +0000] "GET /api/v1/notes/64403470cfcc9d16dc589a9d HTTP/1.1" 200 327 "-" "PostmanRuntime/7.32.2"

info: ::1 - - [19/Apr/2023:18:43:00 +0000] "GET /api/v1/notes/64403470cfcc9d16dc589a9d HTTP/1.1" 200 327 "-" "PostmanRuntime/7.32.2"

info: ::1 - - [19/Apr/2023:18:43:07 +0000] "GET /api/v1/notes HTTP/1.1" 200 823 "-" "PostmanRuntime/7.32.2"

info: ::1 - - [19/Apr/2023:18:52:11 +0000] "PUT /api/v1/notes/64403470cfcc9d16dc589a9d HTTP/1.1" 202 305 "-" "PostmanRuntime/7.32.2"

info: ::1 - - [19/Apr/2023:18:56:27 +0000] "PUT /api/v1/notes/64403470cfcc9d16dc589a9d HTTP/1.1" 202 305 "-" "PostmanRuntime/7.32.2"

info: ::1 - - [19/Apr/2023:18:57:46 +0000] "PUT /api/v1/notes/64403470cfcc9d16dc589a9d HTTP/1.1" 202 305 "-" "PostmanRuntime/7.32.2"

info: ::1 - - [19/Apr/2023:18:58:25 +0000] "PUT /api/v1/notes/64403470cfcc9d16dc589a9d HTTP/1.1" 202 307 "-" "PostmanRuntime/7.32.2"

info: ::1 - - [19/Apr/2023:19:02:27 +0000] "DELETE /api/v1/notes/64403470cfcc9d16dc589a9d HTTP/1.1" 200 60 "-" "PostmanRuntime/7.32.2"

