info: Server started at http://localhost:4000/api/v1/ {"timestamp":"2023-03-08T02:48:03.686Z"}
info: Connected to the database. {"timestamp":"2023-03-08T02:48:03.728Z"}
info: Server started at http://localhost:4000/api/v1/ {"timestamp":"2023-03-08T02:49:06.868Z"}
info: Connected to the database. {"timestamp":"2023-03-08T02:49:06.944Z"}
info: Server started at http://localhost:4000/api/v1/ {"timestamp":"2023-03-08T02:54:35.359Z"}
info: Connected to the database. {"timestamp":"2023-03-08T02:54:35.408Z"}
info: Server started at http://localhost:4000/api/v1/ {"timestamp":"2023-03-08T02:54:51.444Z"}
info: Connected to the database. {"timestamp":"2023-03-08T02:54:51.484Z"}
info: Server started at http://localhost:4000/api/v1/ {"timestamp":"2023-03-08T02:55:18.104Z"}
info: Connected to the database. {"timestamp":"2023-03-08T02:55:18.183Z"}
info: Server started at http://localhost:4000/api/v1/ {"timestamp":"2023-03-08T02:55:40.870Z"}
info: Connected to the database. {"timestamp":"2023-03-08T02:55:40.931Z"}
info: Server started at http://localhost:4000/api/v1/ {"timestamp":"2023-03-08T03:01:47.493Z"}
info: Connected to the database. {"timestamp":"2023-03-08T03:01:47.530Z"}
info: Server started at http://localhost:4000/api/v1/ {"timestamp":"2023-03-08T03:07:03.305Z"}
info: Connected to the database. {"timestamp":"2023-03-08T03:07:03.341Z"}
info: Server started at http://localhost:4000/api/v1/ {"timestamp":"2023-03-08T03:07:10.332Z"}
info: Connected to the database. {"timestamp":"2023-03-08T03:07:10.378Z"}
info: Server started at http://localhost:4000/api/v1/ {"timestamp":"2023-03-08T03:09:49.433Z"}
info: Connected to the database. {"timestamp":"2023-03-08T03:09:49.467Z"}
info: Server started at http://localhost:4000/api/v1/ {"timestamp":"2023-03-08T03:10:06.343Z"}
info: Connected to the database. {"timestamp":"2023-03-08T03:10:06.370Z"}
info: Server started at http://localhost:4000/api/v1/ {"timestamp":"2023-03-08T03:27:58.345Z"}
info: Connected to the database. {"timestamp":"2023-03-08T03:27:58.382Z"}
info: Server started at http://localhost:4000/api/v1/ {"timestamp":"2023-03-08T03:30:44.543Z"}
info: Connected to the database. {"timestamp":"2023-03-08T03:30:44.623Z"}
info: Server started at http://localhost:4000/api/v1/ {"timestamp":"2023-03-08T03:33:09.697Z"}
info: Connected to the database. {"timestamp":"2023-03-08T03:33:09.730Z"}
info: Server started at http://localhost:4000/api/v1/ {"timestamp":"2023-03-08T04:31:49.148Z"}
info: Connected to the database. {"timestamp":"2023-03-08T04:31:49.216Z"}
info: Server started at http://localhost:4000/api/v1/ {"timestamp":"2023-03-08T11:10:10.789Z"}
info: Connected to the database. {"timestamp":"2023-03-08T11:10:10.821Z"}
info: Server started at http://localhost:4000/api/v1/ {"timestamp":"2023-03-08T11:13:34.467Z"}
info: Connected to the database. {"timestamp":"2023-03-08T11:13:34.538Z"}
info: Server started at http://localhost:4000/api/v1/ {"timestamp":"2023-03-08T11:25:58.170Z"}
info: Connected to the database. {"timestamp":"2023-03-08T11:25:58.258Z"}
info: Server started at http://localhost:4000/api/v1/ {"timestamp":"2023-03-08T11:33:36.249Z"}
info: Connected to the database. {"timestamp":"2023-03-08T11:33:36.288Z"}
info: Server started at http://localhost:4000/api/v1/ {"timestamp":"2023-03-08T12:40:31.033Z"}
error: 
    status - 500 
    message - ValidationError: "firstName" is required 
    url - /api/v1/user 
    method - POST 
    IP - ::ffff:127.0.0.1
   {"timestamp":"2023-03-08T12:40:31.157Z"}
info: Server started at http://localhost:4000/api/v1/ {"timestamp":"2023-03-08T12:42:35.068Z"}
error: 
    status - 500 
    message - ValidationError: "firstName" is required 
    url - /api/v1/user 
    method - POST 
    IP - ::ffff:127.0.0.1
   {"timestamp":"2023-03-08T12:42:35.156Z"}
info: Server started at http://localhost:4000/api/v1/ {"timestamp":"2023-03-08T12:43:49.730Z"}
error: 
    status - 500 
    message - ValidationError: "firstName" is required 
    url - /api/v1/user 
    method - POST 
    IP - ::ffff:127.0.0.1
   {"timestamp":"2023-03-08T12:43:49.813Z"}
info: Server started at http://localhost:4000/api/v1/ {"timestamp":"2023-03-08T14:37:29.986Z"}
error: 
    status - 500 
    message - ValidationError: "firstName" is required 
    url - /api/v1/user 
    method - POST 
    IP - ::ffff:127.0.0.1
   {"timestamp":"2023-03-08T14:37:30.149Z"}
info: Server started at http://localhost:4000/api/v1/ {"timestamp":"2023-03-08T14:55:18.368Z"}
error: 
    status - 500 
    message - ValidationError: "confirm_password" is required 
    url - /api/v1/user 
    method - POST 
    IP - ::ffff:127.0.0.1
   {"timestamp":"2023-03-08T14:55:18.478Z"}
info: Server started at http://localhost:4000/api/v1/ {"timestamp":"2023-03-08T14:55:57.425Z"}
error: 
    status - 500 
    message - ValidationError: "confirm_password" is required 
    url - /api/v1/user 
    method - POST 
    IP - ::ffff:127.0.0.1
   {"timestamp":"2023-03-08T14:55:57.536Z"}
info: Server started at http://localhost:4000/api/v1/ {"timestamp":"2023-03-08T15:02:47.672Z"}
info: Server started at http://localhost:4000/api/v1/ {"timestamp":"2023-03-08T15:12:01.840Z"}
info: Server started at http://localhost:4000/api/v1/ {"timestamp":"2023-03-08T15:13:33.835Z"}
info: Server started at http://localhost:4000/api/v1/ {"timestamp":"2023-03-08T15:16:50.410Z"}
info: Server started at http://localhost:4000/api/v1/ {"timestamp":"2023-03-08T15:22:11.674Z"}
info: Server started at http://localhost:4000/api/v1/ {"timestamp":"2023-03-08T15:23:51.548Z"}
info: Server started at http://localhost:4000/api/v1/ {"timestamp":"2023-03-08T15:24:50.793Z"}
error: 
    status - 500 
    message - ValidationError: "firstName" is required 
    url - /api/v1/user 
    method - POST 
    IP - ::ffff:127.0.0.1
   {"timestamp":"2023-03-08T15:24:50.926Z"}
info: Server started at http://localhost:4000/api/v1/ {"timestamp":"2023-03-08T15:25:48.392Z"}
error: 
    status - 500 
    message - ValidationError: "firstName" is required 
    url - /api/v1/user 
    method - POST 
    IP - ::ffff:127.0.0.1
   {"timestamp":"2023-03-08T15:25:48.531Z"}
info: Server started at http://localhost:4000/api/v1/ {"timestamp":"2023-03-08T15:26:46.316Z"}
info: Server started at http://localhost:4000/api/v1/ {"timestamp":"2023-03-08T15:27:56.401Z"}
info: Server started at http://localhost:4000/api/v1/ {"timestamp":"2023-03-08T15:31:37.248Z"}
info: Server started at http://localhost:4000/api/v1/ {"timestamp":"2023-03-08T15:34:28.438Z"}
info: Server started at http://localhost:4000/api/v1/ {"timestamp":"2023-03-08T15:39:44.079Z"}
info: Server started at http://localhost:4000/api/v1/ {"timestamp":"2023-03-08T15:41:43.897Z"}
info: Server started at http://localhost:4000/api/v1/ {"timestamp":"2023-03-08T15:43:45.390Z"}
info: Server started at http://localhost:4000/api/v1/ {"timestamp":"2023-03-08T15:45:54.892Z"}
info: Connected to the database. {"timestamp":"2023-03-08T15:45:54.986Z"}
info: Server started at http://localhost:4000/api/v1/ {"timestamp":"2023-03-08T15:48:06.285Z"}
info: Connected to the database. {"timestamp":"2023-03-08T15:48:06.320Z"}
info: Server started at http://localhost:4000/api/v1/ {"timestamp":"2023-03-08T15:49:34.410Z"}
info: Connected to the database. {"timestamp":"2023-03-08T15:49:34.455Z"}
info: Server started at http://localhost:4000/api/v1/ {"timestamp":"2023-03-08T15:51:35.841Z"}
info: Connected to the database. {"timestamp":"2023-03-08T15:51:35.954Z"}
info: Server started at http://localhost:4000/api/v1/ {"timestamp":"2023-03-08T15:53:52.680Z"}
info: Connected to the database. {"timestamp":"2023-03-08T15:53:52.717Z"}
info: Server started at http://localhost:4000/api/v1/ {"timestamp":"2023-03-08T16:00:44.692Z"}
info: Connected to the database. {"timestamp":"2023-03-08T16:00:44.726Z"}
info: Server started at http://localhost:4000/api/v1/ {"timestamp":"2023-03-08T16:03:29.817Z"}
info: Connected to the database. {"timestamp":"2023-03-08T16:03:29.862Z"}
info: Server started at http://localhost:4000/api/v1/ {"timestamp":"2023-03-08T16:04:14.271Z"}
info: Connected to the database. {"timestamp":"2023-03-08T16:04:14.421Z"}
info: Server started at http://localhost:4000/api/v1/ {"timestamp":"2023-03-08T16:17:23.087Z"}
info: Connected to the database. {"timestamp":"2023-03-08T16:17:23.122Z"}
info: Server started at http://localhost:4000/api/v1/ {"timestamp":"2023-03-08T16:22:06.412Z"}
info: Connected to the database. {"timestamp":"2023-03-08T16:22:06.552Z"}
info: Server started at http://localhost:4000/api/v1/ {"timestamp":"2023-03-08T16:23:08.160Z"}
info: Connected to the database. {"timestamp":"2023-03-08T16:23:08.258Z"}
info: Server started at http://localhost:4000/api/v1/ {"timestamp":"2023-03-08T16:23:29.232Z"}
info: Connected to the database. {"timestamp":"2023-03-08T16:23:29.275Z"}
info: Server started at http://localhost:4000/api/v1/ {"timestamp":"2023-03-08T16:23:52.680Z"}
info: Connected to the database. {"timestamp":"2023-03-08T16:23:52.713Z"}
info: Server started at http://localhost:4000/api/v1/ {"timestamp":"2023-03-08T16:24:39.240Z"}
info: Connected to the database. {"timestamp":"2023-03-08T16:24:39.279Z"}
info: Server started at http://localhost:4000/api/v1/ {"timestamp":"2023-03-08T16:25:12.079Z"}
info: Connected to the database. {"timestamp":"2023-03-08T16:25:12.113Z"}
info: Server started at http://localhost:4000/api/v1/ {"timestamp":"2023-03-08T16:26:27.394Z"}
info: Connected to the database. {"timestamp":"2023-03-08T16:26:27.426Z"}
info: Server started at http://localhost:4000/api/v1/ {"timestamp":"2023-03-08T16:30:27.981Z"}
info: Connected to the database. {"timestamp":"2023-03-08T16:30:28.034Z"}
info: Server started at http://localhost:4000/api/v1/ {"timestamp":"2023-03-08T16:36:44.673Z"}
info: Connected to the database. {"timestamp":"2023-03-08T16:36:44.710Z"}
info: Server started at http://localhost:4000/api/v1/ {"timestamp":"2023-03-08T16:37:18.261Z"}
info: Connected to the database. {"timestamp":"2023-03-08T16:37:18.302Z"}
info: Server started at http://localhost:4000/api/v1/ {"timestamp":"2023-03-08T16:38:03.182Z"}
info: Connected to the database. {"timestamp":"2023-03-08T16:38:03.220Z"}
info: Server started at http://localhost:4000/api/v1/ {"timestamp":"2023-03-08T16:39:00.408Z"}
info: Connected to the database. {"timestamp":"2023-03-08T16:39:00.452Z"}
info: Server started at http://localhost:4000/api/v1/ {"timestamp":"2023-03-08T16:39:27.255Z"}
info: Connected to the database. {"timestamp":"2023-03-08T16:39:27.358Z"}
info: Server started at http://localhost:4000/api/v1/ {"timestamp":"2023-03-08T16:40:45.965Z"}
info: Connected to the database. {"timestamp":"2023-03-08T16:40:46.015Z"}
info: Server started at http://localhost:4000/api/v1/ {"timestamp":"2023-03-08T16:43:02.333Z"}
info: Connected to the database. {"timestamp":"2023-03-08T16:43:02.379Z"}
info: Server started at http://localhost:4000/api/v1/ {"timestamp":"2023-03-08T16:43:32.152Z"}
info: Connected to the database. {"timestamp":"2023-03-08T16:43:32.211Z"}
info: Server started at http://localhost:4000/api/v1/ {"timestamp":"2023-03-08T16:43:55.140Z"}
info: Connected to the database. {"timestamp":"2023-03-08T16:43:55.219Z"}
info: Server started at http://localhost:4000/api/v1/ {"timestamp":"2023-03-08T16:45:49.944Z"}
info: Connected to the database. {"timestamp":"2023-03-08T16:45:49.976Z"}
