info: Server started at http://localhost:3000/api/v1/ {"timestamp":"2023-02-24T06:56:15.863Z"}
info: Connected to the database. {"timestamp":"2023-02-24T06:56:21.132Z"}
info: Server started at http://localhost:4000/api/v1/ {"timestamp":"2023-02-24T07:01:54.097Z"}
info: Connected to the database. {"timestamp":"2023-02-24T07:02:07.571Z"}
info: Server started at http://localhost:4000/api/v1/ {"timestamp":"2023-02-24T07:15:47.705Z"}
info: Connected to the database. {"timestamp":"2023-02-24T07:15:47.780Z"}
info: Server started at http://localhost:4000/api/v1/ {"timestamp":"2023-02-24T07:19:16.662Z"}
info: Connected to the database. {"timestamp":"2023-02-24T07:19:16.774Z"}
info: Server started at http://localhost:4000/api/v1/ {"timestamp":"2023-02-24T07:22:48.851Z"}
info: Connected to the database. {"timestamp":"2023-02-24T07:22:48.910Z"}
info: Server started at http://localhost:4000/api/v1/ {"timestamp":"2023-02-24T07:25:50.683Z"}
error: Could not connect to the database. connect ECONNREFUSED 127.0.0.1:27018 {"reason":{"commonWireVersion":null,"compatibilityError":null,"compatible":true,"heartbeatFrequencyMS":10000,"localThresholdMS":15,"logicalSessionTimeoutMinutes":null,"maxElectionId":null,"maxSetVersion":null,"servers":{},"setName":null,"stale":false,"type":"Single"},"stack":"MongooseServerSelectionError: connect ECONNREFUSED 127.0.0.1:27018\n    at NativeConnection.Connection.openUri (D:\\MSBelagavi\\FunDoo_Notes\\node_modules\\mongoose\\lib\\connection.js:847:32)\n    at D:\\MSBelagavi\\FunDoo_Notes\\node_modules\\mongoose\\lib\\index.js:351:10\n    at D:\\MSBelagavi\\FunDoo_Notes\\node_modules\\mongoose\\lib\\helpers\\promiseOrCallback.js:32:5\n    at new Promise (<anonymous>)\n    at promiseOrCallback (D:\\MSBelagavi\\FunDoo_Notes\\node_modules\\mongoose\\lib\\helpers\\promiseOrCallback.js:31:10)\n    at Mongoose._promiseOrCallback (D:\\MSBelagavi\\FunDoo_Notes\\node_modules\\mongoose\\lib\\index.js:1149:10)\n    at Mongoose.connect (D:\\MSBelagavi\\FunDoo_Notes\\node_modules\\mongoose\\lib\\index.js:350:20)\n    at _callee$ (D:\\MSBelagavi\\FunDoo_Notes\\src\\config\\/database.js:12:20)\n    at tryCatch (D:\\MSBelagavi\\FunDoo_Notes\\node_modules\\@babel\\runtime\\helpers\\regeneratorRuntime.js:44:17)\n    at Generator.<anonymous> (D:\\MSBelagavi\\FunDoo_Notes\\node_modules\\@babel\\runtime\\helpers\\regeneratorRuntime.js:125:22)\n    at Generator.next (D:\\MSBelagavi\\FunDoo_Notes\\node_modules\\@babel\\runtime\\helpers\\regeneratorRuntime.js:69:21)\n    at asyncGeneratorStep (D:\\MSBelagavi\\FunDoo_Notes\\node_modules\\@babel\\runtime\\helpers\\asyncToGenerator.js:3:24)\n    at _next (D:\\MSBelagavi\\FunDoo_Notes\\node_modules\\@babel\\runtime\\helpers\\asyncToGenerator.js:22:9)\n    at D:\\MSBelagavi\\FunDoo_Notes\\node_modules\\@babel\\runtime\\helpers\\asyncToGenerator.js:27:7\n    at new Promise (<anonymous>)\n    at D:\\MSBelagavi\\FunDoo_Notes\\node_modules\\@babel\\runtime\\helpers\\asyncToGenerator.js:19:12","timestamp":"2023-02-24T07:26:20.721Z"}
info: Server started at http://localhost:4000/api/v1/ {"timestamp":"2023-02-24T07:27:38.239Z"}
info: Connected to the database. {"timestamp":"2023-02-24T07:27:38.327Z"}
info: Server started at http://localhost:4000/api/v1/ {"timestamp":"2023-02-24T07:30:26.556Z"}
info: Connected to the database. {"timestamp":"2023-02-24T07:30:26.638Z"}
info: Server started at http://localhost:4000/api/v1/ {"timestamp":"2023-02-24T07:33:39.210Z"}
info: Connected to the database. {"timestamp":"2023-02-24T07:33:39.411Z"}
info: Server started at http://localhost:4000/api/v1/ {"timestamp":"2023-02-24T07:36:07.731Z"}
info: Connected to the database. {"timestamp":"2023-02-24T07:36:07.796Z"}
info: Server started at http://localhost:4000/api/v1/ {"timestamp":"2023-02-24T07:38:52.747Z"}
info: Connected to the database. {"timestamp":"2023-02-24T07:38:52.793Z"}
info: Server started at http://localhost:4000/api/v1/ {"timestamp":"2023-02-24T09:01:08.920Z"}
info: Connected to the database. {"timestamp":"2023-02-24T09:01:08.961Z"}
info: Server started at http://localhost:4000/api/v1/ {"timestamp":"2023-02-24T09:01:40.357Z"}
info: Connected to the database. {"timestamp":"2023-02-24T09:01:40.390Z"}
info: Server started at http://localhost:4000/api/v1/ {"timestamp":"2023-02-24T09:01:48.247Z"}
info: Connected to the database. {"timestamp":"2023-02-24T09:01:48.298Z"}
info: Server started at http://localhost:4000/api/v1/ {"timestamp":"2023-02-24T09:02:03.743Z"}
info: Connected to the database. {"timestamp":"2023-02-24T09:02:03.805Z"}
info: Server started at http://localhost:4000/api/v1/ {"timestamp":"2023-02-24T09:02:26.692Z"}
info: Connected to the database. {"timestamp":"2023-02-24T09:02:26.719Z"}
info: Server started at http://localhost:4000/api/v1/ {"timestamp":"2023-02-24T09:02:31.641Z"}
info: Connected to the database. {"timestamp":"2023-02-24T09:02:31.672Z"}
info: Server started at http://localhost:4000/api/v1/ {"timestamp":"2023-02-24T09:06:07.637Z"}
info: Connected to the database. {"timestamp":"2023-02-24T09:06:07.664Z"}
info: Server started at http://localhost:4000/api/v1/ {"timestamp":"2023-02-24T09:06:39.074Z"}
info: Connected to the database. {"timestamp":"2023-02-24T09:06:39.104Z"}
info: Server started at http://localhost:4000/api/v1/ {"timestamp":"2023-02-24T09:07:01.024Z"}
info: Connected to the database. {"timestamp":"2023-02-24T09:07:01.058Z"}
info: Server started at http://localhost:4000/api/v1/ {"timestamp":"2023-02-24T09:07:06.369Z"}
info: Connected to the database. {"timestamp":"2023-02-24T09:07:06.398Z"}
info: Server started at http://localhost:4000/api/v1/ {"timestamp":"2023-02-24T09:07:13.585Z"}
info: Connected to the database. {"timestamp":"2023-02-24T09:07:13.634Z"}
info: Server started at http://localhost:4000/api/v1/ {"timestamp":"2023-02-24T09:08:20.422Z"}
info: Connected to the database. {"timestamp":"2023-02-24T09:08:20.454Z"}
info: Server started at http://localhost:4000/api/v1/ {"timestamp":"2023-02-24T09:08:36.651Z"}
info: Connected to the database. {"timestamp":"2023-02-24T09:08:36.682Z"}
info: Server started at http://localhost:4000/api/v1/ {"timestamp":"2023-02-24T09:08:47.024Z"}
info: Connected to the database. {"timestamp":"2023-02-24T09:08:47.053Z"}
info: Server started at http://localhost:4000/api/v1/ {"timestamp":"2023-02-24T09:09:01.062Z"}
info: Connected to the database. {"timestamp":"2023-02-24T09:09:01.093Z"}
info: Server started at http://localhost:4000/api/v1/ {"timestamp":"2023-02-24T09:09:30.423Z"}
info: Connected to the database. {"timestamp":"2023-02-24T09:09:30.457Z"}
info: Server started at http://localhost:4000/api/v1/ {"timestamp":"2023-02-24T09:09:47.504Z"}
info: Connected to the database. {"timestamp":"2023-02-24T09:09:47.535Z"}
info: Server started at http://localhost:4000/api/v1/ {"timestamp":"2023-02-24T09:10:00.593Z"}
info: Connected to the database. {"timestamp":"2023-02-24T09:10:00.651Z"}
error: 
    status - 500 
    message - ValidationError: "firstName" is required 
    url - /api/v1/users/create 
    method - POST 
    IP - ::1
   {"timestamp":"2023-02-24T09:10:22.753Z"}
error: 
    status - 500 
    message - ValidationError: "firstName" with value "RamKumar " fails to match the required pattern: /^[A-Z]{1,1}[a-z]{3,20}$/ 
    url - /api/v1/users/create 
    method - POST 
    IP - ::1
   {"timestamp":"2023-02-24T09:11:37.843Z"}
error: 
    status - 500 
    message - ValidationError: "firstName" with value "Ramkumar " fails to match the required pattern: /^[A-Z]{1,1}[a-z]{3,20}$/ 
    url - /api/v1/users/create 
    method - POST 
    IP - ::1
   {"timestamp":"2023-02-24T09:12:01.054Z"}
info: Server started at http://localhost:4000/api/v1/ {"timestamp":"2023-02-24T09:12:37.147Z"}
info: Connected to the database. {"timestamp":"2023-02-24T09:12:37.177Z"}
error: 
    status - 500 
    message - ValidationError: "firstName" with value "Ramkumar " fails to match the required pattern: /^[A-Z]{1,1}[a-z]{3,20}$/ 
    url - /api/v1/users/create 
    method - POST 
    IP - ::1
   {"timestamp":"2023-02-24T09:13:10.342Z"}
info: Server started at http://localhost:4000/api/v1/ {"timestamp":"2023-02-24T09:13:40.483Z"}
info: Connected to the database. {"timestamp":"2023-02-24T09:13:40.522Z"}
info: Server started at http://localhost:4000/api/v1/ {"timestamp":"2023-02-24T09:13:55.071Z"}
info: Connected to the database. {"timestamp":"2023-02-24T09:13:55.108Z"}
info: Server started at http://localhost:4000/api/v1/ {"timestamp":"2023-02-24T09:14:11.020Z"}
info: Connected to the database. {"timestamp":"2023-02-24T09:14:11.106Z"}
info: Server started at http://localhost:4000/api/v1/ {"timestamp":"2023-02-24T09:14:14.779Z"}
info: Connected to the database. {"timestamp":"2023-02-24T09:14:14.806Z"}
info: Server started at http://localhost:4000/api/v1/ {"timestamp":"2023-02-24T09:14:18.937Z"}
info: Connected to the database. {"timestamp":"2023-02-24T09:14:18.963Z"}
info: Server started at http://localhost:4000/api/v1/ {"timestamp":"2023-02-24T09:14:31.679Z"}
info: Connected to the database. {"timestamp":"2023-02-24T09:14:31.713Z"}
error: 
    status - 500 
    message - ValidationError: "firstName" with value "Ramkumar " fails to match the required pattern: /^[A-Z]{1,1}[a-z]{3,20}$/ 
    url - /api/v1/users/create 
    method - POST 
    IP - ::1
   {"timestamp":"2023-02-24T09:14:33.617Z"}
info: Server started at http://localhost:4000/api/v1/ {"timestamp":"2023-02-24T09:17:45.247Z"}
info: Connected to the database. {"timestamp":"2023-02-24T09:17:45.271Z"}
info: Server started at http://localhost:4000/api/v1/ {"timestamp":"2023-02-24T09:18:13.014Z"}
info: Connected to the database. {"timestamp":"2023-02-24T09:18:13.039Z"}
info: Server started at http://localhost:4000/api/v1/ {"timestamp":"2023-02-24T09:18:22.606Z"}
info: Connected to the database. {"timestamp":"2023-02-24T09:18:22.650Z"}
info: Server started at http://localhost:4000/api/v1/ {"timestamp":"2023-02-24T09:18:30.322Z"}
info: Connected to the database. {"timestamp":"2023-02-24T09:18:30.352Z"}
info: Server started at http://localhost:4000/api/v1/ {"timestamp":"2023-02-24T09:19:39.150Z"}
info: Connected to the database. {"timestamp":"2023-02-24T09:19:39.233Z"}
info: Server started at http://localhost:4000/api/v1/ {"timestamp":"2023-02-24T09:19:46.381Z"}
info: Connected to the database. {"timestamp":"2023-02-24T09:19:46.409Z"}
info: Server started at http://localhost:4000/api/v1/ {"timestamp":"2023-02-24T09:24:14.474Z"}
info: Connected to the database. {"timestamp":"2023-02-24T09:24:14.520Z"}
info: Server started at http://localhost:4000/api/v1/ {"timestamp":"2023-02-24T09:25:51.616Z"}
info: Connected to the database. {"timestamp":"2023-02-24T09:25:51.642Z"}
info: Server started at http://localhost:4000/api/v1/ {"timestamp":"2023-02-24T09:26:05.095Z"}
info: Connected to the database. {"timestamp":"2023-02-24T09:26:05.129Z"}
info: Server started at http://localhost:4000/api/v1/ {"timestamp":"2023-02-24T09:26:35.869Z"}
info: Connected to the database. {"timestamp":"2023-02-24T09:26:35.895Z"}
info: Server started at http://localhost:4000/api/v1/ {"timestamp":"2023-02-24T09:26:46.602Z"}
info: Connected to the database. {"timestamp":"2023-02-24T09:26:46.653Z"}
error: 
    status - 500 
    message - ValidationError: "lastName" with value "koladur" fails to match the required pattern: /^[A-Z]{1,1}[a-z]{3,20}$/ 
    url - /api/v1/users/create 
    method - POST 
    IP - ::1
   {"timestamp":"2023-02-24T09:27:19.227Z"}
info: Server started at http://localhost:4000/api/v1/ {"timestamp":"2023-02-24T09:30:37.220Z"}
info: Connected to the database. {"timestamp":"2023-02-24T09:30:37.253Z"}
info: Server started at http://localhost:4000/api/v1/ {"timestamp":"2023-02-24T09:31:48.075Z"}
info: Connected to the database. {"timestamp":"2023-02-24T09:31:48.098Z"}
info: Server started at http://localhost:4000/api/v1/ {"timestamp":"2023-02-24T09:35:01.931Z"}
info: Connected to the database. {"timestamp":"2023-02-24T09:35:01.954Z"}
info: Server started at http://localhost:4000/api/v1/ {"timestamp":"2023-02-24T09:35:08.163Z"}
info: Connected to the database. {"timestamp":"2023-02-24T09:35:08.187Z"}
info: Server started at http://localhost:4000/api/v1/ {"timestamp":"2023-02-24T09:36:17.815Z"}
info: Connected to the database. {"timestamp":"2023-02-24T09:36:17.839Z"}
info: Server started at http://localhost:4000/api/v1/ {"timestamp":"2023-02-24T09:36:31.981Z"}
info: Connected to the database. {"timestamp":"2023-02-24T09:36:32.007Z"}
info: Server started at http://localhost:4000/api/v1/ {"timestamp":"2023-02-24T09:36:36.320Z"}
info: Connected to the database. {"timestamp":"2023-02-24T09:36:36.367Z"}
info: Server started at http://localhost:4000/api/v1/ {"timestamp":"2023-02-24T12:22:09.436Z"}
info: Connected to the database. {"timestamp":"2023-02-24T12:22:09.491Z"}
info: Server started at http://localhost:4000/api/v1/ {"timestamp":"2023-02-24T13:47:24.260Z"}
info: Connected to the database. {"timestamp":"2023-02-24T13:47:24.366Z"}
info: Server started at http://localhost:4000/api/v1/ {"timestamp":"2023-02-24T16:54:01.064Z"}
info: Connected to the database. {"timestamp":"2023-02-24T16:54:01.111Z"}
