info: Server started at http://localhost:4000/api/v1/ {"timestamp":"2023-03-05T18:36:31.817Z"}
info: Connected to the database. {"timestamp":"2023-03-05T18:36:31.867Z"}
info: Server started at http://localhost:4000/api/v1/ {"timestamp":"2023-03-05T18:36:41.800Z"}
info: Connected to the database. {"timestamp":"2023-03-05T18:36:41.922Z"}
info: Server started at http://localhost:4000/api/v1/ {"timestamp":"2023-03-05T18:36:50.768Z"}
info: Connected to the database. {"timestamp":"2023-03-05T18:36:50.803Z"}
info: Server started at http://localhost:4000/api/v1/ {"timestamp":"2023-03-05T18:37:57.324Z"}
info: Connected to the database. {"timestamp":"2023-03-05T18:37:57.367Z"}
info: Server started at http://localhost:4000/api/v1/ {"timestamp":"2023-03-05T18:38:56.960Z"}
info: Connected to the database. {"timestamp":"2023-03-05T18:38:57.062Z"}
info: Server started at http://localhost:4000/api/v1/ {"timestamp":"2023-03-05T18:40:51.056Z"}
info: Connected to the database. {"timestamp":"2023-03-05T18:40:51.092Z"}
info: Server started at http://localhost:4000/api/v1/ {"timestamp":"2023-03-05T18:41:21.549Z"}
info: Connected to the database. {"timestamp":"2023-03-05T18:41:21.575Z"}
info: Server started at http://localhost:4000/api/v1/ {"timestamp":"2023-03-05T18:42:13.953Z"}
info: Connected to the database. {"timestamp":"2023-03-05T18:42:13.986Z"}
info: Server started at http://localhost:4000/api/v1/ {"timestamp":"2023-03-05T18:42:29.983Z"}
info: Connected to the database. {"timestamp":"2023-03-05T18:42:30.029Z"}
info: Server started at http://localhost:4000/api/v1/ {"timestamp":"2023-03-05T18:47:04.982Z"}
info: Connected to the database. {"timestamp":"2023-03-05T18:47:05.014Z"}
info: Server started at http://localhost:4000/api/v1/ {"timestamp":"2023-03-05T18:50:10.871Z"}
info: Connected to the database. {"timestamp":"2023-03-05T18:50:10.904Z"}
error: 
    status - 500 
    message - SyntaxError: Unexpected token } in JSON at position 48
    at JSON.parse (<anonymous>)
    at parse (D:\MSBelagavi\FunDoo_Notes\node_modules\body-parser\lib\types\json.js:89:19)
    at D:\MSBelagavi\FunDoo_Notes\node_modules\body-parser\lib\read.js:128:18
    at AsyncResource.runInAsyncScope (node:async_hooks:204:9)
    at invokeCallback (D:\MSBelagavi\FunDoo_Notes\node_modules\raw-body\index.js:231:16)
    at done (D:\MSBelagavi\FunDoo_Notes\node_modules\raw-body\index.js:220:7)
    at IncomingMessage.onEnd (D:\MSBelagavi\FunDoo_Notes\node_modules\raw-body\index.js:280:7)
    at IncomingMessage.emit (node:events:513:28)
    at IncomingMessage.emit (node:domain:489:12)
    at endReadableNT (node:internal/streams/readable:1359:12)
    at processTicksAndRejections (node:internal/process/task_queues:82:21) 
    url - /api/v1/user/forgetPswd 
    method - POST 
    IP - ::1
   {"timestamp":"2023-03-05T18:52:07.699Z"}
info: Server started at http://localhost:4000/api/v1/ {"timestamp":"2023-03-05T18:52:45.124Z"}
info: Connected to the database. {"timestamp":"2023-03-05T18:52:45.160Z"}
info: Server started at http://localhost:4000/api/v1/ {"timestamp":"2023-03-05T18:54:24.312Z"}
info: Connected to the database. {"timestamp":"2023-03-05T18:54:24.352Z"}
info: Server started at http://localhost:4000/api/v1/ {"timestamp":"2023-03-05T18:54:33.172Z"}
info: Connected to the database. {"timestamp":"2023-03-05T18:54:33.224Z"}
info: Server started at http://localhost:4000/api/v1/ {"timestamp":"2023-03-05T18:57:14.693Z"}
info: Connected to the database. {"timestamp":"2023-03-05T18:57:14.727Z"}
info: Server started at http://localhost:4000/api/v1/ {"timestamp":"2023-03-05T18:57:58.303Z"}
info: Connected to the database. {"timestamp":"2023-03-05T18:57:58.350Z"}
info: Server started at http://localhost:4000/api/v1/ {"timestamp":"2023-03-05T18:58:47.538Z"}
info: Connected to the database. {"timestamp":"2023-03-05T18:58:47.565Z"}
info: Server started at http://localhost:4000/api/v1/ {"timestamp":"2023-03-05T18:58:55.225Z"}
info: Connected to the database. {"timestamp":"2023-03-05T18:58:55.264Z"}
info: Server started at http://localhost:4000/api/v1/ {"timestamp":"2023-03-05T19:04:06.549Z"}
info: Connected to the database. {"timestamp":"2023-03-05T19:04:06.582Z"}
info: Server started at http://localhost:4000/api/v1/ {"timestamp":"2023-03-05T19:04:17.855Z"}
info: Connected to the database. {"timestamp":"2023-03-05T19:04:17.907Z"}
info: Server started at http://localhost:4000/api/v1/ {"timestamp":"2023-03-05T19:04:24.280Z"}
info: Connected to the database. {"timestamp":"2023-03-05T19:04:24.311Z"}
info: Server started at http://localhost:4000/api/v1/ {"timestamp":"2023-03-05T19:04:54.772Z"}
info: Connected to the database. {"timestamp":"2023-03-05T19:04:54.799Z"}
info: Server started at http://localhost:4000/api/v1/ {"timestamp":"2023-03-05T19:24:58.980Z"}
info: Connected to the database. {"timestamp":"2023-03-05T19:24:59.006Z"}
info: Server started at http://localhost:4000/api/v1/ {"timestamp":"2023-03-05T19:26:42.652Z"}
info: Connected to the database. {"timestamp":"2023-03-05T19:26:42.764Z"}
info: Server started at http://localhost:4000/api/v1/ {"timestamp":"2023-03-05T19:26:55.833Z"}
info: Connected to the database. {"timestamp":"2023-03-05T19:26:55.858Z"}
info: Server started at http://localhost:4000/api/v1/ {"timestamp":"2023-03-06T04:36:27.105Z"}
info: Connected to the database. {"timestamp":"2023-03-06T04:36:27.143Z"}
info: Server started at http://localhost:4000/api/v1/ {"timestamp":"2023-03-06T04:44:35.992Z"}
info: Connected to the database. {"timestamp":"2023-03-06T04:44:36.125Z"}
info: Server started at http://localhost:4000/api/v1/ {"timestamp":"2023-03-06T04:47:14.089Z"}
info: Connected to the database. {"timestamp":"2023-03-06T04:47:14.182Z"}
info: Server started at http://localhost:4000/api/v1/ {"timestamp":"2023-03-06T09:39:54.891Z"}
info: Connected to the database. {"timestamp":"2023-03-06T09:39:54.960Z"}
info: Server started at http://localhost:4000/api/v1/ {"timestamp":"2023-03-06T09:41:54.250Z"}
info: Connected to the database. {"timestamp":"2023-03-06T09:41:54.355Z"}
info: Server started at http://localhost:4000/api/v1/ {"timestamp":"2023-03-06T09:42:37.974Z"}
info: Connected to the database. {"timestamp":"2023-03-06T09:42:38.062Z"}
info: Server started at http://localhost:4000/api/v1/ {"timestamp":"2023-03-06T09:43:59.003Z"}
info: Connected to the database. {"timestamp":"2023-03-06T09:43:59.038Z"}
info: Server started at http://localhost:4000/api/v1/ {"timestamp":"2023-03-06T09:46:34.323Z"}
info: Connected to the database. {"timestamp":"2023-03-06T09:46:34.377Z"}
info: Server started at http://localhost:4000/api/v1/ {"timestamp":"2023-03-06T09:48:39.558Z"}
info: Connected to the database. {"timestamp":"2023-03-06T09:48:39.642Z"}
info: Server started at http://localhost:4000/api/v1/ {"timestamp":"2023-03-06T09:50:15.535Z"}
info: Connected to the database. {"timestamp":"2023-03-06T09:50:15.563Z"}
info: Server started at http://localhost:4000/api/v1/ {"timestamp":"2023-03-06T09:51:15.353Z"}
info: Connected to the database. {"timestamp":"2023-03-06T09:51:15.398Z"}
info: Server started at http://localhost:4000/api/v1/ {"timestamp":"2023-03-06T09:51:28.387Z"}
info: Connected to the database. {"timestamp":"2023-03-06T09:51:28.419Z"}
info: Server started at http://localhost:4000/api/v1/ {"timestamp":"2023-03-06T09:51:46.356Z"}
info: Connected to the database. {"timestamp":"2023-03-06T09:51:46.423Z"}
info: Server started at http://localhost:4000/api/v1/ {"timestamp":"2023-03-06T09:52:13.977Z"}
info: Connected to the database. {"timestamp":"2023-03-06T09:52:14.016Z"}
info: Server started at http://localhost:4000/api/v1/ {"timestamp":"2023-03-06T09:52:22.340Z"}
info: Connected to the database. {"timestamp":"2023-03-06T09:52:22.369Z"}
info: Server started at http://localhost:4000/api/v1/ {"timestamp":"2023-03-06T09:52:38.621Z"}
info: Connected to the database. {"timestamp":"2023-03-06T09:52:38.649Z"}
info: Server started at http://localhost:4000/api/v1/ {"timestamp":"2023-03-06T09:53:42.879Z"}
info: Connected to the database. {"timestamp":"2023-03-06T09:53:42.913Z"}
info: Server started at http://localhost:4000/api/v1/ {"timestamp":"2023-03-06T09:55:07.177Z"}
info: Connected to the database. {"timestamp":"2023-03-06T09:55:07.214Z"}
info: Server started at http://localhost:4000/api/v1/ {"timestamp":"2023-03-06T09:55:21.217Z"}
info: Connected to the database. {"timestamp":"2023-03-06T09:55:21.287Z"}
info: Server started at http://localhost:4000/api/v1/ {"timestamp":"2023-03-06T09:56:05.291Z"}
info: Connected to the database. {"timestamp":"2023-03-06T09:56:05.318Z"}
info: Server started at http://localhost:4000/api/v1/ {"timestamp":"2023-03-06T09:57:23.312Z"}
info: Server started at http://localhost:4000/api/v1/ {"timestamp":"2023-03-06T09:57:30.220Z"}
info: Connected to the database. {"timestamp":"2023-03-06T09:57:30.244Z"}
info: Server started at http://localhost:4000/api/v1/ {"timestamp":"2023-03-06T09:57:41.708Z"}
info: Connected to the database. {"timestamp":"2023-03-06T09:57:41.798Z"}
info: Server started at http://localhost:4000/api/v1/ {"timestamp":"2023-03-06T09:57:49.830Z"}
info: Connected to the database. {"timestamp":"2023-03-06T09:57:49.854Z"}
info: Server started at http://localhost:4000/api/v1/ {"timestamp":"2023-03-06T09:59:58.782Z"}
info: Connected to the database. {"timestamp":"2023-03-06T09:59:58.870Z"}
info: Server started at http://localhost:4000/api/v1/ {"timestamp":"2023-03-06T10:00:42.780Z"}
info: Connected to the database. {"timestamp":"2023-03-06T10:00:42.874Z"}
info: Server started at http://localhost:4000/api/v1/ {"timestamp":"2023-03-06T10:02:36.717Z"}
info: Connected to the database. {"timestamp":"2023-03-06T10:02:36.813Z"}
info: Server started at http://localhost:4000/api/v1/ {"timestamp":"2023-03-06T10:02:56.616Z"}
info: Connected to the database. {"timestamp":"2023-03-06T10:02:56.645Z"}
info: Server started at http://localhost:4000/api/v1/ {"timestamp":"2023-03-06T10:03:09.641Z"}
info: Connected to the database. {"timestamp":"2023-03-06T10:03:09.674Z"}
info: Server started at http://localhost:4000/api/v1/ {"timestamp":"2023-03-06T10:03:34.920Z"}
info: Connected to the database. {"timestamp":"2023-03-06T10:03:34.997Z"}
info: Server started at http://localhost:4000/api/v1/ {"timestamp":"2023-03-06T10:04:17.528Z"}
info: Connected to the database. {"timestamp":"2023-03-06T10:04:17.557Z"}
info: Server started at http://localhost:4000/api/v1/ {"timestamp":"2023-03-06T10:04:40.531Z"}
info: Connected to the database. {"timestamp":"2023-03-06T10:04:40.559Z"}
info: Server started at http://localhost:4000/api/v1/ {"timestamp":"2023-03-06T10:06:49.243Z"}
info: Connected to the database. {"timestamp":"2023-03-06T10:06:49.299Z"}
info: Server started at http://localhost:4000/api/v1/ {"timestamp":"2023-03-06T10:07:22.981Z"}
info: Connected to the database. {"timestamp":"2023-03-06T10:07:23.051Z"}
info: Server started at http://localhost:4000/api/v1/ {"timestamp":"2023-03-06T10:07:49.773Z"}
info: Connected to the database. {"timestamp":"2023-03-06T10:07:49.808Z"}
info: Server started at http://localhost:4000/api/v1/ {"timestamp":"2023-03-06T10:08:43.736Z"}
info: Connected to the database. {"timestamp":"2023-03-06T10:08:43.799Z"}
info: Server started at http://localhost:4000/api/v1/ {"timestamp":"2023-03-06T10:08:56.721Z"}
info: Connected to the database. {"timestamp":"2023-03-06T10:08:56.761Z"}
info: Server started at http://localhost:4000/api/v1/ {"timestamp":"2023-03-06T10:10:47.441Z"}
info: Connected to the database. {"timestamp":"2023-03-06T10:10:47.468Z"}
info: Server started at http://localhost:4000/api/v1/ {"timestamp":"2023-03-06T10:12:26.508Z"}
info: Connected to the database. {"timestamp":"2023-03-06T10:12:26.531Z"}
info: Server started at http://localhost:4000/api/v1/ {"timestamp":"2023-03-06T10:19:35.226Z"}
info: Connected to the database. {"timestamp":"2023-03-06T10:19:35.254Z"}
info: Server started at http://localhost:4000/api/v1/ {"timestamp":"2023-03-06T10:20:47.149Z"}
info: Connected to the database. {"timestamp":"2023-03-06T10:20:47.228Z"}
