info: Server started at http://localhost:4000/api/v1/ {"timestamp":"2023-04-22T05:54:48.653Z"}
info: Connected to the database. {"timestamp":"2023-04-22T05:54:48.895Z"}
error: 
    status - 500 
    message - ValidationError: "confirm_password" is required 
    url - /api/v1/user 
    method - POST 
    IP - ::1
   {"timestamp":"2023-04-22T05:56:59.106Z"}
error: 
    status - 500 
    message - SyntaxError: Unexpected token  in JSON at position 152
    at JSON.parse (<anonymous>)
    at parse (D:\MSBelagavi\FunDoo_Notes\node_modules\body-parser\lib\types\json.js:89:19)
    at D:\MSBelagavi\FunDoo_Notes\node_modules\body-parser\lib\read.js:128:18
    at AsyncResource.runInAsyncScope (node:async_hooks:204:9)
    at invokeCallback (D:\MSBelagavi\FunDoo_Notes\node_modules\raw-body\index.js:231:16)
    at done (D:\MSBelagavi\FunDoo_Notes\node_modules\raw-body\index.js:220:7)
    at IncomingMessage.onEnd (D:\MSBelagavi\FunDoo_Notes\node_modules\raw-body\index.js:280:7)
    at IncomingMessage.emit (node:events:513:28)
    at IncomingMessage.emit (node:domain:489:12)
    at endReadableNT (node:internal/streams/readable:1359:12)
    at processTicksAndRejections (node:internal/process/task_queues:82:21) 
    url - /api/v1/user 
    method - POST 
    IP - ::1
   {"timestamp":"2023-04-22T05:57:32.270Z"}
