info: Server started at http://localhost:4000/api/v1/ {"timestamp":"2023-02-27T03:13:59.355Z"}
info: Connected to the database. {"timestamp":"2023-02-27T03:13:59.390Z"}
error: 
    status - 500 
    message - SyntaxError: Unexpected token } in JSON at position 84
    at JSON.parse (<anonymous>)
    at parse (D:\MSBelagavi\FunDoo_Notes\node_modules\body-parser\lib\types\json.js:89:19)
    at D:\MSBelagavi\FunDoo_Notes\node_modules\body-parser\lib\read.js:128:18
    at AsyncResource.runInAsyncScope (node:async_hooks:204:9)
    at invokeCallback (D:\MSBelagavi\FunDoo_Notes\node_modules\raw-body\index.js:231:16)
    at done (D:\MSBelagavi\FunDoo_Notes\node_modules\raw-body\index.js:220:7)
    at IncomingMessage.onEnd (D:\MSBelagavi\FunDoo_Notes\node_modules\raw-body\index.js:280:7)
    at IncomingMessage.emit (node:events:513:28)
    at IncomingMessage.emit (node:domain:489:12)
    at endReadableNT (node:internal/streams/readable:1359:12)
    at processTicksAndRejections (node:internal/process/task_queues:82:21) 
    url - /api/v1/users/login 
    method - POST 
    IP - ::1
   {"timestamp":"2023-02-27T03:14:22.901Z"}
info: Server started at http://localhost:4000/api/v1/ {"timestamp":"2023-02-27T03:15:00.903Z"}
info: Connected to the database. {"timestamp":"2023-02-27T03:15:00.984Z"}
info: Server started at http://localhost:4000/api/v1/ {"timestamp":"2023-02-27T03:15:15.369Z"}
info: Connected to the database. {"timestamp":"2023-02-27T03:15:15.403Z"}
info: Server started at http://localhost:4000/api/v1/ {"timestamp":"2023-02-27T03:15:31.382Z"}
info: Connected to the database. {"timestamp":"2023-02-27T03:15:31.433Z"}
info: Server started at http://localhost:4000/api/v1/ {"timestamp":"2023-02-27T03:16:12.195Z"}
info: Connected to the database. {"timestamp":"2023-02-27T03:16:12.222Z"}
info: Server started at http://localhost:4000/api/v1/ {"timestamp":"2023-02-27T03:16:55.817Z"}
info: Connected to the database. {"timestamp":"2023-02-27T03:16:55.856Z"}
info: Server started at http://localhost:4000/api/v1/ {"timestamp":"2023-02-27T03:29:15.090Z"}
info: Connected to the database. {"timestamp":"2023-02-27T03:29:15.126Z"}
info: Server started at http://localhost:4000/api/v1/ {"timestamp":"2023-02-27T03:30:20.841Z"}
info: Connected to the database. {"timestamp":"2023-02-27T03:30:20.874Z"}
info: Server started at http://localhost:4000/api/v1/ {"timestamp":"2023-02-27T03:36:36.965Z"}
info: Connected to the database. {"timestamp":"2023-02-27T03:36:36.996Z"}
error: 
    status - 500 
    message - TypeError: Cannot read properties of null (reading 'email')
    at _callee2$ (D:\MSBelagavi\FunDoo_Notes\src\controllers\/user.controller.js:34:14)
    at tryCatch (D:\MSBelagavi\FunDoo_Notes\node_modules\@babel\runtime\helpers\regeneratorRuntime.js:44:17)
    at Generator.<anonymous> (D:\MSBelagavi\FunDoo_Notes\node_modules\@babel\runtime\helpers\regeneratorRuntime.js:125:22)
    at Generator.next (D:\MSBelagavi\FunDoo_Notes\node_modules\@babel\runtime\helpers\regeneratorRuntime.js:69:21)
    at asyncGeneratorStep (D:\MSBelagavi\FunDoo_Notes\node_modules\@babel\runtime\helpers\asyncToGenerator.js:3:24)
    at _next (D:\MSBelagavi\FunDoo_Notes\node_modules\@babel\runtime\helpers\asyncToGenerator.js:22:9)
    at processTicksAndRejections (node:internal/process/task_queues:95:5) 
    url - /api/v1/users/login 
    method - POST 
    IP - ::1
   {"timestamp":"2023-02-27T03:36:46.885Z"}
error: 
    status - 500 
    message - TypeError: Cannot read properties of null (reading 'email')
    at _callee2$ (D:\MSBelagavi\FunDoo_Notes\src\controllers\/user.controller.js:34:14)
    at tryCatch (D:\MSBelagavi\FunDoo_Notes\node_modules\@babel\runtime\helpers\regeneratorRuntime.js:44:17)
    at Generator.<anonymous> (D:\MSBelagavi\FunDoo_Notes\node_modules\@babel\runtime\helpers\regeneratorRuntime.js:125:22)
    at Generator.next (D:\MSBelagavi\FunDoo_Notes\node_modules\@babel\runtime\helpers\regeneratorRuntime.js:69:21)
    at asyncGeneratorStep (D:\MSBelagavi\FunDoo_Notes\node_modules\@babel\runtime\helpers\asyncToGenerator.js:3:24)
    at _next (D:\MSBelagavi\FunDoo_Notes\node_modules\@babel\runtime\helpers\asyncToGenerator.js:22:9)
    at processTicksAndRejections (node:internal/process/task_queues:95:5) 
    url - /api/v1/users/login 
    method - POST 
    IP - ::1
   {"timestamp":"2023-02-27T03:37:07.821Z"}
info: Server started at http://localhost:4000/api/v1/ {"timestamp":"2023-02-27T03:37:41.511Z"}
info: Connected to the database. {"timestamp":"2023-02-27T03:37:41.556Z"}
info: Server started at http://localhost:4000/api/v1/ {"timestamp":"2023-02-27T03:37:49.310Z"}
info: Connected to the database. {"timestamp":"2023-02-27T03:37:49.349Z"}
info: Server started at http://localhost:4000/api/v1/ {"timestamp":"2023-02-27T03:39:34.368Z"}
info: Connected to the database. {"timestamp":"2023-02-27T03:39:34.399Z"}
info: Server started at http://localhost:4000/api/v1/ {"timestamp":"2023-02-27T03:39:41.034Z"}
info: Connected to the database. {"timestamp":"2023-02-27T03:39:41.064Z"}
info: Server started at http://localhost:4000/api/v1/ {"timestamp":"2023-02-27T03:40:19.638Z"}
info: Connected to the database. {"timestamp":"2023-02-27T03:40:19.672Z"}
info: Server started at http://localhost:4000/api/v1/ {"timestamp":"2023-02-27T03:40:56.780Z"}
info: Connected to the database. {"timestamp":"2023-02-27T03:40:56.822Z"}
info: Server started at http://localhost:4000/api/v1/ {"timestamp":"2023-02-27T03:41:08.599Z"}
info: Connected to the database. {"timestamp":"2023-02-27T03:41:08.631Z"}
info: Server started at http://localhost:4000/api/v1/ {"timestamp":"2023-02-27T03:41:19.657Z"}
info: Connected to the database. {"timestamp":"2023-02-27T03:41:19.693Z"}
info: Server started at http://localhost:4000/api/v1/ {"timestamp":"2023-02-27T03:42:20.148Z"}
info: Connected to the database. {"timestamp":"2023-02-27T03:42:20.185Z"}
info: Server started at http://localhost:4000/api/v1/ {"timestamp":"2023-02-27T03:42:26.947Z"}
info: Connected to the database. {"timestamp":"2023-02-27T03:42:26.980Z"}
info: Server started at http://localhost:4000/api/v1/ {"timestamp":"2023-02-27T03:44:19.921Z"}
info: Connected to the database. {"timestamp":"2023-02-27T03:44:19.960Z"}
info: Server started at http://localhost:4000/api/v1/ {"timestamp":"2023-02-27T03:44:28.598Z"}
info: Connected to the database. {"timestamp":"2023-02-27T03:44:28.629Z"}
info: Server started at http://localhost:4000/api/v1/ {"timestamp":"2023-02-27T03:44:45.920Z"}
info: Connected to the database. {"timestamp":"2023-02-27T03:44:45.963Z"}
info: Server started at http://localhost:4000/api/v1/ {"timestamp":"2023-02-27T03:45:02.920Z"}
info: Connected to the database. {"timestamp":"2023-02-27T03:45:02.970Z"}
info: Server started at http://localhost:4000/api/v1/ {"timestamp":"2023-02-27T03:45:23.352Z"}
info: Connected to the database. {"timestamp":"2023-02-27T03:45:23.393Z"}
info: Server started at http://localhost:4000/api/v1/ {"timestamp":"2023-02-27T03:45:38.687Z"}
info: Connected to the database. {"timestamp":"2023-02-27T03:45:38.736Z"}
info: Server started at http://localhost:4000/api/v1/ {"timestamp":"2023-02-27T03:45:46.593Z"}
info: Connected to the database. {"timestamp":"2023-02-27T03:45:46.629Z"}
info: Server started at http://localhost:4000/api/v1/ {"timestamp":"2023-02-27T03:46:00.701Z"}
info: Connected to the database. {"timestamp":"2023-02-27T03:46:00.744Z"}
info: Server started at http://localhost:4000/api/v1/ {"timestamp":"2023-02-27T03:46:08.066Z"}
info: Connected to the database. {"timestamp":"2023-02-27T03:46:08.100Z"}
info: Server started at http://localhost:4000/api/v1/ {"timestamp":"2023-02-27T03:49:11.868Z"}
info: Connected to the database. {"timestamp":"2023-02-27T03:49:11.898Z"}
info: Server started at http://localhost:4000/api/v1/ {"timestamp":"2023-02-27T03:49:18.336Z"}
info: Connected to the database. {"timestamp":"2023-02-27T03:49:18.363Z"}
info: Server started at http://localhost:4000/api/v1/ {"timestamp":"2023-02-27T03:49:38.751Z"}
info: Connected to the database. {"timestamp":"2023-02-27T03:49:38.790Z"}
info: Server started at http://localhost:4000/api/v1/ {"timestamp":"2023-02-27T03:49:44.530Z"}
info: Connected to the database. {"timestamp":"2023-02-27T03:49:44.604Z"}
info: Server started at http://localhost:4000/api/v1/ {"timestamp":"2023-02-27T03:49:50.706Z"}
info: Connected to the database. {"timestamp":"2023-02-27T03:49:50.738Z"}
info: Server started at http://localhost:4000/api/v1/ {"timestamp":"2023-02-27T03:49:56.822Z"}
info: Connected to the database. {"timestamp":"2023-02-27T03:49:56.856Z"}
info: Server started at http://localhost:4000/api/v1/ {"timestamp":"2023-02-27T03:50:03.471Z"}
info: Connected to the database. {"timestamp":"2023-02-27T03:50:03.508Z"}
info: Server started at http://localhost:4000/api/v1/ {"timestamp":"2023-02-27T03:50:33.052Z"}
info: Connected to the database. {"timestamp":"2023-02-27T03:50:33.078Z"}
info: Server started at http://localhost:4000/api/v1/ {"timestamp":"2023-02-27T03:51:00.920Z"}
info: Connected to the database. {"timestamp":"2023-02-27T03:51:00.955Z"}
info: Server started at http://localhost:4000/api/v1/ {"timestamp":"2023-02-27T03:51:11.365Z"}
info: Connected to the database. {"timestamp":"2023-02-27T03:51:11.394Z"}
info: Server started at http://localhost:4000/api/v1/ {"timestamp":"2023-02-27T03:51:35.303Z"}
info: Connected to the database. {"timestamp":"2023-02-27T03:51:35.337Z"}
info: Server started at http://localhost:4000/api/v1/ {"timestamp":"2023-02-27T03:52:40.799Z"}
info: Connected to the database. {"timestamp":"2023-02-27T03:52:40.844Z"}
info: Server started at http://localhost:4000/api/v1/ {"timestamp":"2023-02-27T03:52:46.058Z"}
info: Connected to the database. {"timestamp":"2023-02-27T03:52:46.096Z"}
info: Server started at http://localhost:4000/api/v1/ {"timestamp":"2023-02-27T03:52:51.257Z"}
info: Connected to the database. {"timestamp":"2023-02-27T03:52:51.290Z"}
info: Server started at http://localhost:4000/api/v1/ {"timestamp":"2023-02-27T03:52:56.881Z"}
info: Connected to the database. {"timestamp":"2023-02-27T03:52:56.919Z"}
info: Server started at http://localhost:4000/api/v1/ {"timestamp":"2023-02-27T03:53:02.457Z"}
info: Connected to the database. {"timestamp":"2023-02-27T03:53:02.493Z"}
info: Server started at http://localhost:4000/api/v1/ {"timestamp":"2023-02-27T03:53:16.336Z"}
info: Connected to the database. {"timestamp":"2023-02-27T03:53:16.379Z"}
info: Server started at http://localhost:4000/api/v1/ {"timestamp":"2023-02-27T03:53:22.213Z"}
info: Connected to the database. {"timestamp":"2023-02-27T03:53:22.240Z"}
info: Server started at http://localhost:4000/api/v1/ {"timestamp":"2023-02-27T03:53:42.173Z"}
info: Connected to the database. {"timestamp":"2023-02-27T03:53:42.210Z"}
info: Server started at http://localhost:4000/api/v1/ {"timestamp":"2023-02-27T03:53:57.163Z"}
info: Connected to the database. {"timestamp":"2023-02-27T03:53:57.189Z"}
info: Server started at http://localhost:4000/api/v1/ {"timestamp":"2023-02-27T03:54:05.935Z"}
info: Connected to the database. {"timestamp":"2023-02-27T03:54:05.965Z"}
info: Server started at http://localhost:4000/api/v1/ {"timestamp":"2023-02-27T03:55:08.166Z"}
info: Connected to the database. {"timestamp":"2023-02-27T03:55:08.193Z"}
info: Server started at http://localhost:4000/api/v1/ {"timestamp":"2023-02-27T03:55:51.454Z"}
info: Connected to the database. {"timestamp":"2023-02-27T03:55:51.485Z"}
info: Server started at http://localhost:4000/api/v1/ {"timestamp":"2023-02-27T03:55:58.650Z"}
info: Connected to the database. {"timestamp":"2023-02-27T03:55:58.688Z"}
info: Server started at http://localhost:4000/api/v1/ {"timestamp":"2023-02-27T03:56:03.886Z"}
info: Connected to the database. {"timestamp":"2023-02-27T03:56:03.914Z"}
info: Server started at http://localhost:4000/api/v1/ {"timestamp":"2023-02-27T04:17:56.611Z"}
info: Connected to the database. {"timestamp":"2023-02-27T04:17:56.691Z"}
error: 
    status - 500 
    message - ValidationError: "firstName" is required 
    url - /api/v1/users/create 
    method - POST 
    IP - ::1
   {"timestamp":"2023-02-27T04:18:09.106Z"}
error: 
    status - 500 
    message - ValidationError: "email" with value "abc$123@gmail.com" fails to match the required pattern: /^([a-zA-Z]{3,}([.|_|+|-]?[a-zA-Z0-9]+)?[@][a-zA-Z0-9]+[.][a-zA-Z]{2,3}([.]?[a-zA-Z]{2,3})?)$/ 
    url - /api/v1/users/create 
    method - POST 
    IP - ::1
   {"timestamp":"2023-02-27T04:20:04.497Z"}
error: 
    status - 500 
    message - ValidationError: "password" with value "abc@123789" fails to match the required pattern: /^((?=.*[A-Z])(?=.*[a-z])(?=.*[!@#$%^&*+?~])(?=.*[0-9]).{8,})$/ 
    url - /api/v1/users/create 
    method - POST 
    IP - ::1
   {"timestamp":"2023-02-27T04:20:20.125Z"}
error: 
    status - 500 
    message - ValidationError: "confirm_password" is required 
    url - /api/v1/users/create 
    method - POST 
    IP - ::1
   {"timestamp":"2023-02-27T04:20:38.555Z"}
info: Server started at http://localhost:4000/api/v1/ {"timestamp":"2023-02-27T06:07:29.592Z"}
info: Connected to the database. {"timestamp":"2023-02-27T06:07:29.622Z"}
error: 
    status - 500 
    message - ValidationError: "firstName" with value "Rajesh kumar" fails to match the required pattern: /^[A-Z]{1,1}[a-z]{3,20}$/ 
    url - /api/v1/users/create 
    method - POST 
    IP - ::1
   {"timestamp":"2023-02-27T06:09:48.099Z"}
error: 
      status - 400
      message - Authorization token is required 
      url - /api/v1/users/login 
      method - POST 
      IP - ::1
     {"timestamp":"2023-02-27T06:10:08.955Z"}
info: Server started at http://localhost:4000/api/v1/ {"timestamp":"2023-02-27T06:11:14.541Z"}
info: Connected to the database. {"timestamp":"2023-02-27T06:11:14.636Z"}
info: Server started at http://localhost:4000/api/v1/ {"timestamp":"2023-02-27T06:11:19.105Z"}
info: Connected to the database. {"timestamp":"2023-02-27T06:11:19.143Z"}
error: 
    status - 500 
    message - ReferenceError: error is not defined
    at _callee2$ (D:\MSBelagavi\FunDoo_Notes\src\controllers\/user.controller.js:42:20)
    at tryCatch (D:\MSBelagavi\FunDoo_Notes\node_modules\@babel\runtime\helpers\regeneratorRuntime.js:44:17)
    at Generator.<anonymous> (D:\MSBelagavi\FunDoo_Notes\node_modules\@babel\runtime\helpers\regeneratorRuntime.js:125:22)
    at Generator.next (D:\MSBelagavi\FunDoo_Notes\node_modules\@babel\runtime\helpers\regeneratorRuntime.js:69:21)
    at asyncGeneratorStep (D:\MSBelagavi\FunDoo_Notes\node_modules\@babel\runtime\helpers\asyncToGenerator.js:3:24)
    at _next (D:\MSBelagavi\FunDoo_Notes\node_modules\@babel\runtime\helpers\asyncToGenerator.js:22:9) 
    url - /api/v1/users/login 
    method - POST 
    IP - ::1
   {"timestamp":"2023-02-27T06:11:26.934Z"}
info: Server started at http://localhost:4000/api/v1/ {"timestamp":"2023-02-27T06:14:34.459Z"}
info: Connected to the database. {"timestamp":"2023-02-27T06:14:34.486Z"}
info: Server started at http://localhost:4000/api/v1/ {"timestamp":"2023-02-27T06:14:44.858Z"}
info: Connected to the database. {"timestamp":"2023-02-27T06:14:44.882Z"}
info: Server started at http://localhost:4000/api/v1/ {"timestamp":"2023-02-27T06:15:04.174Z"}
info: Connected to the database. {"timestamp":"2023-02-27T06:15:04.207Z"}
info: Server started at http://localhost:4000/api/v1/ {"timestamp":"2023-02-27T06:16:07.604Z"}
info: Connected to the database. {"timestamp":"2023-02-27T06:16:07.631Z"}
info: Server started at http://localhost:4000/api/v1/ {"timestamp":"2023-02-27T06:16:58.677Z"}
info: Connected to the database. {"timestamp":"2023-02-27T06:16:58.706Z"}
info: Server started at http://localhost:4000/api/v1/ {"timestamp":"2023-02-27T06:17:56.409Z"}
info: Connected to the database. {"timestamp":"2023-02-27T06:17:56.438Z"}
info: Server started at http://localhost:4000/api/v1/ {"timestamp":"2023-02-27T06:28:44.640Z"}
info: Connected to the database. {"timestamp":"2023-02-27T06:28:44.674Z"}
info: Server started at http://localhost:4000/api/v1/ {"timestamp":"2023-02-27T06:29:05.456Z"}
info: Connected to the database. {"timestamp":"2023-02-27T06:29:05.486Z"}
info: Server started at http://localhost:4000/api/v1/ {"timestamp":"2023-02-27T06:29:14.650Z"}
info: Connected to the database. {"timestamp":"2023-02-27T06:29:14.682Z"}
info: Server started at http://localhost:4000/api/v1/ {"timestamp":"2023-02-27T06:29:32.485Z"}
info: Connected to the database. {"timestamp":"2023-02-27T06:29:32.514Z"}
info: Server started at http://localhost:4000/api/v1/ {"timestamp":"2023-02-27T06:30:56.426Z"}
info: Connected to the database. {"timestamp":"2023-02-27T06:30:56.454Z"}
info: Server started at http://localhost:4000/api/v1/ {"timestamp":"2023-02-27T06:31:08.977Z"}
info: Connected to the database. {"timestamp":"2023-02-27T06:31:09.016Z"}
info: Server started at http://localhost:4000/api/v1/ {"timestamp":"2023-02-27T06:32:09.803Z"}
info: Connected to the database. {"timestamp":"2023-02-27T06:32:09.833Z"}
info: Server started at http://localhost:4000/api/v1/ {"timestamp":"2023-02-27T06:33:12.928Z"}
info: Connected to the database. {"timestamp":"2023-02-27T06:33:12.953Z"}
info: Server started at http://localhost:4000/api/v1/ {"timestamp":"2023-02-27T06:33:35.711Z"}
info: Connected to the database. {"timestamp":"2023-02-27T06:33:35.748Z"}
info: Server started at http://localhost:4000/api/v1/ {"timestamp":"2023-02-27T06:33:56.581Z"}
info: Connected to the database. {"timestamp":"2023-02-27T06:33:56.613Z"}
info: Server started at http://localhost:4000/api/v1/ {"timestamp":"2023-02-27T06:34:18.501Z"}
info: Connected to the database. {"timestamp":"2023-02-27T06:34:18.531Z"}
error: 
    status - 500 
    message - Error: Cannot set headers after they are sent to the client
    at new NodeError (node:internal/errors:400:5)
    at ServerResponse.setHeader (node:_http_outgoing:663:11)
    at ServerResponse.header (D:\MSBelagavi\FunDoo_Notes\node_modules\express\lib\response.js:794:10)
    at ServerResponse.send (D:\MSBelagavi\FunDoo_Notes\node_modules\express\lib\response.js:174:12)
    at ServerResponse.json (D:\MSBelagavi\FunDoo_Notes\node_modules\express\lib\response.js:278:15)
    at ServerResponse.send (D:\MSBelagavi\FunDoo_Notes\node_modules\express\lib\response.js:162:21)
    at _callee$ (D:\MSBelagavi\FunDoo_Notes\src\controllers\/user.controller.js:29:11)
    at tryCatch (D:\MSBelagavi\FunDoo_Notes\node_modules\@babel\runtime\helpers\regeneratorRuntime.js:44:17)
    at Generator.<anonymous> (D:\MSBelagavi\FunDoo_Notes\node_modules\@babel\runtime\helpers\regeneratorRuntime.js:125:22)
    at Generator.next (D:\MSBelagavi\FunDoo_Notes\node_modules\@babel\runtime\helpers\regeneratorRuntime.js:69:21)
    at asyncGeneratorStep (D:\MSBelagavi\FunDoo_Notes\node_modules\@babel\runtime\helpers\asyncToGenerator.js:3:24)
    at _next (D:\MSBelagavi\FunDoo_Notes\node_modules\@babel\runtime\helpers\asyncToGenerator.js:22:9)
    at processTicksAndRejections (node:internal/process/task_queues:95:5) 
    url - /api/v1/users/create 
    method - POST 
    IP - ::1
   {"timestamp":"2023-02-27T06:35:21.254Z"}
info: Server started at http://localhost:4000/api/v1/ {"timestamp":"2023-02-27T06:36:05.320Z"}
info: Connected to the database. {"timestamp":"2023-02-27T06:36:05.349Z"}
error: 
    status - 500 
    message - ReferenceError: body is not defined
    at _callee$ (D:\MSBelagavi\FunDoo_Notes\src\controllers\/user.controller.js:23:46)
    at tryCatch (D:\MSBelagavi\FunDoo_Notes\node_modules\@babel\runtime\helpers\regeneratorRuntime.js:44:17)
    at Generator.<anonymous> (D:\MSBelagavi\FunDoo_Notes\node_modules\@babel\runtime\helpers\regeneratorRuntime.js:125:22)
    at Generator.next (D:\MSBelagavi\FunDoo_Notes\node_modules\@babel\runtime\helpers\regeneratorRuntime.js:69:21)
    at asyncGeneratorStep (D:\MSBelagavi\FunDoo_Notes\node_modules\@babel\runtime\helpers\asyncToGenerator.js:3:24)
    at _next (D:\MSBelagavi\FunDoo_Notes\node_modules\@babel\runtime\helpers\asyncToGenerator.js:22:9)
    at processTicksAndRejections (node:internal/process/task_queues:95:5) 
    url - /api/v1/users/create 
    method - POST 
    IP - ::1
   {"timestamp":"2023-02-27T06:36:12.374Z"}
info: Server started at http://localhost:4000/api/v1/ {"timestamp":"2023-02-27T06:37:31.777Z"}
info: Connected to the database. {"timestamp":"2023-02-27T06:37:31.815Z"}
error: 
    status - 500 
    message - ReferenceError: body is not defined
    at _callee$ (D:\MSBelagavi\FunDoo_Notes\src\controllers\/user.controller.js:23:46)
    at tryCatch (D:\MSBelagavi\FunDoo_Notes\node_modules\@babel\runtime\helpers\regeneratorRuntime.js:44:17)
    at Generator.<anonymous> (D:\MSBelagavi\FunDoo_Notes\node_modules\@babel\runtime\helpers\regeneratorRuntime.js:125:22)
    at Generator.next (D:\MSBelagavi\FunDoo_Notes\node_modules\@babel\runtime\helpers\regeneratorRuntime.js:69:21)
    at asyncGeneratorStep (D:\MSBelagavi\FunDoo_Notes\node_modules\@babel\runtime\helpers\asyncToGenerator.js:3:24)
    at _next (D:\MSBelagavi\FunDoo_Notes\node_modules\@babel\runtime\helpers\asyncToGenerator.js:22:9)
    at processTicksAndRejections (node:internal/process/task_queues:95:5) 
    url - /api/v1/users/create 
    method - POST 
    IP - ::1
   {"timestamp":"2023-02-27T06:37:50.417Z"}
info: Server started at http://localhost:4000/api/v1/ {"timestamp":"2023-02-27T07:15:22.404Z"}
info: Connected to the database. {"timestamp":"2023-02-27T07:15:22.433Z"}
info: Server started at http://localhost:4000/api/v1/ {"timestamp":"2023-02-27T07:16:04.221Z"}
info: Connected to the database. {"timestamp":"2023-02-27T07:16:04.252Z"}
error: 
    status - 500 
    message - ReferenceError: body is not defined
    at _callee$ (D:\MSBelagavi\FunDoo_Notes\src\controllers\/user.controller.js:25:7)
    at tryCatch (D:\MSBelagavi\FunDoo_Notes\node_modules\@babel\runtime\helpers\regeneratorRuntime.js:44:17)
    at Generator.<anonymous> (D:\MSBelagavi\FunDoo_Notes\node_modules\@babel\runtime\helpers\regeneratorRuntime.js:125:22)
    at Generator.next (D:\MSBelagavi\FunDoo_Notes\node_modules\@babel\runtime\helpers\regeneratorRuntime.js:69:21)
    at asyncGeneratorStep (D:\MSBelagavi\FunDoo_Notes\node_modules\@babel\runtime\helpers\asyncToGenerator.js:3:24)
    at _next (D:\MSBelagavi\FunDoo_Notes\node_modules\@babel\runtime\helpers\asyncToGenerator.js:22:9) 
    url - /api/v1/users/create 
    method - POST 
    IP - ::1
   {"timestamp":"2023-02-27T07:16:08.659Z"}
info: Server started at http://localhost:4000/api/v1/ {"timestamp":"2023-02-27T07:18:12.508Z"}
info: Connected to the database. {"timestamp":"2023-02-27T07:18:12.536Z"}
info: Server started at http://localhost:4000/api/v1/ {"timestamp":"2023-02-27T07:18:26.199Z"}
info: Connected to the database. {"timestamp":"2023-02-27T07:18:26.225Z"}
info: Server started at http://localhost:4000/api/v1/ {"timestamp":"2023-02-27T07:18:44.619Z"}
info: Connected to the database. {"timestamp":"2023-02-27T07:18:44.689Z"}
error: 
    status - 500 
    message - ReferenceError: body is not defined
    at _callee$ (D:\MSBelagavi\FunDoo_Notes\src\controllers\/user.controller.js:23:46)
    at tryCatch (D:\MSBelagavi\FunDoo_Notes\node_modules\@babel\runtime\helpers\regeneratorRuntime.js:44:17)
    at Generator.<anonymous> (D:\MSBelagavi\FunDoo_Notes\node_modules\@babel\runtime\helpers\regeneratorRuntime.js:125:22)
    at Generator.next (D:\MSBelagavi\FunDoo_Notes\node_modules\@babel\runtime\helpers\regeneratorRuntime.js:69:21)
    at asyncGeneratorStep (D:\MSBelagavi\FunDoo_Notes\node_modules\@babel\runtime\helpers\asyncToGenerator.js:3:24)
    at _next (D:\MSBelagavi\FunDoo_Notes\node_modules\@babel\runtime\helpers\asyncToGenerator.js:22:9)
    at processTicksAndRejections (node:internal/process/task_queues:95:5) 
    url - /api/v1/users/create 
    method - POST 
    IP - ::1
   {"timestamp":"2023-02-27T07:19:02.125Z"}
info: Server started at http://localhost:4000/api/v1/ {"timestamp":"2023-02-27T07:32:48.936Z"}
info: Connected to the database. {"timestamp":"2023-02-27T07:32:48.960Z"}
info: Server started at http://localhost:4000/api/v1/ {"timestamp":"2023-02-27T07:33:15.107Z"}
info: Connected to the database. {"timestamp":"2023-02-27T07:33:15.201Z"}
error: 
    status - 500 
    message - ReferenceError: body is not defined
    at _callee$ (D:\MSBelagavi\FunDoo_Notes\src\controllers\/user.controller.js:23:44)
    at tryCatch (D:\MSBelagavi\FunDoo_Notes\node_modules\@babel\runtime\helpers\regeneratorRuntime.js:44:17)
    at Generator.<anonymous> (D:\MSBelagavi\FunDoo_Notes\node_modules\@babel\runtime\helpers\regeneratorRuntime.js:125:22)
    at Generator.next (D:\MSBelagavi\FunDoo_Notes\node_modules\@babel\runtime\helpers\regeneratorRuntime.js:69:21)
    at asyncGeneratorStep (D:\MSBelagavi\FunDoo_Notes\node_modules\@babel\runtime\helpers\asyncToGenerator.js:3:24)
    at _next (D:\MSBelagavi\FunDoo_Notes\node_modules\@babel\runtime\helpers\asyncToGenerator.js:22:9)
    at processTicksAndRejections (node:internal/process/task_queues:95:5) 
    url - /api/v1/users/create 
    method - POST 
    IP - ::1
   {"timestamp":"2023-02-27T07:33:21.695Z"}
info: Server started at http://localhost:4000/api/v1/ {"timestamp":"2023-02-27T07:35:00.490Z"}
info: Connected to the database. {"timestamp":"2023-02-27T07:35:00.519Z"}
info: Server started at http://localhost:4000/api/v1/ {"timestamp":"2023-02-27T07:35:09.116Z"}
info: Connected to the database. {"timestamp":"2023-02-27T07:35:09.149Z"}
info: Server started at http://localhost:4000/api/v1/ {"timestamp":"2023-02-27T07:49:02.036Z"}
info: Connected to the database. {"timestamp":"2023-02-27T07:49:02.070Z"}
info: Server started at http://localhost:4000/api/v1/ {"timestamp":"2023-02-27T07:52:08.915Z"}
info: Connected to the database. {"timestamp":"2023-02-27T07:52:08.950Z"}
info: Server started at http://localhost:4000/api/v1/ {"timestamp":"2023-02-27T07:52:43.986Z"}
info: Connected to the database. {"timestamp":"2023-02-27T07:52:44.021Z"}
info: Server started at http://localhost:4000/api/v1/ {"timestamp":"2023-02-27T07:52:56.105Z"}
info: Connected to the database. {"timestamp":"2023-02-27T07:52:56.162Z"}
info: Server started at http://localhost:4000/api/v1/ {"timestamp":"2023-02-27T07:53:03.768Z"}
info: Connected to the database. {"timestamp":"2023-02-27T07:53:03.797Z"}
info: Server started at http://localhost:4000/api/v1/ {"timestamp":"2023-02-27T07:53:12.917Z"}
info: Connected to the database. {"timestamp":"2023-02-27T07:53:12.951Z"}
info: Server started at http://localhost:4000/api/v1/ {"timestamp":"2023-02-27T07:54:00.310Z"}
info: Connected to the database. {"timestamp":"2023-02-27T07:54:00.341Z"}
info: Server started at http://localhost:4000/api/v1/ {"timestamp":"2023-02-27T07:54:19.335Z"}
info: Connected to the database. {"timestamp":"2023-02-27T07:54:19.386Z"}
info: Server started at http://localhost:4000/api/v1/ {"timestamp":"2023-02-27T07:54:26.729Z"}
info: Connected to the database. {"timestamp":"2023-02-27T07:54:26.764Z"}
error: 
    status - 500 
    message - Error: Illegal arguments: string, undefined
    at _async (D:\MSBelagavi\FunDoo_Notes\node_modules\bcryptjs\dist\bcrypt.js:286:46)
    at D:\MSBelagavi\FunDoo_Notes\node_modules\bcryptjs\dist\bcrypt.js:307:17
    at new Promise (<anonymous>)
    at Object.compare (D:\MSBelagavi\FunDoo_Notes\node_modules\bcryptjs\dist\bcrypt.js:306:20)
    at _callee2$ (D:\MSBelagavi\FunDoo_Notes\src\controllers\/user.controller.js:44:36)
    at tryCatch (D:\MSBelagavi\FunDoo_Notes\node_modules\@babel\runtime\helpers\regeneratorRuntime.js:44:17)
    at Generator.<anonymous> (D:\MSBelagavi\FunDoo_Notes\node_modules\@babel\runtime\helpers\regeneratorRuntime.js:125:22)
    at Generator.next (D:\MSBelagavi\FunDoo_Notes\node_modules\@babel\runtime\helpers\regeneratorRuntime.js:69:21)
    at asyncGeneratorStep (D:\MSBelagavi\FunDoo_Notes\node_modules\@babel\runtime\helpers\asyncToGenerator.js:3:24)
    at _next (D:\MSBelagavi\FunDoo_Notes\node_modules\@babel\runtime\helpers\asyncToGenerator.js:22:9)
    at processTicksAndRejections (node:internal/process/task_queues:95:5) 
    url - /api/v1/users/login 
    method - POST 
    IP - ::1
   {"timestamp":"2023-02-27T07:55:01.458Z"}
error: 
    status - 500 
    message - Error: Illegal arguments: string, undefined
    at _async (D:\MSBelagavi\FunDoo_Notes\node_modules\bcryptjs\dist\bcrypt.js:286:46)
    at D:\MSBelagavi\FunDoo_Notes\node_modules\bcryptjs\dist\bcrypt.js:307:17
    at new Promise (<anonymous>)
    at Object.compare (D:\MSBelagavi\FunDoo_Notes\node_modules\bcryptjs\dist\bcrypt.js:306:20)
    at _callee2$ (D:\MSBelagavi\FunDoo_Notes\src\controllers\/user.controller.js:44:36)
    at tryCatch (D:\MSBelagavi\FunDoo_Notes\node_modules\@babel\runtime\helpers\regeneratorRuntime.js:44:17)
    at Generator.<anonymous> (D:\MSBelagavi\FunDoo_Notes\node_modules\@babel\runtime\helpers\regeneratorRuntime.js:125:22)
    at Generator.next (D:\MSBelagavi\FunDoo_Notes\node_modules\@babel\runtime\helpers\regeneratorRuntime.js:69:21)
    at asyncGeneratorStep (D:\MSBelagavi\FunDoo_Notes\node_modules\@babel\runtime\helpers\asyncToGenerator.js:3:24)
    at _next (D:\MSBelagavi\FunDoo_Notes\node_modules\@babel\runtime\helpers\asyncToGenerator.js:22:9)
    at processTicksAndRejections (node:internal/process/task_queues:95:5) 
    url - /api/v1/users/login 
    method - POST 
    IP - ::1
   {"timestamp":"2023-02-27T07:55:18.759Z"}
error: 
    status - 500 
    message - Error: Illegal arguments: string, undefined
    at _async (D:\MSBelagavi\FunDoo_Notes\node_modules\bcryptjs\dist\bcrypt.js:286:46)
    at D:\MSBelagavi\FunDoo_Notes\node_modules\bcryptjs\dist\bcrypt.js:307:17
    at new Promise (<anonymous>)
    at Object.compare (D:\MSBelagavi\FunDoo_Notes\node_modules\bcryptjs\dist\bcrypt.js:306:20)
    at _callee2$ (D:\MSBelagavi\FunDoo_Notes\src\controllers\/user.controller.js:44:36)
    at tryCatch (D:\MSBelagavi\FunDoo_Notes\node_modules\@babel\runtime\helpers\regeneratorRuntime.js:44:17)
    at Generator.<anonymous> (D:\MSBelagavi\FunDoo_Notes\node_modules\@babel\runtime\helpers\regeneratorRuntime.js:125:22)
    at Generator.next (D:\MSBelagavi\FunDoo_Notes\node_modules\@babel\runtime\helpers\regeneratorRuntime.js:69:21)
    at asyncGeneratorStep (D:\MSBelagavi\FunDoo_Notes\node_modules\@babel\runtime\helpers\asyncToGenerator.js:3:24)
    at _next (D:\MSBelagavi\FunDoo_Notes\node_modules\@babel\runtime\helpers\asyncToGenerator.js:22:9)
    at processTicksAndRejections (node:internal/process/task_queues:95:5) 
    url - /api/v1/users/login 
    method - POST 
    IP - ::1
   {"timestamp":"2023-02-27T07:55:36.406Z"}
info: Server started at http://localhost:4000/api/v1/ {"timestamp":"2023-02-27T07:59:15.648Z"}
info: Connected to the database. {"timestamp":"2023-02-27T07:59:15.710Z"}
info: Server started at http://localhost:4000/api/v1/ {"timestamp":"2023-02-27T07:59:37.538Z"}
info: Connected to the database. {"timestamp":"2023-02-27T07:59:37.583Z"}
info: Server started at http://localhost:4000/api/v1/ {"timestamp":"2023-02-27T07:59:48.150Z"}
info: Connected to the database. {"timestamp":"2023-02-27T07:59:48.197Z"}
info: Server started at http://localhost:4000/api/v1/ {"timestamp":"2023-02-27T08:00:20.550Z"}
info: Connected to the database. {"timestamp":"2023-02-27T08:00:20.588Z"}
error: 
    status - 500 
    message - Error: Cannot set headers after they are sent to the client
    at new NodeError (node:internal/errors:400:5)
    at ServerResponse.setHeader (node:_http_outgoing:663:11)
    at ServerResponse.header (D:\MSBelagavi\FunDoo_Notes\node_modules\express\lib\response.js:794:10)
    at ServerResponse.send (D:\MSBelagavi\FunDoo_Notes\node_modules\express\lib\response.js:174:12)
    at ServerResponse.json (D:\MSBelagavi\FunDoo_Notes\node_modules\express\lib\response.js:278:15)
    at _callee$ (D:\MSBelagavi\FunDoo_Notes\src\controllers\/user.controller.js:26:36)
    at tryCatch (D:\MSBelagavi\FunDoo_Notes\node_modules\@babel\runtime\helpers\regeneratorRuntime.js:44:17)
    at Generator.<anonymous> (D:\MSBelagavi\FunDoo_Notes\node_modules\@babel\runtime\helpers\regeneratorRuntime.js:125:22)
    at Generator.next (D:\MSBelagavi\FunDoo_Notes\node_modules\@babel\runtime\helpers\regeneratorRuntime.js:69:21)
    at asyncGeneratorStep (D:\MSBelagavi\FunDoo_Notes\node_modules\@babel\runtime\helpers\asyncToGenerator.js:3:24)
    at _next (D:\MSBelagavi\FunDoo_Notes\node_modules\@babel\runtime\helpers\asyncToGenerator.js:22:9) 
    url - /api/v1/users/create 
    method - POST 
    IP - ::1
   {"timestamp":"2023-02-27T08:02:56.756Z"}
error: 
    status - 500 
    message - Error: Cannot set headers after they are sent to the client
    at new NodeError (node:internal/errors:400:5)
    at ServerResponse.setHeader (node:_http_outgoing:663:11)
    at ServerResponse.header (D:\MSBelagavi\FunDoo_Notes\node_modules\express\lib\response.js:794:10)
    at ServerResponse.send (D:\MSBelagavi\FunDoo_Notes\node_modules\express\lib\response.js:174:12)
    at ServerResponse.json (D:\MSBelagavi\FunDoo_Notes\node_modules\express\lib\response.js:278:15)
    at _callee$ (D:\MSBelagavi\FunDoo_Notes\src\controllers\/user.controller.js:26:36)
    at tryCatch (D:\MSBelagavi\FunDoo_Notes\node_modules\@babel\runtime\helpers\regeneratorRuntime.js:44:17)
    at Generator.<anonymous> (D:\MSBelagavi\FunDoo_Notes\node_modules\@babel\runtime\helpers\regeneratorRuntime.js:125:22)
    at Generator.next (D:\MSBelagavi\FunDoo_Notes\node_modules\@babel\runtime\helpers\regeneratorRuntime.js:69:21)
    at asyncGeneratorStep (D:\MSBelagavi\FunDoo_Notes\node_modules\@babel\runtime\helpers\asyncToGenerator.js:3:24)
    at _next (D:\MSBelagavi\FunDoo_Notes\node_modules\@babel\runtime\helpers\asyncToGenerator.js:22:9) 
    url - /api/v1/users/create 
    method - POST 
    IP - ::1
   {"timestamp":"2023-02-27T08:03:02.969Z"}
info: Server started at http://localhost:4000/api/v1/ {"timestamp":"2023-02-27T08:15:30.189Z"}
info: Connected to the database. {"timestamp":"2023-02-27T08:15:30.229Z"}
info: Server started at http://localhost:4000/api/v1/ {"timestamp":"2023-02-27T08:17:43.810Z"}
info: Connected to the database. {"timestamp":"2023-02-27T08:17:43.863Z"}
info: Server started at http://localhost:4000/api/v1/ {"timestamp":"2023-02-27T08:17:49.808Z"}
info: Connected to the database. {"timestamp":"2023-02-27T08:17:49.855Z"}
info: Server started at http://localhost:4000/api/v1/ {"timestamp":"2023-02-27T08:18:02.133Z"}
info: Connected to the database. {"timestamp":"2023-02-27T08:18:02.189Z"}
info: Server started at http://localhost:4000/api/v1/ {"timestamp":"2023-02-27T08:18:18.300Z"}
info: Connected to the database. {"timestamp":"2023-02-27T08:18:18.351Z"}
info: Server started at http://localhost:4000/api/v1/ {"timestamp":"2023-02-27T08:18:41.115Z"}
info: Connected to the database. {"timestamp":"2023-02-27T08:18:41.166Z"}
info: Server started at http://localhost:4000/api/v1/ {"timestamp":"2023-02-27T08:19:45.098Z"}
info: Connected to the database. {"timestamp":"2023-02-27T08:19:45.127Z"}
info: Server started at http://localhost:4000/api/v1/ {"timestamp":"2023-02-27T08:19:57.007Z"}
info: Connected to the database. {"timestamp":"2023-02-27T08:19:57.043Z"}
info: Server started at http://localhost:4000/api/v1/ {"timestamp":"2023-02-27T08:20:12.703Z"}
info: Connected to the database. {"timestamp":"2023-02-27T08:20:12.743Z"}
info: Server started at http://localhost:4000/api/v1/ {"timestamp":"2023-02-27T08:21:13.011Z"}
info: Connected to the database. {"timestamp":"2023-02-27T08:21:13.065Z"}
info: Server started at http://localhost:4000/api/v1/ {"timestamp":"2023-02-27T08:21:19.028Z"}
info: Connected to the database. {"timestamp":"2023-02-27T08:21:19.076Z"}
info: Server started at http://localhost:4000/api/v1/ {"timestamp":"2023-02-27T08:21:38.628Z"}
info: Connected to the database. {"timestamp":"2023-02-27T08:21:38.694Z"}
info: Server started at http://localhost:4000/api/v1/ {"timestamp":"2023-02-27T08:21:51.483Z"}
info: Connected to the database. {"timestamp":"2023-02-27T08:21:51.517Z"}
info: Server started at http://localhost:4000/api/v1/ {"timestamp":"2023-02-27T08:22:44.346Z"}
info: Connected to the database. {"timestamp":"2023-02-27T08:22:44.381Z"}
info: Server started at http://localhost:4000/api/v1/ {"timestamp":"2023-02-27T08:23:03.276Z"}
info: Connected to the database. {"timestamp":"2023-02-27T08:23:03.322Z"}
info: Server started at http://localhost:4000/api/v1/ {"timestamp":"2023-02-27T08:23:17.089Z"}
info: Connected to the database. {"timestamp":"2023-02-27T08:23:17.119Z"}
info: Server started at http://localhost:4000/api/v1/ {"timestamp":"2023-02-27T08:24:12.172Z"}
info: Connected to the database. {"timestamp":"2023-02-27T08:24:12.200Z"}
info: Server started at http://localhost:4000/api/v1/ {"timestamp":"2023-02-27T08:24:43.305Z"}
info: Connected to the database. {"timestamp":"2023-02-27T08:24:43.338Z"}
info: Server started at http://localhost:4000/api/v1/ {"timestamp":"2023-02-27T08:24:50.483Z"}
info: Connected to the database. {"timestamp":"2023-02-27T08:24:50.509Z"}
info: Server started at http://localhost:4000/api/v1/ {"timestamp":"2023-02-27T08:26:47.477Z"}
info: Connected to the database. {"timestamp":"2023-02-27T08:26:47.508Z"}
info: Server started at http://localhost:4000/api/v1/ {"timestamp":"2023-02-27T08:27:00.291Z"}
info: Connected to the database. {"timestamp":"2023-02-27T08:27:00.332Z"}
info: Server started at http://localhost:4000/api/v1/ {"timestamp":"2023-02-27T08:27:09.674Z"}
info: Connected to the database. {"timestamp":"2023-02-27T08:27:09.710Z"}
info: Server started at http://localhost:4000/api/v1/ {"timestamp":"2023-02-27T08:28:04.779Z"}
info: Connected to the database. {"timestamp":"2023-02-27T08:28:04.813Z"}
error: 
    status - 500 
    message - ReferenceError: myPlaintextPassword is not defined
    at _callee$ (D:\MSBelagavi\FunDoo_Notes\src\controllers\/user.controller.js:26:34)
    at tryCatch (D:\MSBelagavi\FunDoo_Notes\node_modules\@babel\runtime\helpers\regeneratorRuntime.js:44:17)
    at Generator.<anonymous> (D:\MSBelagavi\FunDoo_Notes\node_modules\@babel\runtime\helpers\regeneratorRuntime.js:125:22)
    at Generator.next (D:\MSBelagavi\FunDoo_Notes\node_modules\@babel\runtime\helpers\regeneratorRuntime.js:69:21)
    at asyncGeneratorStep (D:\MSBelagavi\FunDoo_Notes\node_modules\@babel\runtime\helpers\asyncToGenerator.js:3:24)
    at _next (D:\MSBelagavi\FunDoo_Notes\node_modules\@babel\runtime\helpers\asyncToGenerator.js:22:9)
    at processTicksAndRejections (node:internal/process/task_queues:95:5) 
    url - /api/v1/users/create 
    method - POST 
    IP - ::1
   {"timestamp":"2023-02-27T08:28:13.248Z"}
info: Server started at http://localhost:4000/api/v1/ {"timestamp":"2023-02-27T08:28:49.913Z"}
info: Connected to the database. {"timestamp":"2023-02-27T08:28:49.948Z"}
error: 
    status - 500 
    message - Error: data and hash arguments required
    at Object.compare (D:\MSBelagavi\FunDoo_Notes\node_modules\bcrypt\bcrypt.js:208:17)
    at D:\MSBelagavi\FunDoo_Notes\node_modules\bcrypt\promises.js:29:12
    at new Promise (<anonymous>)
    at Object.module.exports.promise (D:\MSBelagavi\FunDoo_Notes\node_modules\bcrypt\promises.js:20:12)
    at Object.compare (D:\MSBelagavi\FunDoo_Notes\node_modules\bcrypt\bcrypt.js:204:25)
    at _callee2$ (D:\MSBelagavi\FunDoo_Notes\src\controllers\/user.controller.js:81:36)
    at tryCatch (D:\MSBelagavi\FunDoo_Notes\node_modules\@babel\runtime\helpers\regeneratorRuntime.js:44:17)
    at Generator.<anonymous> (D:\MSBelagavi\FunDoo_Notes\node_modules\@babel\runtime\helpers\regeneratorRuntime.js:125:22)
    at Generator.next (D:\MSBelagavi\FunDoo_Notes\node_modules\@babel\runtime\helpers\regeneratorRuntime.js:69:21)
    at asyncGeneratorStep (D:\MSBelagavi\FunDoo_Notes\node_modules\@babel\runtime\helpers\asyncToGenerator.js:3:24)
    at _next (D:\MSBelagavi\FunDoo_Notes\node_modules\@babel\runtime\helpers\asyncToGenerator.js:22:9)
    at processTicksAndRejections (node:internal/process/task_queues:95:5) 
    url - /api/v1/users/login 
    method - POST 
    IP - ::1
   {"timestamp":"2023-02-27T08:29:15.729Z"}
info: Server started at http://localhost:4000/api/v1/ {"timestamp":"2023-02-27T08:32:40.634Z"}
info: Connected to the database. {"timestamp":"2023-02-27T08:32:40.665Z"}
error: 
    status - 500 
    message - ReferenceError: error is not defined
    at _callee$ (D:\MSBelagavi\FunDoo_Notes\src\controllers\/user.controller.js:16:56)
    at tryCatch (D:\MSBelagavi\FunDoo_Notes\node_modules\@babel\runtime\helpers\regeneratorRuntime.js:44:17)
    at Generator.<anonymous> (D:\MSBelagavi\FunDoo_Notes\node_modules\@babel\runtime\helpers\regeneratorRuntime.js:125:22)
    at Generator.next (D:\MSBelagavi\FunDoo_Notes\node_modules\@babel\runtime\helpers\regeneratorRuntime.js:69:21)
    at asyncGeneratorStep (D:\MSBelagavi\FunDoo_Notes\node_modules\@babel\runtime\helpers\asyncToGenerator.js:3:24)
    at _next (D:\MSBelagavi\FunDoo_Notes\node_modules\@babel\runtime\helpers\asyncToGenerator.js:22:9)
    at D:\MSBelagavi\FunDoo_Notes\node_modules\@babel\runtime\helpers\asyncToGenerator.js:27:7
    at new Promise (<anonymous>)
    at apply (D:\MSBelagavi\FunDoo_Notes\node_modules\@babel\runtime\helpers\asyncToGenerator.js:19:12)
    at newRegistration (D:\MSBelagavi\FunDoo_Notes\src\controllers\/user.controller.js:14:29)
    at Layer.handle [as handle_request] (D:\MSBelagavi\FunDoo_Notes\node_modules\express\lib\router\layer.js:95:5)
    at next (D:\MSBelagavi\FunDoo_Notes\node_modules\express\lib\router\route.js:144:13)
    at newUserValidator (D:\MSBelagavi\FunDoo_Notes\src\validators\/user.validator.js:29:5)
    at Layer.handle [as handle_request] (D:\MSBelagavi\FunDoo_Notes\node_modules\express\lib\router\layer.js:95:5)
    at next (D:\MSBelagavi\FunDoo_Notes\node_modules\express\lib\router\route.js:144:13)
    at Route.dispatch (D:\MSBelagavi\FunDoo_Notes\node_modules\express\lib\router\route.js:114:3)
    at Layer.handle [as handle_request] (D:\MSBelagavi\FunDoo_Notes\node_modules\express\lib\router\layer.js:95:5)
    at D:\MSBelagavi\FunDoo_Notes\node_modules\express\lib\router\index.js:284:15
    at Function.process_params (D:\MSBelagavi\FunDoo_Notes\node_modules\express\lib\router\index.js:346:12)
    at next (D:\MSBelagavi\FunDoo_Notes\node_modules\express\lib\router\index.js:280:10)
    at Function.handle (D:\MSBelagavi\FunDoo_Notes\node_modules\express\lib\router\index.js:175:3)
    at router (D:\MSBelagavi\FunDoo_Notes\node_modules\express\lib\router\index.js:47:12)
    at Layer.handle [as handle_request] (D:\MSBelagavi\FunDoo_Notes\node_modules\express\lib\router\layer.js:95:5)
    at trim_prefix (D:\MSBelagavi\FunDoo_Notes\node_modules\express\lib\router\index.js:328:13)
    at D:\MSBelagavi\FunDoo_Notes\node_modules\express\lib\router\index.js:286:9
    at Function.process_params (D:\MSBelagavi\FunDoo_Notes\node_modules\express\lib\router\index.js:346:12)
    at next (D:\MSBelagavi\FunDoo_Notes\node_modules\express\lib\router\index.js:280:10)
    at Function.handle (D:\MSBelagavi\FunDoo_Notes\node_modules\express\lib\router\index.js:175:3)
    at router (D:\MSBelagavi\FunDoo_Notes\node_modules\express\lib\router\index.js:47:12)
    at Layer.handle [as handle_request] (D:\MSBelagavi\FunDoo_Notes\node_modules\express\lib\router\layer.js:95:5)
    at trim_prefix (D:\MSBelagavi\FunDoo_Notes\node_modules\express\lib\router\index.js:328:13)
    at D:\MSBelagavi\FunDoo_Notes\node_modules\express\lib\router\index.js:286:9
    at Function.process_params (D:\MSBelagavi\FunDoo_Notes\node_modules\express\lib\router\index.js:346:12)
    at next (D:\MSBelagavi\FunDoo_Notes\node_modules\express\lib\router\index.js:280:10)
    at logger (D:\MSBelagavi\FunDoo_Notes\node_modules\morgan\index.js:144:5)
    at Layer.handle [as handle_request] (D:\MSBelagavi\FunDoo_Notes\node_modules\express\lib\router\layer.js:95:5)
    at trim_prefix (D:\MSBelagavi\FunDoo_Notes\node_modules\express\lib\router\index.js:328:13)
    at D:\MSBelagavi\FunDoo_Notes\node_modules\express\lib\router\index.js:286:9
    at Function.process_params (D:\MSBelagavi\FunDoo_Notes\node_modules\express\lib\router\index.js:346:12)
    at next (D:\MSBelagavi\FunDoo_Notes\node_modules\express\lib\router\index.js:280:10)
    at D:\MSBelagavi\FunDoo_Notes\node_modules\body-parser\lib\read.js:137:5
    at AsyncResource.runInAsyncScope (node:async_hooks:204:9)
    at invokeCallback (D:\MSBelagavi\FunDoo_Notes\node_modules\raw-body\index.js:231:16)
    at done (D:\MSBelagavi\FunDoo_Notes\node_modules\raw-body\index.js:220:7)
    at IncomingMessage.onEnd (D:\MSBelagavi\FunDoo_Notes\node_modules\raw-body\index.js:280:7)
    at IncomingMessage.emit (node:events:513:28)
    at IncomingMessage.emit (node:domain:489:12)
    at endReadableNT (node:internal/streams/readable:1359:12)
    at processTicksAndRejections (node:internal/process/task_queues:82:21) 
    url - /api/v1/users/create 
    method - POST 
    IP - ::1
   {"timestamp":"2023-02-27T08:33:30.569Z"}
info: Server started at http://localhost:4000/api/v1/ {"timestamp":"2023-02-27T08:33:59.619Z"}
info: Connected to the database. {"timestamp":"2023-02-27T08:33:59.691Z"}
error: 
    status - 500 
    message - Error: Cannot set headers after they are sent to the client
    at new NodeError (node:internal/errors:400:5)
    at ServerResponse.setHeader (node:_http_outgoing:663:11)
    at ServerResponse.header (D:\MSBelagavi\FunDoo_Notes\node_modules\express\lib\response.js:794:10)
    at ServerResponse.send (D:\MSBelagavi\FunDoo_Notes\node_modules\express\lib\response.js:174:12)
    at ServerResponse.json (D:\MSBelagavi\FunDoo_Notes\node_modules\express\lib\response.js:278:15)
    at _callee$ (D:\MSBelagavi\FunDoo_Notes\src\controllers\/user.controller.js:29:36)
    at tryCatch (D:\MSBelagavi\FunDoo_Notes\node_modules\@babel\runtime\helpers\regeneratorRuntime.js:44:17)
    at Generator.<anonymous> (D:\MSBelagavi\FunDoo_Notes\node_modules\@babel\runtime\helpers\regeneratorRuntime.js:125:22)
    at Generator.next (D:\MSBelagavi\FunDoo_Notes\node_modules\@babel\runtime\helpers\regeneratorRuntime.js:69:21)
    at asyncGeneratorStep (D:\MSBelagavi\FunDoo_Notes\node_modules\@babel\runtime\helpers\asyncToGenerator.js:3:24)
    at _next (D:\MSBelagavi\FunDoo_Notes\node_modules\@babel\runtime\helpers\asyncToGenerator.js:22:9)
    at processTicksAndRejections (node:internal/process/task_queues:95:5) 
    url - /api/v1/users/create 
    method - POST 
    IP - ::1
   {"timestamp":"2023-02-27T08:34:04.428Z"}
info: Server started at http://localhost:4000/api/v1/ {"timestamp":"2023-02-27T08:36:05.070Z"}
info: Connected to the database. {"timestamp":"2023-02-27T08:36:05.099Z"}
info: Server started at http://localhost:4000/api/v1/ {"timestamp":"2023-02-27T08:36:11.943Z"}
info: Connected to the database. {"timestamp":"2023-02-27T08:36:11.978Z"}
info: Server started at http://localhost:4000/api/v1/ {"timestamp":"2023-02-27T08:36:44.671Z"}
info: Connected to the database. {"timestamp":"2023-02-27T08:36:44.706Z"}
info: Server started at http://localhost:4000/api/v1/ {"timestamp":"2023-02-27T08:36:53.033Z"}
info: Connected to the database. {"timestamp":"2023-02-27T08:36:53.062Z"}
info: Server started at http://localhost:4000/api/v1/ {"timestamp":"2023-02-27T08:37:02.046Z"}
info: Connected to the database. {"timestamp":"2023-02-27T08:37:02.081Z"}
info: Server started at http://localhost:4000/api/v1/ {"timestamp":"2023-02-27T08:37:50.478Z"}
info: Connected to the database. {"timestamp":"2023-02-27T08:37:50.516Z"}
info: Server started at http://localhost:4000/api/v1/ {"timestamp":"2023-02-27T08:37:59.909Z"}
info: Connected to the database. {"timestamp":"2023-02-27T08:37:59.944Z"}
info: Server started at http://localhost:4000/api/v1/ {"timestamp":"2023-02-27T08:38:12.170Z"}
info: Connected to the database. {"timestamp":"2023-02-27T08:38:12.203Z"}
error: 
    status - 500 
    message - Error: data and hash arguments required
    at Object.compare (D:\MSBelagavi\FunDoo_Notes\node_modules\bcrypt\bcrypt.js:208:17)
    at D:\MSBelagavi\FunDoo_Notes\node_modules\bcrypt\promises.js:29:12
    at new Promise (<anonymous>)
    at Object.module.exports.promise (D:\MSBelagavi\FunDoo_Notes\node_modules\bcrypt\promises.js:20:12)
    at Object.compare (D:\MSBelagavi\FunDoo_Notes\node_modules\bcrypt\bcrypt.js:204:25)
    at _callee2$ (D:\MSBelagavi\FunDoo_Notes\src\controllers\/user.controller.js:81:36)
    at tryCatch (D:\MSBelagavi\FunDoo_Notes\node_modules\@babel\runtime\helpers\regeneratorRuntime.js:44:17)
    at Generator.<anonymous> (D:\MSBelagavi\FunDoo_Notes\node_modules\@babel\runtime\helpers\regeneratorRuntime.js:125:22)
    at Generator.next (D:\MSBelagavi\FunDoo_Notes\node_modules\@babel\runtime\helpers\regeneratorRuntime.js:69:21)
    at asyncGeneratorStep (D:\MSBelagavi\FunDoo_Notes\node_modules\@babel\runtime\helpers\asyncToGenerator.js:3:24)
    at _next (D:\MSBelagavi\FunDoo_Notes\node_modules\@babel\runtime\helpers\asyncToGenerator.js:22:9)
    at processTicksAndRejections (node:internal/process/task_queues:95:5) 
    url - /api/v1/users/login 
    method - POST 
    IP - ::1
   {"timestamp":"2023-02-27T08:39:46.790Z"}
error: 
    status - 500 
    message - Error: data and hash arguments required
    at Object.compare (D:\MSBelagavi\FunDoo_Notes\node_modules\bcrypt\bcrypt.js:208:17)
    at D:\MSBelagavi\FunDoo_Notes\node_modules\bcrypt\promises.js:29:12
    at new Promise (<anonymous>)
    at Object.module.exports.promise (D:\MSBelagavi\FunDoo_Notes\node_modules\bcrypt\promises.js:20:12)
    at Object.compare (D:\MSBelagavi\FunDoo_Notes\node_modules\bcrypt\bcrypt.js:204:25)
    at _callee2$ (D:\MSBelagavi\FunDoo_Notes\src\controllers\/user.controller.js:81:36)
    at tryCatch (D:\MSBelagavi\FunDoo_Notes\node_modules\@babel\runtime\helpers\regeneratorRuntime.js:44:17)
    at Generator.<anonymous> (D:\MSBelagavi\FunDoo_Notes\node_modules\@babel\runtime\helpers\regeneratorRuntime.js:125:22)
    at Generator.next (D:\MSBelagavi\FunDoo_Notes\node_modules\@babel\runtime\helpers\regeneratorRuntime.js:69:21)
    at asyncGeneratorStep (D:\MSBelagavi\FunDoo_Notes\node_modules\@babel\runtime\helpers\asyncToGenerator.js:3:24)
    at _next (D:\MSBelagavi\FunDoo_Notes\node_modules\@babel\runtime\helpers\asyncToGenerator.js:22:9)
    at processTicksAndRejections (node:internal/process/task_queues:95:5) 
    url - /api/v1/users/login 
    method - POST 
    IP - ::1
   {"timestamp":"2023-02-27T08:40:21.252Z"}
info: Server started at http://localhost:4000/api/v1/ {"timestamp":"2023-02-27T08:40:39.212Z"}
info: Connected to the database. {"timestamp":"2023-02-27T08:40:39.251Z"}
info: Server started at http://localhost:4000/api/v1/ {"timestamp":"2023-02-27T08:41:47.232Z"}
info: Connected to the database. {"timestamp":"2023-02-27T08:41:47.309Z"}
info: Server started at http://localhost:4000/api/v1/ {"timestamp":"2023-02-27T08:41:54.980Z"}
info: Connected to the database. {"timestamp":"2023-02-27T08:41:55.046Z"}
info: Server started at http://localhost:4000/api/v1/ {"timestamp":"2023-02-27T08:42:14.342Z"}
info: Connected to the database. {"timestamp":"2023-02-27T08:42:14.373Z"}
info: Server started at http://localhost:4000/api/v1/ {"timestamp":"2023-02-27T08:43:00.668Z"}
info: Connected to the database. {"timestamp":"2023-02-27T08:43:00.698Z"}
info: Server started at http://localhost:4000/api/v1/ {"timestamp":"2023-02-27T08:43:51.446Z"}
info: Connected to the database. {"timestamp":"2023-02-27T08:43:51.495Z"}
info: Server started at http://localhost:4000/api/v1/ {"timestamp":"2023-02-27T08:44:08.754Z"}
info: Connected to the database. {"timestamp":"2023-02-27T08:44:08.784Z"}
info: Server started at http://localhost:4000/api/v1/ {"timestamp":"2023-02-27T08:44:20.924Z"}
info: Connected to the database. {"timestamp":"2023-02-27T08:44:20.954Z"}
info: Server started at http://localhost:4000/api/v1/ {"timestamp":"2023-02-27T08:44:29.722Z"}
info: Connected to the database. {"timestamp":"2023-02-27T08:44:29.750Z"}
info: Server started at http://localhost:4000/api/v1/ {"timestamp":"2023-02-27T08:44:39.367Z"}
info: Connected to the database. {"timestamp":"2023-02-27T08:44:39.414Z"}
info: Server started at http://localhost:4000/api/v1/ {"timestamp":"2023-02-27T08:44:47.176Z"}
info: Connected to the database. {"timestamp":"2023-02-27T08:44:47.206Z"}
info: Server started at http://localhost:4000/api/v1/ {"timestamp":"2023-02-27T08:45:08.754Z"}
info: Connected to the database. {"timestamp":"2023-02-27T08:45:08.795Z"}
info: Server started at http://localhost:4000/api/v1/ {"timestamp":"2023-02-27T08:45:19.459Z"}
info: Connected to the database. {"timestamp":"2023-02-27T08:45:19.489Z"}
info: Server started at http://localhost:4000/api/v1/ {"timestamp":"2023-02-27T08:45:30.280Z"}
info: Connected to the database. {"timestamp":"2023-02-27T08:45:30.310Z"}
info: Server started at http://localhost:4000/api/v1/ {"timestamp":"2023-02-27T08:45:47.174Z"}
info: Connected to the database. {"timestamp":"2023-02-27T08:45:47.235Z"}
info: Server started at http://localhost:4000/api/v1/ {"timestamp":"2023-02-27T08:46:06.507Z"}
info: Connected to the database. {"timestamp":"2023-02-27T08:46:06.554Z"}
error: 
    status - 500 
    message - ValidationError: "password" with value "belagavi@123" fails to match the required pattern: /^((?=.*[A-Z])(?=.*[a-z])(?=.*[!@#$%^&*+?~])(?=.*[0-9]).{8,})$/ 
    url - /api/v1/users/create 
    method - POST 
    IP - ::1
   {"timestamp":"2023-02-27T08:48:40.633Z"}
error: 
    status - 500 
    message - Error: Cannot set headers after they are sent to the client
    at new NodeError (node:internal/errors:400:5)
    at ServerResponse.setHeader (node:_http_outgoing:663:11)
    at ServerResponse.header (D:\MSBelagavi\FunDoo_Notes\node_modules\express\lib\response.js:794:10)
    at ServerResponse.send (D:\MSBelagavi\FunDoo_Notes\node_modules\express\lib\response.js:174:12)
    at ServerResponse.json (D:\MSBelagavi\FunDoo_Notes\node_modules\express\lib\response.js:278:15)
    at ServerResponse.send (D:\MSBelagavi\FunDoo_Notes\node_modules\express\lib\response.js:162:21)
    at _callee$ (D:\MSBelagavi\FunDoo_Notes\src\controllers\/user.controller.js:37:11)
    at tryCatch (D:\MSBelagavi\FunDoo_Notes\node_modules\@babel\runtime\helpers\regeneratorRuntime.js:44:17)
    at Generator.<anonymous> (D:\MSBelagavi\FunDoo_Notes\node_modules\@babel\runtime\helpers\regeneratorRuntime.js:125:22)
    at Generator.next (D:\MSBelagavi\FunDoo_Notes\node_modules\@babel\runtime\helpers\regeneratorRuntime.js:69:21)
    at asyncGeneratorStep (D:\MSBelagavi\FunDoo_Notes\node_modules\@babel\runtime\helpers\asyncToGenerator.js:3:24)
    at _next (D:\MSBelagavi\FunDoo_Notes\node_modules\@babel\runtime\helpers\asyncToGenerator.js:22:9)
    at processTicksAndRejections (node:internal/process/task_queues:95:5) 
    url - /api/v1/users/create 
    method - POST 
    IP - ::1
   {"timestamp":"2023-02-27T08:49:15.995Z"}
info: Server started at http://localhost:4000/api/v1/ {"timestamp":"2023-02-27T08:50:30.235Z"}
info: Connected to the database. {"timestamp":"2023-02-27T08:50:30.269Z"}
info: Server started at http://localhost:4000/api/v1/ {"timestamp":"2023-02-27T08:50:41.572Z"}
info: Connected to the database. {"timestamp":"2023-02-27T08:50:41.634Z"}
info: Server started at http://localhost:4000/api/v1/ {"timestamp":"2023-02-27T08:53:23.001Z"}
info: Connected to the database. {"timestamp":"2023-02-27T08:53:23.030Z"}
info: Server started at http://localhost:4000/api/v1/ {"timestamp":"2023-02-27T08:53:56.755Z"}
info: Connected to the database. {"timestamp":"2023-02-27T08:53:56.788Z"}
info: Server started at http://localhost:4000/api/v1/ {"timestamp":"2023-02-27T08:55:44.513Z"}
info: Connected to the database. {"timestamp":"2023-02-27T08:55:44.559Z"}
info: Server started at http://localhost:4000/api/v1/ {"timestamp":"2023-02-27T08:57:25.123Z"}
info: Connected to the database. {"timestamp":"2023-02-27T08:57:25.163Z"}
info: Server started at http://localhost:4000/api/v1/ {"timestamp":"2023-02-27T08:57:42.504Z"}
info: Connected to the database. {"timestamp":"2023-02-27T08:57:42.535Z"}
info: Server started at http://localhost:4000/api/v1/ {"timestamp":"2023-02-27T08:58:26.014Z"}
info: Connected to the database. {"timestamp":"2023-02-27T08:58:26.047Z"}
info: Server started at http://localhost:4000/api/v1/ {"timestamp":"2023-02-27T08:58:39.034Z"}
info: Connected to the database. {"timestamp":"2023-02-27T08:58:39.067Z"}
info: Server started at http://localhost:4000/api/v1/ {"timestamp":"2023-02-27T09:00:39.212Z"}
info: Connected to the database. {"timestamp":"2023-02-27T09:00:39.243Z"}
info: Server started at http://localhost:4000/api/v1/ {"timestamp":"2023-02-27T09:02:17.264Z"}
info: Connected to the database. {"timestamp":"2023-02-27T09:02:17.309Z"}
info: Server started at http://localhost:4000/api/v1/ {"timestamp":"2023-02-27T09:02:22.984Z"}
info: Connected to the database. {"timestamp":"2023-02-27T09:02:23.015Z"}
info: Server started at http://localhost:4000/api/v1/ {"timestamp":"2023-02-27T09:02:52.889Z"}
info: Connected to the database. {"timestamp":"2023-02-27T09:02:52.918Z"}
info: Server started at http://localhost:4000/api/v1/ {"timestamp":"2023-02-27T09:02:59.576Z"}
info: Connected to the database. {"timestamp":"2023-02-27T09:02:59.604Z"}
info: Server started at http://localhost:4000/api/v1/ {"timestamp":"2023-02-27T09:03:37.938Z"}
info: Connected to the database. {"timestamp":"2023-02-27T09:03:38.016Z"}
info: Server started at http://localhost:4000/api/v1/ {"timestamp":"2023-02-27T09:03:43.590Z"}
info: Connected to the database. {"timestamp":"2023-02-27T09:03:43.615Z"}
info: Server started at http://localhost:4000/api/v1/ {"timestamp":"2023-02-27T09:03:52.463Z"}
info: Connected to the database. {"timestamp":"2023-02-27T09:03:52.495Z"}
info: Server started at http://localhost:4000/api/v1/ {"timestamp":"2023-02-27T09:04:08.861Z"}
info: Connected to the database. {"timestamp":"2023-02-27T09:04:08.896Z"}
info: Server started at http://localhost:4000/api/v1/ {"timestamp":"2023-02-27T09:05:33.539Z"}
info: Connected to the database. {"timestamp":"2023-02-27T09:05:33.568Z"}
info: Server started at http://localhost:4000/api/v1/ {"timestamp":"2023-02-27T09:07:02.520Z"}
info: Connected to the database. {"timestamp":"2023-02-27T09:07:02.564Z"}
info: Server started at http://localhost:4000/api/v1/ {"timestamp":"2023-02-27T09:08:14.176Z"}
info: Connected to the database. {"timestamp":"2023-02-27T09:08:14.219Z"}
info: Server started at http://localhost:4000/api/v1/ {"timestamp":"2023-02-27T09:09:00.387Z"}
info: Connected to the database. {"timestamp":"2023-02-27T09:09:00.424Z"}
info: Server started at http://localhost:4000/api/v1/ {"timestamp":"2023-02-27T09:09:36.135Z"}
info: Connected to the database. {"timestamp":"2023-02-27T09:09:36.178Z"}
info: Server started at http://localhost:4000/api/v1/ {"timestamp":"2023-02-27T09:09:41.608Z"}
info: Connected to the database. {"timestamp":"2023-02-27T09:09:41.643Z"}
info: Server started at http://localhost:4000/api/v1/ {"timestamp":"2023-02-27T09:11:49.774Z"}
info: Connected to the database. {"timestamp":"2023-02-27T09:11:49.813Z"}
info: Server started at http://localhost:4000/api/v1/ {"timestamp":"2023-02-27T09:11:57.270Z"}
info: Connected to the database. {"timestamp":"2023-02-27T09:11:57.301Z"}
info: Server started at http://localhost:4000/api/v1/ {"timestamp":"2023-02-27T09:12:07.207Z"}
info: Connected to the database. {"timestamp":"2023-02-27T09:12:07.247Z"}
info: Server started at http://localhost:4000/api/v1/ {"timestamp":"2023-02-27T09:12:21.080Z"}
info: Connected to the database. {"timestamp":"2023-02-27T09:12:21.123Z"}
info: Server started at http://localhost:4000/api/v1/ {"timestamp":"2023-02-27T09:12:26.392Z"}
info: Connected to the database. {"timestamp":"2023-02-27T09:12:26.441Z"}
info: Server started at http://localhost:4000/api/v1/ {"timestamp":"2023-02-27T09:13:29.240Z"}
info: Connected to the database. {"timestamp":"2023-02-27T09:13:29.309Z"}
info: Server started at http://localhost:4000/api/v1/ {"timestamp":"2023-02-27T09:14:27.058Z"}
info: Connected to the database. {"timestamp":"2023-02-27T09:14:27.100Z"}
info: Server started at http://localhost:4000/api/v1/ {"timestamp":"2023-02-27T09:15:32.874Z"}
info: Connected to the database. {"timestamp":"2023-02-27T09:15:32.901Z"}
info: Server started at http://localhost:4000/api/v1/ {"timestamp":"2023-02-27T09:15:47.188Z"}
info: Connected to the database. {"timestamp":"2023-02-27T09:15:47.256Z"}
info: Server started at http://localhost:4000/api/v1/ {"timestamp":"2023-02-27T09:15:55.577Z"}
info: Connected to the database. {"timestamp":"2023-02-27T09:15:55.668Z"}
info: Server started at http://localhost:4000/api/v1/ {"timestamp":"2023-02-27T09:16:14.604Z"}
info: Connected to the database. {"timestamp":"2023-02-27T09:16:14.656Z"}
info: Server started at http://localhost:4000/api/v1/ {"timestamp":"2023-02-27T09:16:19.929Z"}
info: Connected to the database. {"timestamp":"2023-02-27T09:16:19.958Z"}
info: Server started at http://localhost:4000/api/v1/ {"timestamp":"2023-02-27T09:17:36.932Z"}
info: Connected to the database. {"timestamp":"2023-02-27T09:17:36.962Z"}
info: Server started at http://localhost:4000/api/v1/ {"timestamp":"2023-02-27T09:18:01.888Z"}
info: Connected to the database. {"timestamp":"2023-02-27T09:18:01.922Z"}
info: Server started at http://localhost:4000/api/v1/ {"timestamp":"2023-02-27T09:18:11.132Z"}
info: Connected to the database. {"timestamp":"2023-02-27T09:18:11.167Z"}
info: Server started at http://localhost:4000/api/v1/ {"timestamp":"2023-02-27T09:18:47.431Z"}
info: Connected to the database. {"timestamp":"2023-02-27T09:18:47.465Z"}
info: Server started at http://localhost:4000/api/v1/ {"timestamp":"2023-02-27T10:38:15.915Z"}
info: Connected to the database. {"timestamp":"2023-02-27T10:38:16.051Z"}
error: 
    status - 500 
    message - Error: Cannot set headers after they are sent to the client
    at new NodeError (node:internal/errors:400:5)
    at ServerResponse.setHeader (node:_http_outgoing:663:11)
    at ServerResponse.header (D:\MSBelagavi\FunDoo_Notes\node_modules\express\lib\response.js:794:10)
    at ServerResponse.send (D:\MSBelagavi\FunDoo_Notes\node_modules\express\lib\response.js:174:12)
    at ServerResponse.json (D:\MSBelagavi\FunDoo_Notes\node_modules\express\lib\response.js:278:15)
    at _callee$ (D:\MSBelagavi\FunDoo_Notes\src\controllers\/user.controller.js:28:36)
    at tryCatch (D:\MSBelagavi\FunDoo_Notes\node_modules\@babel\runtime\helpers\regeneratorRuntime.js:44:17)
    at Generator.<anonymous> (D:\MSBelagavi\FunDoo_Notes\node_modules\@babel\runtime\helpers\regeneratorRuntime.js:125:22)
    at Generator.next (D:\MSBelagavi\FunDoo_Notes\node_modules\@babel\runtime\helpers\regeneratorRuntime.js:69:21)
    at asyncGeneratorStep (D:\MSBelagavi\FunDoo_Notes\node_modules\@babel\runtime\helpers\asyncToGenerator.js:3:24)
    at _next (D:\MSBelagavi\FunDoo_Notes\node_modules\@babel\runtime\helpers\asyncToGenerator.js:22:9)
    at processTicksAndRejections (node:internal/process/task_queues:95:5) 
    url - /api/v1/users/create 
    method - POST 
    IP - ::1
   {"timestamp":"2023-02-27T10:39:10.599Z"}
error: 
    status - 500 
    message - ValidationError: "firstName" is required 
    url - /api/v1/users/create 
    method - POST 
    IP - ::1
   {"timestamp":"2023-02-27T10:42:59.801Z"}
info: Server started at http://localhost:4000/api/v1/ {"timestamp":"2023-02-27T11:05:59.745Z"}
info: Connected to the database. {"timestamp":"2023-02-27T11:05:59.782Z"}
info: Server started at http://localhost:4000/api/v1/ {"timestamp":"2023-02-27T11:13:35.508Z"}
info: Connected to the database. {"timestamp":"2023-02-27T11:13:35.560Z"}
info: Server started at http://localhost:4000/api/v1/ {"timestamp":"2023-02-27T11:15:21.180Z"}
info: Connected to the database. {"timestamp":"2023-02-27T11:15:21.231Z"}
info: Server started at http://localhost:4000/api/v1/ {"timestamp":"2023-02-27T11:15:50.085Z"}
info: Connected to the database. {"timestamp":"2023-02-27T11:15:50.122Z"}
info: Server started at http://localhost:4000/api/v1/ {"timestamp":"2023-02-27T11:16:12.515Z"}
info: Connected to the database. {"timestamp":"2023-02-27T11:16:12.585Z"}
info: Server started at http://localhost:4000/api/v1/ {"timestamp":"2023-02-27T11:18:28.760Z"}
info: Connected to the database. {"timestamp":"2023-02-27T11:18:28.792Z"}
info: Server started at http://localhost:4000/api/v1/ {"timestamp":"2023-02-27T11:18:40.120Z"}
info: Connected to the database. {"timestamp":"2023-02-27T11:18:40.240Z"}
info: Server started at http://localhost:4000/api/v1/ {"timestamp":"2023-02-27T11:18:46.027Z"}
info: Connected to the database. {"timestamp":"2023-02-27T11:18:46.067Z"}
info: Server started at http://localhost:4000/api/v1/ {"timestamp":"2023-02-27T11:22:06.440Z"}
info: Connected to the database. {"timestamp":"2023-02-27T11:22:06.559Z"}
info: Server started at http://localhost:4000/api/v1/ {"timestamp":"2023-02-27T11:22:49.999Z"}
info: Connected to the database. {"timestamp":"2023-02-27T11:22:50.070Z"}
info: Server started at http://localhost:4000/api/v1/ {"timestamp":"2023-02-27T11:23:00.648Z"}
info: Connected to the database. {"timestamp":"2023-02-27T11:23:00.796Z"}
info: Server started at http://localhost:4000/api/v1/ {"timestamp":"2023-02-27T11:23:28.083Z"}
info: Connected to the database. {"timestamp":"2023-02-27T11:23:28.141Z"}
info: Server started at http://localhost:4000/api/v1/ {"timestamp":"2023-02-27T11:24:26.348Z"}
info: Connected to the database. {"timestamp":"2023-02-27T11:24:26.426Z"}
info: Server started at http://localhost:4000/api/v1/ {"timestamp":"2023-02-27T11:24:38.772Z"}
info: Connected to the database. {"timestamp":"2023-02-27T11:24:38.851Z"}
info: Server started at http://localhost:4000/api/v1/ {"timestamp":"2023-02-27T11:25:15.257Z"}
info: Connected to the database. {"timestamp":"2023-02-27T11:25:15.304Z"}
info: Server started at http://localhost:4000/api/v1/ {"timestamp":"2023-02-27T11:25:26.694Z"}
info: Connected to the database. {"timestamp":"2023-02-27T11:25:26.757Z"}
info: Server started at http://localhost:4000/api/v1/ {"timestamp":"2023-02-27T11:27:10.213Z"}
info: Connected to the database. {"timestamp":"2023-02-27T11:27:10.239Z"}
info: Server started at http://localhost:4000/api/v1/ {"timestamp":"2023-02-27T11:29:07.312Z"}
info: Connected to the database. {"timestamp":"2023-02-27T11:29:07.345Z"}
info: Server started at http://localhost:4000/api/v1/ {"timestamp":"2023-02-27T11:29:31.248Z"}
info: Connected to the database. {"timestamp":"2023-02-27T11:29:31.283Z"}
info: Server started at http://localhost:4000/api/v1/ {"timestamp":"2023-02-27T11:29:46.922Z"}
info: Connected to the database. {"timestamp":"2023-02-27T11:29:46.986Z"}
info: Server started at http://localhost:4000/api/v1/ {"timestamp":"2023-02-27T11:31:56.414Z"}
info: Connected to the database. {"timestamp":"2023-02-27T11:31:56.498Z"}
error: 
    status - 500 
    message - Error: Invalid Password
    at _callee2$ (D:\MSBelagavi\FunDoo_Notes\src\controllers\/user.controller.js:49:14)
    at tryCatch (D:\MSBelagavi\FunDoo_Notes\node_modules\@babel\runtime\helpers\regeneratorRuntime.js:44:17)
    at Generator.<anonymous> (D:\MSBelagavi\FunDoo_Notes\node_modules\@babel\runtime\helpers\regeneratorRuntime.js:125:22)
    at Generator.next (D:\MSBelagavi\FunDoo_Notes\node_modules\@babel\runtime\helpers\regeneratorRuntime.js:69:21)
    at asyncGeneratorStep (D:\MSBelagavi\FunDoo_Notes\node_modules\@babel\runtime\helpers\asyncToGenerator.js:3:24)
    at _next (D:\MSBelagavi\FunDoo_Notes\node_modules\@babel\runtime\helpers\asyncToGenerator.js:22:9)
    at processTicksAndRejections (node:internal/process/task_queues:95:5) 
    url - /api/v1/users/login 
    method - POST 
    IP - ::1
   {"timestamp":"2023-02-27T11:32:29.137Z"}
info: Server started at http://localhost:4000/api/v1/ {"timestamp":"2023-02-27T11:50:37.308Z"}
info: Connected to the database. {"timestamp":"2023-02-27T11:50:37.333Z"}
info: Connected to the database. {"timestamp":"2023-02-27T11:53:45.104Z"}
info: Connected to the database. {"timestamp":"2023-02-27T11:58:54.165Z"}
info: Server started at http://localhost:4000/api/v1/ {"timestamp":"2023-02-27T16:07:13.091Z"}
info: Connected to the database. {"timestamp":"2023-02-27T16:07:13.159Z"}
info: Server started at http://localhost:4000/api/v1/ {"timestamp":"2023-02-27T16:08:31.287Z"}
info: Connected to the database. {"timestamp":"2023-02-27T16:08:31.319Z"}
info: Server started at http://localhost:4000/api/v1/ {"timestamp":"2023-02-27T16:08:36.219Z"}
info: Connected to the database. {"timestamp":"2023-02-27T16:08:36.250Z"}
error: 
    status - 500 
    message - ReferenceError: req is not defined
    at _callee$ (D:\MSBelagavi\FunDoo_Notes\src\services\/user.service.js:5:13)
    at tryCatch (D:\MSBelagavi\FunDoo_Notes\node_modules\@babel\runtime\helpers\regeneratorRuntime.js:44:17)
    at Generator.<anonymous> (D:\MSBelagavi\FunDoo_Notes\node_modules\@babel\runtime\helpers\regeneratorRuntime.js:125:22)
    at Generator.next (D:\MSBelagavi\FunDoo_Notes\node_modules\@babel\runtime\helpers\regeneratorRuntime.js:69:21)
    at asyncGeneratorStep (D:\MSBelagavi\FunDoo_Notes\node_modules\@babel\runtime\helpers\asyncToGenerator.js:3:24)
    at _next (D:\MSBelagavi\FunDoo_Notes\node_modules\@babel\runtime\helpers\asyncToGenerator.js:22:9)
    at processTicksAndRejections (node:internal/process/task_queues:95:5) 
    url - /api/v1/users/signup 
    method - POST 
    IP - ::1
   {"timestamp":"2023-02-27T16:09:55.448Z"}
info: Server started at http://localhost:4000/api/v1/ {"timestamp":"2023-02-27T16:10:48.362Z"}
info: Connected to the database. {"timestamp":"2023-02-27T16:10:48.390Z"}
error: 
    status - 500 
    message - ReferenceError: req is not defined
    at _callee$ (D:\MSBelagavi\FunDoo_Notes\src\services\/user.service.js:5:13)
    at tryCatch (D:\MSBelagavi\FunDoo_Notes\node_modules\@babel\runtime\helpers\regeneratorRuntime.js:44:17)
    at Generator.<anonymous> (D:\MSBelagavi\FunDoo_Notes\node_modules\@babel\runtime\helpers\regeneratorRuntime.js:125:22)
    at Generator.next (D:\MSBelagavi\FunDoo_Notes\node_modules\@babel\runtime\helpers\regeneratorRuntime.js:69:21)
    at asyncGeneratorStep (D:\MSBelagavi\FunDoo_Notes\node_modules\@babel\runtime\helpers\asyncToGenerator.js:3:24)
    at _next (D:\MSBelagavi\FunDoo_Notes\node_modules\@babel\runtime\helpers\asyncToGenerator.js:22:9)
    at processTicksAndRejections (node:internal/process/task_queues:95:5) 
    url - /api/v1/users/signup 
    method - POST 
    IP - ::1
   {"timestamp":"2023-02-27T16:10:56.725Z"}
info: Server started at http://localhost:4000/api/v1/ {"timestamp":"2023-02-27T16:12:09.749Z"}
info: Connected to the database. {"timestamp":"2023-02-27T16:12:09.785Z"}
info: Server started at http://localhost:4000/api/v1/ {"timestamp":"2023-02-27T16:12:49.712Z"}
info: Connected to the database. {"timestamp":"2023-02-27T16:12:49.736Z"}
info: Server started at http://localhost:4000/api/v1/ {"timestamp":"2023-02-27T16:12:57.627Z"}
info: Connected to the database. {"timestamp":"2023-02-27T16:12:57.667Z"}
info: Server started at http://localhost:4000/api/v1/ {"timestamp":"2023-02-27T16:13:08.192Z"}
info: Connected to the database. {"timestamp":"2023-02-27T16:13:08.257Z"}
info: Server started at http://localhost:4000/api/v1/ {"timestamp":"2023-02-27T16:13:15.165Z"}
info: Connected to the database. {"timestamp":"2023-02-27T16:13:15.205Z"}
error: 
    status - 500 
    message - ReferenceError: req is not defined
    at _callee$ (D:\MSBelagavi\FunDoo_Notes\src\services\/user.service.js:10:40)
    at tryCatch (D:\MSBelagavi\FunDoo_Notes\node_modules\@babel\runtime\helpers\regeneratorRuntime.js:44:17)
    at Generator.<anonymous> (D:\MSBelagavi\FunDoo_Notes\node_modules\@babel\runtime\helpers\regeneratorRuntime.js:125:22)
    at Generator.next (D:\MSBelagavi\FunDoo_Notes\node_modules\@babel\runtime\helpers\regeneratorRuntime.js:69:21)
    at asyncGeneratorStep (D:\MSBelagavi\FunDoo_Notes\node_modules\@babel\runtime\helpers\asyncToGenerator.js:3:24)
    at _next (D:\MSBelagavi\FunDoo_Notes\node_modules\@babel\runtime\helpers\asyncToGenerator.js:22:9)
    at processTicksAndRejections (node:internal/process/task_queues:95:5) 
    url - /api/v1/users/signup 
    method - POST 
    IP - ::1
   {"timestamp":"2023-02-27T16:13:19.756Z"}
error: 
    status - 500 
    message - ReferenceError: req is not defined
    at _callee$ (D:\MSBelagavi\FunDoo_Notes\src\services\/user.service.js:10:40)
    at tryCatch (D:\MSBelagavi\FunDoo_Notes\node_modules\@babel\runtime\helpers\regeneratorRuntime.js:44:17)
    at Generator.<anonymous> (D:\MSBelagavi\FunDoo_Notes\node_modules\@babel\runtime\helpers\regeneratorRuntime.js:125:22)
    at Generator.next (D:\MSBelagavi\FunDoo_Notes\node_modules\@babel\runtime\helpers\regeneratorRuntime.js:69:21)
    at asyncGeneratorStep (D:\MSBelagavi\FunDoo_Notes\node_modules\@babel\runtime\helpers\asyncToGenerator.js:3:24)
    at _next (D:\MSBelagavi\FunDoo_Notes\node_modules\@babel\runtime\helpers\asyncToGenerator.js:22:9)
    at processTicksAndRejections (node:internal/process/task_queues:95:5) 
    url - /api/v1/users/signup 
    method - POST 
    IP - ::1
   {"timestamp":"2023-02-27T16:13:30.282Z"}
info: Server started at http://localhost:4000/api/v1/ {"timestamp":"2023-02-27T16:16:46.131Z"}
info: Connected to the database. {"timestamp":"2023-02-27T16:16:46.157Z"}
info: Server started at http://localhost:4000/api/v1/ {"timestamp":"2023-02-27T16:17:59.907Z"}
info: Connected to the database. {"timestamp":"2023-02-27T16:17:59.930Z"}
info: Server started at http://localhost:4000/api/v1/ {"timestamp":"2023-02-27T16:18:34.262Z"}
info: Connected to the database. {"timestamp":"2023-02-27T16:18:34.293Z"}
info: Server started at http://localhost:4000/api/v1/ {"timestamp":"2023-02-27T16:18:40.268Z"}
info: Connected to the database. {"timestamp":"2023-02-27T16:18:40.292Z"}
info: Server started at http://localhost:4000/api/v1/ {"timestamp":"2023-02-27T16:19:25.336Z"}
info: Connected to the database. {"timestamp":"2023-02-27T16:19:25.361Z"}
info: Server started at http://localhost:4000/api/v1/ {"timestamp":"2023-02-27T16:19:34.592Z"}
info: Connected to the database. {"timestamp":"2023-02-27T16:19:34.615Z"}
info: Server started at http://localhost:4000/api/v1/ {"timestamp":"2023-02-27T16:19:45.589Z"}
info: Connected to the database. {"timestamp":"2023-02-27T16:19:45.644Z"}
info: Server started at http://localhost:4000/api/v1/ {"timestamp":"2023-02-27T16:19:54.186Z"}
info: Connected to the database. {"timestamp":"2023-02-27T16:19:54.209Z"}
info: Server started at http://localhost:4000/api/v1/ {"timestamp":"2023-02-27T16:20:00.479Z"}
info: Connected to the database. {"timestamp":"2023-02-27T16:20:00.518Z"}
info: Server started at http://localhost:4000/api/v1/ {"timestamp":"2023-02-27T16:20:10.201Z"}
info: Connected to the database. {"timestamp":"2023-02-27T16:20:10.268Z"}
info: Server started at http://localhost:4000/api/v1/ {"timestamp":"2023-02-27T16:20:18.634Z"}
info: Connected to the database. {"timestamp":"2023-02-27T16:20:18.658Z"}
info: Server started at http://localhost:4000/api/v1/ {"timestamp":"2023-02-27T16:20:41.502Z"}
info: Connected to the database. {"timestamp":"2023-02-27T16:20:41.531Z"}
info: Server started at http://localhost:4000/api/v1/ {"timestamp":"2023-02-27T16:20:48.343Z"}
info: Connected to the database. {"timestamp":"2023-02-27T16:20:48.367Z"}
info: Server started at http://localhost:4000/api/v1/ {"timestamp":"2023-02-27T16:21:10.283Z"}
info: Connected to the database. {"timestamp":"2023-02-27T16:21:10.317Z"}
info: Server started at http://localhost:4000/api/v1/ {"timestamp":"2023-02-27T16:21:36.438Z"}
info: Connected to the database. {"timestamp":"2023-02-27T16:21:36.466Z"}
info: Server started at http://localhost:4000/api/v1/ {"timestamp":"2023-02-27T16:21:52.137Z"}
info: Connected to the database. {"timestamp":"2023-02-27T16:21:52.161Z"}
info: Server started at http://localhost:4000/api/v1/ {"timestamp":"2023-02-27T16:22:42.760Z"}
info: Connected to the database. {"timestamp":"2023-02-27T16:22:42.783Z"}
info: Server started at http://localhost:4000/api/v1/ {"timestamp":"2023-02-27T16:23:21.385Z"}
info: Connected to the database. {"timestamp":"2023-02-27T16:23:21.408Z"}
info: Server started at http://localhost:4000/api/v1/ {"timestamp":"2023-02-27T16:23:32.194Z"}
info: Connected to the database. {"timestamp":"2023-02-27T16:23:32.230Z"}
info: Server started at http://localhost:4000/api/v1/ {"timestamp":"2023-02-27T16:23:51.592Z"}
info: Connected to the database. {"timestamp":"2023-02-27T16:23:51.617Z"}
info: Server started at http://localhost:4000/api/v1/ {"timestamp":"2023-02-27T16:24:17.086Z"}
info: Connected to the database. {"timestamp":"2023-02-27T16:24:17.115Z"}
info: Server started at http://localhost:4000/api/v1/ {"timestamp":"2023-02-27T16:24:26.604Z"}
info: Connected to the database. {"timestamp":"2023-02-27T16:24:26.639Z"}
info: Server started at http://localhost:4000/api/v1/ {"timestamp":"2023-02-27T16:26:57.339Z"}
info: Connected to the database. {"timestamp":"2023-02-27T16:26:57.373Z"}
info: Server started at http://localhost:4000/api/v1/ {"timestamp":"2023-02-27T16:27:19.912Z"}
info: Connected to the database. {"timestamp":"2023-02-27T16:27:19.938Z"}
info: Server started at http://localhost:4000/api/v1/ {"timestamp":"2023-02-27T16:28:00.438Z"}
info: Connected to the database. {"timestamp":"2023-02-27T16:28:00.470Z"}
info: Server started at http://localhost:4000/api/v1/ {"timestamp":"2023-02-27T16:28:36.904Z"}
info: Connected to the database. {"timestamp":"2023-02-27T16:28:36.930Z"}
info: Server started at http://localhost:4000/api/v1/ {"timestamp":"2023-02-27T16:29:43.704Z"}
info: Connected to the database. {"timestamp":"2023-02-27T16:29:43.735Z"}
info: Server started at http://localhost:4000/api/v1/ {"timestamp":"2023-02-27T16:30:37.654Z"}
info: Connected to the database. {"timestamp":"2023-02-27T16:30:37.677Z"}
info: Server started at http://localhost:4000/api/v1/ {"timestamp":"2023-02-27T16:31:18.023Z"}
info: Connected to the database. {"timestamp":"2023-02-27T16:31:18.047Z"}
info: Server started at http://localhost:4000/api/v1/ {"timestamp":"2023-02-27T16:31:46.446Z"}
info: Connected to the database. {"timestamp":"2023-02-27T16:31:46.472Z"}
info: Server started at http://localhost:4000/api/v1/ {"timestamp":"2023-02-27T16:32:14.234Z"}
info: Connected to the database. {"timestamp":"2023-02-27T16:32:14.258Z"}
info: Server started at http://localhost:4000/api/v1/ {"timestamp":"2023-02-27T16:32:58.487Z"}
info: Connected to the database. {"timestamp":"2023-02-27T16:32:58.512Z"}
info: Server started at http://localhost:4000/api/v1/ {"timestamp":"2023-02-27T16:33:18.388Z"}
info: Connected to the database. {"timestamp":"2023-02-27T16:33:18.419Z"}
info: Server started at http://localhost:4000/api/v1/ {"timestamp":"2023-02-27T16:33:43.404Z"}
info: Connected to the database. {"timestamp":"2023-02-27T16:33:43.436Z"}
info: Server started at http://localhost:4000/api/v1/ {"timestamp":"2023-02-27T16:34:11.655Z"}
info: Connected to the database. {"timestamp":"2023-02-27T16:34:11.682Z"}
info: Server started at http://localhost:4000/api/v1/ {"timestamp":"2023-02-27T16:34:17.612Z"}
info: Connected to the database. {"timestamp":"2023-02-27T16:34:17.638Z"}
info: Server started at http://localhost:4000/api/v1/ {"timestamp":"2023-02-27T16:35:12.308Z"}
info: Connected to the database. {"timestamp":"2023-02-27T16:35:12.332Z"}
info: Server started at http://localhost:4000/api/v1/ {"timestamp":"2023-02-27T16:35:32.158Z"}
info: Connected to the database. {"timestamp":"2023-02-27T16:35:32.181Z"}
info: Server started at http://localhost:4000/api/v1/ {"timestamp":"2023-02-27T16:35:55.131Z"}
info: Connected to the database. {"timestamp":"2023-02-27T16:35:55.155Z"}
info: Server started at http://localhost:4000/api/v1/ {"timestamp":"2023-02-27T16:36:19.917Z"}
info: Connected to the database. {"timestamp":"2023-02-27T16:36:19.940Z"}
info: Server started at http://localhost:4000/api/v1/ {"timestamp":"2023-02-27T16:36:39.269Z"}
info: Connected to the database. {"timestamp":"2023-02-27T16:36:39.317Z"}
info: Server started at http://localhost:3000/api/v1/ {"timestamp":"2023-02-27T16:37:47.421Z"}
info: Connected to the database. {"timestamp":"2023-02-27T16:37:47.449Z"}
info: Server started at http://localhost:3000/api/v1/ {"timestamp":"2023-02-27T16:50:26.853Z"}
info: Connected to the database. {"timestamp":"2023-02-27T16:50:26.889Z"}
info: Server started at http://localhost:3000/api/v1/ {"timestamp":"2023-02-27T16:53:23.199Z"}
info: Connected to the database. {"timestamp":"2023-02-27T16:53:23.229Z"}
info: Server started at http://localhost:3000/api/v1/ {"timestamp":"2023-02-27T16:55:06.237Z"}
info: Connected to the database. {"timestamp":"2023-02-27T16:55:06.267Z"}
info: Server started at http://localhost:3000/api/v1/ {"timestamp":"2023-02-27T16:57:57.609Z"}
info: Connected to the database. {"timestamp":"2023-02-27T16:57:57.635Z"}
info: Server started at http://localhost:3000/api/v1/ {"timestamp":"2023-02-27T16:58:04.408Z"}
info: Connected to the database. {"timestamp":"2023-02-27T16:58:04.432Z"}
info: Server started at http://localhost:3000/api/v1/ {"timestamp":"2023-02-27T16:58:14.240Z"}
info: Connected to the database. {"timestamp":"2023-02-27T16:58:14.267Z"}
info: Server started at http://localhost:3000/api/v1/ {"timestamp":"2023-02-27T16:58:22.385Z"}
info: Connected to the database. {"timestamp":"2023-02-27T16:58:22.411Z"}
info: Server started at http://localhost:3000/api/v1/ {"timestamp":"2023-02-27T16:58:28.621Z"}
info: Connected to the database. {"timestamp":"2023-02-27T16:58:28.647Z"}
info: Server started at http://localhost:3000/api/v1/ {"timestamp":"2023-02-27T16:59:04.836Z"}
info: Connected to the database. {"timestamp":"2023-02-27T16:59:04.860Z"}
info: Server started at http://localhost:3000/api/v1/ {"timestamp":"2023-02-27T16:59:16.157Z"}
info: Connected to the database. {"timestamp":"2023-02-27T16:59:16.186Z"}
info: Server started at http://localhost:3000/api/v1/ {"timestamp":"2023-02-27T17:00:00.392Z"}
info: Connected to the database. {"timestamp":"2023-02-27T17:00:00.421Z"}
error: 
    status - 500 
    message - ValidationError: "firstName" is required 
    url - /api/v1/users/signup 
    method - POST 
    IP - ::1
   {"timestamp":"2023-02-27T17:00:49.240Z"}
info: Server started at http://localhost:3000/api/v1/ {"timestamp":"2023-02-27T17:01:33.105Z"}
info: Connected to the database. {"timestamp":"2023-02-27T17:01:33.150Z"}
info: Server started at http://localhost:3000/api/v1/ {"timestamp":"2023-02-27T17:03:20.204Z"}
info: Connected to the database. {"timestamp":"2023-02-27T17:03:20.230Z"}
info: Server started at http://localhost:3000/api/v1/ {"timestamp":"2023-02-27T17:05:12.875Z"}
info: Connected to the database. {"timestamp":"2023-02-27T17:05:12.905Z"}
info: Server started at http://localhost:3000/api/v1/ {"timestamp":"2023-02-27T17:05:31.169Z"}
info: Connected to the database. {"timestamp":"2023-02-27T17:05:31.201Z"}
info: Server started at http://localhost:3000/api/v1/ {"timestamp":"2023-02-27T17:07:42.899Z"}
info: Connected to the database. {"timestamp":"2023-02-27T17:07:42.939Z"}
info: Server started at http://localhost:4000/api/v1/ {"timestamp":"2023-02-27T17:08:38.992Z"}
info: Connected to the database. {"timestamp":"2023-02-27T17:08:39.023Z"}
info: Server started at http://localhost:4000/api/v1/ {"timestamp":"2023-02-27T17:09:07.575Z"}
info: Connected to the database. {"timestamp":"2023-02-27T17:09:07.628Z"}
info: Server started at http://localhost:3000/api/v1/ {"timestamp":"2023-02-27T17:10:34.790Z"}
info: Connected to the database. {"timestamp":"2023-02-27T17:10:34.818Z"}
info: Server started at http://localhost:3000/api/v1/ {"timestamp":"2023-02-27T17:12:05.021Z"}
info: Connected to the database. {"timestamp":"2023-02-27T17:12:05.054Z"}
error: 
    status - 500 
    message - ValidationError: "firstName" is required 
    url - /api/v1/users/signup 
    method - POST 
    IP - ::1
   {"timestamp":"2023-02-27T17:12:23.878Z"}
