info: Server started at http://localhost:4000/api/v1/ {"timestamp":"2023-02-26T06:38:47.867Z"}
info: Connected to the database. {"timestamp":"2023-02-26T06:38:47.911Z"}
error: 
    status - 500 
    message - TypeError: Cannot read properties of null (reading 'firstName')
    at _callee2$ (D:\MSBelagavi\FunDoo_Notes\src\controllers\/user.controller.js:36:26)
    at tryCatch (D:\MSBelagavi\FunDoo_Notes\node_modules\@babel\runtime\helpers\regeneratorRuntime.js:44:17)
    at Generator.<anonymous> (D:\MSBelagavi\FunDoo_Notes\node_modules\@babel\runtime\helpers\regeneratorRuntime.js:125:22)
    at Generator.next (D:\MSBelagavi\FunDoo_Notes\node_modules\@babel\runtime\helpers\regeneratorRuntime.js:69:21)
    at asyncGeneratorStep (D:\MSBelagavi\FunDoo_Notes\node_modules\@babel\runtime\helpers\asyncToGenerator.js:3:24)
    at _next (D:\MSBelagavi\FunDoo_Notes\node_modules\@babel\runtime\helpers\asyncToGenerator.js:22:9)
    at processTicksAndRejections (node:internal/process/task_queues:95:5) 
    url - /api/v1/users/login 
    method - POST 
    IP - ::1
   {"timestamp":"2023-02-26T06:43:53.638Z"}
error: 
    status - 500 
    message - TypeError: Cannot read properties of null (reading 'firstName')
    at _callee2$ (D:\MSBelagavi\FunDoo_Notes\src\controllers\/user.controller.js:36:26)
    at tryCatch (D:\MSBelagavi\FunDoo_Notes\node_modules\@babel\runtime\helpers\regeneratorRuntime.js:44:17)
    at Generator.<anonymous> (D:\MSBelagavi\FunDoo_Notes\node_modules\@babel\runtime\helpers\regeneratorRuntime.js:125:22)
    at Generator.next (D:\MSBelagavi\FunDoo_Notes\node_modules\@babel\runtime\helpers\regeneratorRuntime.js:69:21)
    at asyncGeneratorStep (D:\MSBelagavi\FunDoo_Notes\node_modules\@babel\runtime\helpers\asyncToGenerator.js:3:24)
    at _next (D:\MSBelagavi\FunDoo_Notes\node_modules\@babel\runtime\helpers\asyncToGenerator.js:22:9)
    at processTicksAndRejections (node:internal/process/task_queues:95:5) 
    url - /api/v1/users/login 
    method - POST 
    IP - ::1
   {"timestamp":"2023-02-26T06:44:25.657Z"}
info: Server started at http://localhost:4000/api/v1/ {"timestamp":"2023-02-26T06:49:45.969Z"}
info: Connected to the database. {"timestamp":"2023-02-26T06:49:46.027Z"}
error: 
    status - 500 
    message - TypeError: Cannot read properties of null (reading 'firstName')
    at _callee2$ (D:\MSBelagavi\FunDoo_Notes\src\controllers\/user.controller.js:36:26)
    at tryCatch (D:\MSBelagavi\FunDoo_Notes\node_modules\@babel\runtime\helpers\regeneratorRuntime.js:44:17)
    at Generator.<anonymous> (D:\MSBelagavi\FunDoo_Notes\node_modules\@babel\runtime\helpers\regeneratorRuntime.js:125:22)
    at Generator.next (D:\MSBelagavi\FunDoo_Notes\node_modules\@babel\runtime\helpers\regeneratorRuntime.js:69:21)
    at asyncGeneratorStep (D:\MSBelagavi\FunDoo_Notes\node_modules\@babel\runtime\helpers\asyncToGenerator.js:3:24)
    at _next (D:\MSBelagavi\FunDoo_Notes\node_modules\@babel\runtime\helpers\asyncToGenerator.js:22:9)
    at processTicksAndRejections (node:internal/process/task_queues:95:5) 
    url - /api/v1/users/login 
    method - POST 
    IP - ::1
   {"timestamp":"2023-02-26T06:50:12.544Z"}
error: 
    status - 500 
    message - TypeError: Cannot read properties of null (reading 'firstName')
    at _callee2$ (D:\MSBelagavi\FunDoo_Notes\src\controllers\/user.controller.js:36:26)
    at tryCatch (D:\MSBelagavi\FunDoo_Notes\node_modules\@babel\runtime\helpers\regeneratorRuntime.js:44:17)
    at Generator.<anonymous> (D:\MSBelagavi\FunDoo_Notes\node_modules\@babel\runtime\helpers\regeneratorRuntime.js:125:22)
    at Generator.next (D:\MSBelagavi\FunDoo_Notes\node_modules\@babel\runtime\helpers\regeneratorRuntime.js:69:21)
    at asyncGeneratorStep (D:\MSBelagavi\FunDoo_Notes\node_modules\@babel\runtime\helpers\asyncToGenerator.js:3:24)
    at _next (D:\MSBelagavi\FunDoo_Notes\node_modules\@babel\runtime\helpers\asyncToGenerator.js:22:9)
    at processTicksAndRejections (node:internal/process/task_queues:95:5) 
    url - /api/v1/users/login 
    method - POST 
    IP - ::1
   {"timestamp":"2023-02-26T06:50:38.849Z"}
error: 
    status - 500 
    message - TypeError: Cannot read properties of null (reading 'firstName')
    at _callee2$ (D:\MSBelagavi\FunDoo_Notes\src\controllers\/user.controller.js:36:26)
    at tryCatch (D:\MSBelagavi\FunDoo_Notes\node_modules\@babel\runtime\helpers\regeneratorRuntime.js:44:17)
    at Generator.<anonymous> (D:\MSBelagavi\FunDoo_Notes\node_modules\@babel\runtime\helpers\regeneratorRuntime.js:125:22)
    at Generator.next (D:\MSBelagavi\FunDoo_Notes\node_modules\@babel\runtime\helpers\regeneratorRuntime.js:69:21)
    at asyncGeneratorStep (D:\MSBelagavi\FunDoo_Notes\node_modules\@babel\runtime\helpers\asyncToGenerator.js:3:24)
    at _next (D:\MSBelagavi\FunDoo_Notes\node_modules\@babel\runtime\helpers\asyncToGenerator.js:22:9)
    at processTicksAndRejections (node:internal/process/task_queues:95:5) 
    url - /api/v1/users/login 
    method - POST 
    IP - ::1
   {"timestamp":"2023-02-26T06:50:53.479Z"}
error: 
    status - 500 
    message - Error: Cannot set headers after they are sent to the client
    at new NodeError (node:internal/errors:400:5)
    at ServerResponse.setHeader (node:_http_outgoing:663:11)
    at ServerResponse.header (D:\MSBelagavi\FunDoo_Notes\node_modules\express\lib\response.js:794:10)
    at ServerResponse.send (D:\MSBelagavi\FunDoo_Notes\node_modules\express\lib\response.js:174:12)
    at ServerResponse.json (D:\MSBelagavi\FunDoo_Notes\node_modules\express\lib\response.js:278:15)
    at _callee$ (D:\MSBelagavi\FunDoo_Notes\src\controllers\/user.controller.js:20:52)
    at tryCatch (D:\MSBelagavi\FunDoo_Notes\node_modules\@babel\runtime\helpers\regeneratorRuntime.js:44:17)
    at Generator.<anonymous> (D:\MSBelagavi\FunDoo_Notes\node_modules\@babel\runtime\helpers\regeneratorRuntime.js:125:22)
    at Generator.next (D:\MSBelagavi\FunDoo_Notes\node_modules\@babel\runtime\helpers\regeneratorRuntime.js:69:21)
    at asyncGeneratorStep (D:\MSBelagavi\FunDoo_Notes\node_modules\@babel\runtime\helpers\asyncToGenerator.js:3:24)
    at _next (D:\MSBelagavi\FunDoo_Notes\node_modules\@babel\runtime\helpers\asyncToGenerator.js:22:9)
    at processTicksAndRejections (node:internal/process/task_queues:95:5) 
    url - /api/v1/users/create 
    method - POST 
    IP - ::1
   {"timestamp":"2023-02-26T06:51:11.490Z"}
info: Server started at http://localhost:4000/api/v1/ {"timestamp":"2023-02-26T06:53:47.852Z"}
info: Connected to the database. {"timestamp":"2023-02-26T06:53:47.880Z"}
info: Server started at http://localhost:4000/api/v1/ {"timestamp":"2023-02-26T06:54:36.095Z"}
info: Connected to the database. {"timestamp":"2023-02-26T06:54:36.123Z"}
info: Server started at http://localhost:4000/api/v1/ {"timestamp":"2023-02-26T06:54:40.987Z"}
info: Connected to the database. {"timestamp":"2023-02-26T06:54:41.054Z"}
info: Server started at http://localhost:4000/api/v1/ {"timestamp":"2023-02-26T06:55:05.336Z"}
info: Connected to the database. {"timestamp":"2023-02-26T06:55:05.380Z"}
error: 
    status - 500 
    message - ValidationError: "firstName" with value "RohanKumar" fails to match the required pattern: /^[A-Z]{1,1}[a-z]{3,20}$/ 
    url - /api/v1/users/create 
    method - POST 
    IP - ::1
   {"timestamp":"2023-02-26T06:56:21.776Z"}
error: 
    status - 500 
    message - Error: Cannot set headers after they are sent to the client
    at new NodeError (node:internal/errors:400:5)
    at ServerResponse.setHeader (node:_http_outgoing:663:11)
    at ServerResponse.header (D:\MSBelagavi\FunDoo_Notes\node_modules\express\lib\response.js:794:10)
    at ServerResponse.send (D:\MSBelagavi\FunDoo_Notes\node_modules\express\lib\response.js:174:12)
    at ServerResponse.json (D:\MSBelagavi\FunDoo_Notes\node_modules\express\lib\response.js:278:15)
    at _callee$ (D:\MSBelagavi\FunDoo_Notes\src\controllers\/user.controller.js:21:36)
    at tryCatch (D:\MSBelagavi\FunDoo_Notes\node_modules\@babel\runtime\helpers\regeneratorRuntime.js:44:17)
    at Generator.<anonymous> (D:\MSBelagavi\FunDoo_Notes\node_modules\@babel\runtime\helpers\regeneratorRuntime.js:125:22)
    at Generator.next (D:\MSBelagavi\FunDoo_Notes\node_modules\@babel\runtime\helpers\regeneratorRuntime.js:69:21)
    at asyncGeneratorStep (D:\MSBelagavi\FunDoo_Notes\node_modules\@babel\runtime\helpers\asyncToGenerator.js:3:24)
    at _next (D:\MSBelagavi\FunDoo_Notes\node_modules\@babel\runtime\helpers\asyncToGenerator.js:22:9)
    at processTicksAndRejections (node:internal/process/task_queues:95:5) 
    url - /api/v1/users/create 
    method - POST 
    IP - ::1
   {"timestamp":"2023-02-26T06:56:37.575Z"}
error: 
    status - 500 
    message - Error: Cannot set headers after they are sent to the client
    at new NodeError (node:internal/errors:400:5)
    at ServerResponse.setHeader (node:_http_outgoing:663:11)
    at ServerResponse.header (D:\MSBelagavi\FunDoo_Notes\node_modules\express\lib\response.js:794:10)
    at ServerResponse.send (D:\MSBelagavi\FunDoo_Notes\node_modules\express\lib\response.js:174:12)
    at ServerResponse.json (D:\MSBelagavi\FunDoo_Notes\node_modules\express\lib\response.js:278:15)
    at _callee$ (D:\MSBelagavi\FunDoo_Notes\src\controllers\/user.controller.js:21:36)
    at tryCatch (D:\MSBelagavi\FunDoo_Notes\node_modules\@babel\runtime\helpers\regeneratorRuntime.js:44:17)
    at Generator.<anonymous> (D:\MSBelagavi\FunDoo_Notes\node_modules\@babel\runtime\helpers\regeneratorRuntime.js:125:22)
    at Generator.next (D:\MSBelagavi\FunDoo_Notes\node_modules\@babel\runtime\helpers\regeneratorRuntime.js:69:21)
    at asyncGeneratorStep (D:\MSBelagavi\FunDoo_Notes\node_modules\@babel\runtime\helpers\asyncToGenerator.js:3:24)
    at _next (D:\MSBelagavi\FunDoo_Notes\node_modules\@babel\runtime\helpers\asyncToGenerator.js:22:9)
    at processTicksAndRejections (node:internal/process/task_queues:95:5) 
    url - /api/v1/users/create 
    method - POST 
    IP - ::1
   {"timestamp":"2023-02-26T06:56:53.986Z"}
error: 
    status - 500 
    message - Error: Cannot set headers after they are sent to the client
    at new NodeError (node:internal/errors:400:5)
    at ServerResponse.setHeader (node:_http_outgoing:663:11)
    at ServerResponse.header (D:\MSBelagavi\FunDoo_Notes\node_modules\express\lib\response.js:794:10)
    at ServerResponse.send (D:\MSBelagavi\FunDoo_Notes\node_modules\express\lib\response.js:174:12)
    at ServerResponse.json (D:\MSBelagavi\FunDoo_Notes\node_modules\express\lib\response.js:278:15)
    at _callee$ (D:\MSBelagavi\FunDoo_Notes\src\controllers\/user.controller.js:21:36)
    at tryCatch (D:\MSBelagavi\FunDoo_Notes\node_modules\@babel\runtime\helpers\regeneratorRuntime.js:44:17)
    at Generator.<anonymous> (D:\MSBelagavi\FunDoo_Notes\node_modules\@babel\runtime\helpers\regeneratorRuntime.js:125:22)
    at Generator.next (D:\MSBelagavi\FunDoo_Notes\node_modules\@babel\runtime\helpers\regeneratorRuntime.js:69:21)
    at asyncGeneratorStep (D:\MSBelagavi\FunDoo_Notes\node_modules\@babel\runtime\helpers\asyncToGenerator.js:3:24)
    at _next (D:\MSBelagavi\FunDoo_Notes\node_modules\@babel\runtime\helpers\asyncToGenerator.js:22:9)
    at processTicksAndRejections (node:internal/process/task_queues:95:5) 
    url - /api/v1/users/create 
    method - POST 
    IP - ::1
   {"timestamp":"2023-02-26T06:57:06.326Z"}
info: Server started at http://localhost:4000/api/v1/ {"timestamp":"2023-02-26T06:59:09.779Z"}
info: Connected to the database. {"timestamp":"2023-02-26T06:59:09.866Z"}
info: Server started at http://localhost:4000/api/v1/ {"timestamp":"2023-02-26T06:59:14.413Z"}
info: Connected to the database. {"timestamp":"2023-02-26T06:59:14.456Z"}
error: 
    status - 500 
    message - TypeError: Cannot read properties of null (reading 'firstName')
    at _callee2$ (D:\MSBelagavi\FunDoo_Notes\src\controllers\/user.controller.js:37:26)
    at tryCatch (D:\MSBelagavi\FunDoo_Notes\node_modules\@babel\runtime\helpers\regeneratorRuntime.js:44:17)
    at Generator.<anonymous> (D:\MSBelagavi\FunDoo_Notes\node_modules\@babel\runtime\helpers\regeneratorRuntime.js:125:22)
    at Generator.next (D:\MSBelagavi\FunDoo_Notes\node_modules\@babel\runtime\helpers\regeneratorRuntime.js:69:21)
    at asyncGeneratorStep (D:\MSBelagavi\FunDoo_Notes\node_modules\@babel\runtime\helpers\asyncToGenerator.js:3:24)
    at _next (D:\MSBelagavi\FunDoo_Notes\node_modules\@babel\runtime\helpers\asyncToGenerator.js:22:9)
    at processTicksAndRejections (node:internal/process/task_queues:95:5) 
    url - /api/v1/users/login 
    method - POST 
    IP - ::1
   {"timestamp":"2023-02-26T06:59:44.464Z"}
info: Server started at http://localhost:4000/api/v1/ {"timestamp":"2023-02-26T07:00:44.556Z"}
info: Connected to the database. {"timestamp":"2023-02-26T07:00:44.595Z"}
info: Server started at http://localhost:4000/api/v1/ {"timestamp":"2023-02-26T07:01:05.478Z"}
info: Connected to the database. {"timestamp":"2023-02-26T07:01:05.522Z"}
info: Server started at http://localhost:4000/api/v1/ {"timestamp":"2023-02-26T07:01:52.538Z"}
info: Connected to the database. {"timestamp":"2023-02-26T07:01:52.568Z"}
info: Server started at http://localhost:4000/api/v1/ {"timestamp":"2023-02-26T07:02:09.914Z"}
info: Connected to the database. {"timestamp":"2023-02-26T07:02:09.964Z"}
info: Server started at http://localhost:4000/api/v1/ {"timestamp":"2023-02-26T07:02:22.321Z"}
info: Connected to the database. {"timestamp":"2023-02-26T07:02:22.362Z"}
info: Server started at http://localhost:4000/api/v1/ {"timestamp":"2023-02-26T07:02:32.534Z"}
info: Connected to the database. {"timestamp":"2023-02-26T07:02:32.573Z"}
info: Server started at http://localhost:4000/api/v1/ {"timestamp":"2023-02-26T07:03:00.693Z"}
info: Connected to the database. {"timestamp":"2023-02-26T07:03:00.732Z"}
info: Server started at http://localhost:4000/api/v1/ {"timestamp":"2023-02-26T07:03:11.606Z"}
info: Connected to the database. {"timestamp":"2023-02-26T07:03:11.639Z"}
info: Server started at http://localhost:4000/api/v1/ {"timestamp":"2023-02-26T07:04:30.955Z"}
info: Connected to the database. {"timestamp":"2023-02-26T07:04:30.984Z"}
info: Server started at http://localhost:4000/api/v1/ {"timestamp":"2023-02-26T07:04:41.489Z"}
info: Connected to the database. {"timestamp":"2023-02-26T07:04:41.517Z"}
info: Server started at http://localhost:4000/api/v1/ {"timestamp":"2023-02-26T07:07:47.065Z"}
info: Connected to the database. {"timestamp":"2023-02-26T07:07:47.089Z"}
info: Server started at http://localhost:4000/api/v1/ {"timestamp":"2023-02-26T07:08:06.088Z"}
info: Connected to the database. {"timestamp":"2023-02-26T07:08:06.112Z"}
info: Server started at http://localhost:4000/api/v1/ {"timestamp":"2023-02-26T07:08:25.858Z"}
info: Connected to the database. {"timestamp":"2023-02-26T07:08:25.883Z"}
info: Server started at http://localhost:4000/api/v1/ {"timestamp":"2023-02-26T07:08:31.767Z"}
info: Connected to the database. {"timestamp":"2023-02-26T07:08:31.792Z"}
info: Server started at http://localhost:4000/api/v1/ {"timestamp":"2023-02-26T07:08:37.460Z"}
info: Connected to the database. {"timestamp":"2023-02-26T07:08:37.518Z"}
info: Server started at http://localhost:4000/api/v1/ {"timestamp":"2023-02-26T07:09:03.928Z"}
info: Connected to the database. {"timestamp":"2023-02-26T07:09:03.959Z"}
info: Server started at http://localhost:4000/api/v1/ {"timestamp":"2023-02-26T07:09:16.552Z"}
info: Connected to the database. {"timestamp":"2023-02-26T07:09:16.582Z"}
error: 
    status - 500 
    message - Error: Cannot set headers after they are sent to the client
    at new NodeError (node:internal/errors:400:5)
    at ServerResponse.setHeader (node:_http_outgoing:663:11)
    at ServerResponse.header (D:\MSBelagavi\FunDoo_Notes\node_modules\express\lib\response.js:794:10)
    at ServerResponse.send (D:\MSBelagavi\FunDoo_Notes\node_modules\express\lib\response.js:174:12)
    at ServerResponse.json (D:\MSBelagavi\FunDoo_Notes\node_modules\express\lib\response.js:278:15)
    at _callee$ (D:\MSBelagavi\FunDoo_Notes\src\controllers\/user.controller.js:21:36)
    at tryCatch (D:\MSBelagavi\FunDoo_Notes\node_modules\@babel\runtime\helpers\regeneratorRuntime.js:44:17)
    at Generator.<anonymous> (D:\MSBelagavi\FunDoo_Notes\node_modules\@babel\runtime\helpers\regeneratorRuntime.js:125:22)
    at Generator.next (D:\MSBelagavi\FunDoo_Notes\node_modules\@babel\runtime\helpers\regeneratorRuntime.js:69:21)
    at asyncGeneratorStep (D:\MSBelagavi\FunDoo_Notes\node_modules\@babel\runtime\helpers\asyncToGenerator.js:3:24)
    at _next (D:\MSBelagavi\FunDoo_Notes\node_modules\@babel\runtime\helpers\asyncToGenerator.js:22:9)
    at processTicksAndRejections (node:internal/process/task_queues:95:5) 
    url - /api/v1/users/create 
    method - POST 
    IP - ::1
   {"timestamp":"2023-02-26T07:10:32.593Z"}
info: Server started at http://localhost:4000/api/v1/ {"timestamp":"2023-02-26T07:31:08.665Z"}
info: Connected to the database. {"timestamp":"2023-02-26T07:31:08.717Z"}
error: 
    status - 500 
    message - Error: Cannot set headers after they are sent to the client
    at new NodeError (node:internal/errors:400:5)
    at ServerResponse.setHeader (node:_http_outgoing:663:11)
    at ServerResponse.header (D:\MSBelagavi\FunDoo_Notes\node_modules\express\lib\response.js:794:10)
    at ServerResponse.send (D:\MSBelagavi\FunDoo_Notes\node_modules\express\lib\response.js:174:12)
    at ServerResponse.json (D:\MSBelagavi\FunDoo_Notes\node_modules\express\lib\response.js:278:15)
    at _callee$ (D:\MSBelagavi\FunDoo_Notes\src\controllers\/user.controller.js:21:36)
    at tryCatch (D:\MSBelagavi\FunDoo_Notes\node_modules\@babel\runtime\helpers\regeneratorRuntime.js:44:17)
    at Generator.<anonymous> (D:\MSBelagavi\FunDoo_Notes\node_modules\@babel\runtime\helpers\regeneratorRuntime.js:125:22)
    at Generator.next (D:\MSBelagavi\FunDoo_Notes\node_modules\@babel\runtime\helpers\regeneratorRuntime.js:69:21)
    at asyncGeneratorStep (D:\MSBelagavi\FunDoo_Notes\node_modules\@babel\runtime\helpers\asyncToGenerator.js:3:24)
    at _next (D:\MSBelagavi\FunDoo_Notes\node_modules\@babel\runtime\helpers\asyncToGenerator.js:22:9)
    at processTicksAndRejections (node:internal/process/task_queues:95:5) 
    url - /api/v1/users/create 
    method - POST 
    IP - ::1
   {"timestamp":"2023-02-26T07:35:08.756Z"}
info: Server started at http://localhost:4000/api/v1/ {"timestamp":"2023-02-26T07:39:57.976Z"}
info: Connected to the database. {"timestamp":"2023-02-26T07:39:58.029Z"}
info: Server started at http://localhost:4000/api/v1/ {"timestamp":"2023-02-26T07:40:11.032Z"}
info: Connected to the database. {"timestamp":"2023-02-26T07:40:11.071Z"}
info: Server started at http://localhost:4000/api/v1/ {"timestamp":"2023-02-26T07:45:07.714Z"}
info: Connected to the database. {"timestamp":"2023-02-26T07:45:07.749Z"}
info: Server started at http://localhost:4000/api/v1/ {"timestamp":"2023-02-26T07:47:23.604Z"}
info: Connected to the database. {"timestamp":"2023-02-26T07:47:23.640Z"}
info: Server started at http://localhost:4000/api/v1/ {"timestamp":"2023-02-26T07:48:25.659Z"}
info: Connected to the database. {"timestamp":"2023-02-26T07:48:25.698Z"}
info: Server started at http://localhost:4000/api/v1/ {"timestamp":"2023-02-26T07:48:36.010Z"}
info: Connected to the database. {"timestamp":"2023-02-26T07:48:36.052Z"}
info: Server started at http://localhost:4000/api/v1/ {"timestamp":"2023-02-26T07:50:33.523Z"}
info: Connected to the database. {"timestamp":"2023-02-26T07:50:33.560Z"}
info: Server started at http://localhost:4000/api/v1/ {"timestamp":"2023-02-26T07:50:44.778Z"}
info: Connected to the database. {"timestamp":"2023-02-26T07:50:44.812Z"}
info: Server started at http://localhost:4000/api/v1/ {"timestamp":"2023-02-26T07:51:37.328Z"}
info: Connected to the database. {"timestamp":"2023-02-26T07:51:37.355Z"}
