info: Server started at http://localhost:3000/api/v1/ {"timestamp":"2023-02-24T06:56:15.863Z"}
info: Connected to the database. {"timestamp":"2023-02-24T06:56:21.132Z"}
info: Server started at http://localhost:4000/api/v1/ {"timestamp":"2023-02-24T07:01:54.097Z"}
info: Connected to the database. {"timestamp":"2023-02-24T07:02:07.571Z"}
info: Server started at http://localhost:4000/api/v1/ {"timestamp":"2023-02-24T07:15:47.705Z"}
info: Connected to the database. {"timestamp":"2023-02-24T07:15:47.780Z"}
info: Server started at http://localhost:4000/api/v1/ {"timestamp":"2023-02-24T07:19:16.662Z"}
info: Connected to the database. {"timestamp":"2023-02-24T07:19:16.774Z"}
info: Server started at http://localhost:4000/api/v1/ {"timestamp":"2023-02-24T07:22:48.851Z"}
info: Connected to the database. {"timestamp":"2023-02-24T07:22:48.910Z"}
info: Server started at http://localhost:4000/api/v1/ {"timestamp":"2023-02-24T07:25:50.683Z"}
error: Could not connect to the database. connect ECONNREFUSED 127.0.0.1:27018 {"reason":{"commonWireVersion":null,"compatibilityError":null,"compatible":true,"heartbeatFrequencyMS":10000,"localThresholdMS":15,"logicalSessionTimeoutMinutes":null,"maxElectionId":null,"maxSetVersion":null,"servers":{},"setName":null,"stale":false,"type":"Single"},"stack":"MongooseServerSelectionError: connect ECONNREFUSED 127.0.0.1:27018\n    at NativeConnection.Connection.openUri (D:\\MSBelagavi\\FunDoo_Notes\\node_modules\\mongoose\\lib\\connection.js:847:32)\n    at D:\\MSBelagavi\\FunDoo_Notes\\node_modules\\mongoose\\lib\\index.js:351:10\n    at D:\\MSBelagavi\\FunDoo_Notes\\node_modules\\mongoose\\lib\\helpers\\promiseOrCallback.js:32:5\n    at new Promise (<anonymous>)\n    at promiseOrCallback (D:\\MSBelagavi\\FunDoo_Notes\\node_modules\\mongoose\\lib\\helpers\\promiseOrCallback.js:31:10)\n    at Mongoose._promiseOrCallback (D:\\MSBelagavi\\FunDoo_Notes\\node_modules\\mongoose\\lib\\index.js:1149:10)\n    at Mongoose.connect (D:\\MSBelagavi\\FunDoo_Notes\\node_modules\\mongoose\\lib\\index.js:350:20)\n    at _callee$ (D:\\MSBelagavi\\FunDoo_Notes\\src\\config\\/database.js:12:20)\n    at tryCatch (D:\\MSBelagavi\\FunDoo_Notes\\node_modules\\@babel\\runtime\\helpers\\regeneratorRuntime.js:44:17)\n    at Generator.<anonymous> (D:\\MSBelagavi\\FunDoo_Notes\\node_modules\\@babel\\runtime\\helpers\\regeneratorRuntime.js:125:22)\n    at Generator.next (D:\\MSBelagavi\\FunDoo_Notes\\node_modules\\@babel\\runtime\\helpers\\regeneratorRuntime.js:69:21)\n    at asyncGeneratorStep (D:\\MSBelagavi\\FunDoo_Notes\\node_modules\\@babel\\runtime\\helpers\\asyncToGenerator.js:3:24)\n    at _next (D:\\MSBelagavi\\FunDoo_Notes\\node_modules\\@babel\\runtime\\helpers\\asyncToGenerator.js:22:9)\n    at D:\\MSBelagavi\\FunDoo_Notes\\node_modules\\@babel\\runtime\\helpers\\asyncToGenerator.js:27:7\n    at new Promise (<anonymous>)\n    at D:\\MSBelagavi\\FunDoo_Notes\\node_modules\\@babel\\runtime\\helpers\\asyncToGenerator.js:19:12","timestamp":"2023-02-24T07:26:20.721Z"}
info: Server started at http://localhost:4000/api/v1/ {"timestamp":"2023-02-24T07:27:38.239Z"}
info: Connected to the database. {"timestamp":"2023-02-24T07:27:38.327Z"}
info: Server started at http://localhost:4000/api/v1/ {"timestamp":"2023-02-24T07:30:26.556Z"}
info: Connected to the database. {"timestamp":"2023-02-24T07:30:26.638Z"}
info: Server started at http://localhost:4000/api/v1/ {"timestamp":"2023-02-24T07:33:39.210Z"}
info: Connected to the database. {"timestamp":"2023-02-24T07:33:39.411Z"}
info: Server started at http://localhost:4000/api/v1/ {"timestamp":"2023-02-24T07:36:07.731Z"}
info: Connected to the database. {"timestamp":"2023-02-24T07:36:07.796Z"}
info: Server started at http://localhost:4000/api/v1/ {"timestamp":"2023-02-24T07:38:52.747Z"}
info: Connected to the database. {"timestamp":"2023-02-24T07:38:52.793Z"}
info: Server started at http://localhost:4000/api/v1/ {"timestamp":"2023-02-24T09:01:08.920Z"}
info: Connected to the database. {"timestamp":"2023-02-24T09:01:08.961Z"}
info: Server started at http://localhost:4000/api/v1/ {"timestamp":"2023-02-24T09:01:40.357Z"}
info: Connected to the database. {"timestamp":"2023-02-24T09:01:40.390Z"}
info: Server started at http://localhost:4000/api/v1/ {"timestamp":"2023-02-24T09:01:48.247Z"}
info: Connected to the database. {"timestamp":"2023-02-24T09:01:48.298Z"}
info: Server started at http://localhost:4000/api/v1/ {"timestamp":"2023-02-24T09:02:03.743Z"}
info: Connected to the database. {"timestamp":"2023-02-24T09:02:03.805Z"}
info: Server started at http://localhost:4000/api/v1/ {"timestamp":"2023-02-24T09:02:26.692Z"}
info: Connected to the database. {"timestamp":"2023-02-24T09:02:26.719Z"}
info: Server started at http://localhost:4000/api/v1/ {"timestamp":"2023-02-24T09:02:31.641Z"}
info: Connected to the database. {"timestamp":"2023-02-24T09:02:31.672Z"}
info: Server started at http://localhost:4000/api/v1/ {"timestamp":"2023-02-24T09:06:07.637Z"}
info: Connected to the database. {"timestamp":"2023-02-24T09:06:07.664Z"}
info: Server started at http://localhost:4000/api/v1/ {"timestamp":"2023-02-24T09:06:39.074Z"}
info: Connected to the database. {"timestamp":"2023-02-24T09:06:39.104Z"}
info: Server started at http://localhost:4000/api/v1/ {"timestamp":"2023-02-24T09:07:01.024Z"}
info: Connected to the database. {"timestamp":"2023-02-24T09:07:01.058Z"}
info: Server started at http://localhost:4000/api/v1/ {"timestamp":"2023-02-24T09:07:06.369Z"}
info: Connected to the database. {"timestamp":"2023-02-24T09:07:06.398Z"}
info: Server started at http://localhost:4000/api/v1/ {"timestamp":"2023-02-24T09:07:13.585Z"}
info: Connected to the database. {"timestamp":"2023-02-24T09:07:13.634Z"}
info: Server started at http://localhost:4000/api/v1/ {"timestamp":"2023-02-24T09:08:20.422Z"}
info: Connected to the database. {"timestamp":"2023-02-24T09:08:20.454Z"}
info: Server started at http://localhost:4000/api/v1/ {"timestamp":"2023-02-24T09:08:36.651Z"}
info: Connected to the database. {"timestamp":"2023-02-24T09:08:36.682Z"}
info: Server started at http://localhost:4000/api/v1/ {"timestamp":"2023-02-24T09:08:47.024Z"}
info: Connected to the database. {"timestamp":"2023-02-24T09:08:47.053Z"}
info: Server started at http://localhost:4000/api/v1/ {"timestamp":"2023-02-24T09:09:01.062Z"}
info: Connected to the database. {"timestamp":"2023-02-24T09:09:01.093Z"}
info: Server started at http://localhost:4000/api/v1/ {"timestamp":"2023-02-24T09:09:30.423Z"}
info: Connected to the database. {"timestamp":"2023-02-24T09:09:30.457Z"}
info: Server started at http://localhost:4000/api/v1/ {"timestamp":"2023-02-24T09:09:47.504Z"}
info: Connected to the database. {"timestamp":"2023-02-24T09:09:47.535Z"}
info: Server started at http://localhost:4000/api/v1/ {"timestamp":"2023-02-24T09:10:00.593Z"}
info: Connected to the database. {"timestamp":"2023-02-24T09:10:00.651Z"}
error: 
    status - 500 
    message - ValidationError: "firstName" is required 
    url - /api/v1/users/create 
    method - POST 
    IP - ::1
   {"timestamp":"2023-02-24T09:10:22.753Z"}
error: 
    status - 500 
    message - ValidationError: "firstName" with value "RamKumar " fails to match the required pattern: /^[A-Z]{1,1}[a-z]{3,20}$/ 
    url - /api/v1/users/create 
    method - POST 
    IP - ::1
   {"timestamp":"2023-02-24T09:11:37.843Z"}
error: 
    status - 500 
    message - ValidationError: "firstName" with value "Ramkumar " fails to match the required pattern: /^[A-Z]{1,1}[a-z]{3,20}$/ 
    url - /api/v1/users/create 
    method - POST 
    IP - ::1
   {"timestamp":"2023-02-24T09:12:01.054Z"}
info: Server started at http://localhost:4000/api/v1/ {"timestamp":"2023-02-24T09:12:37.147Z"}
info: Connected to the database. {"timestamp":"2023-02-24T09:12:37.177Z"}
error: 
    status - 500 
    message - ValidationError: "firstName" with value "Ramkumar " fails to match the required pattern: /^[A-Z]{1,1}[a-z]{3,20}$/ 
    url - /api/v1/users/create 
    method - POST 
    IP - ::1
   {"timestamp":"2023-02-24T09:13:10.342Z"}
info: Server started at http://localhost:4000/api/v1/ {"timestamp":"2023-02-24T09:13:40.483Z"}
info: Connected to the database. {"timestamp":"2023-02-24T09:13:40.522Z"}
info: Server started at http://localhost:4000/api/v1/ {"timestamp":"2023-02-24T09:13:55.071Z"}
info: Connected to the database. {"timestamp":"2023-02-24T09:13:55.108Z"}
info: Server started at http://localhost:4000/api/v1/ {"timestamp":"2023-02-24T09:14:11.020Z"}
info: Connected to the database. {"timestamp":"2023-02-24T09:14:11.106Z"}
info: Server started at http://localhost:4000/api/v1/ {"timestamp":"2023-02-24T09:14:14.779Z"}
info: Connected to the database. {"timestamp":"2023-02-24T09:14:14.806Z"}
info: Server started at http://localhost:4000/api/v1/ {"timestamp":"2023-02-24T09:14:18.937Z"}
info: Connected to the database. {"timestamp":"2023-02-24T09:14:18.963Z"}
info: Server started at http://localhost:4000/api/v1/ {"timestamp":"2023-02-24T09:14:31.679Z"}
info: Connected to the database. {"timestamp":"2023-02-24T09:14:31.713Z"}
error: 
    status - 500 
    message - ValidationError: "firstName" with value "Ramkumar " fails to match the required pattern: /^[A-Z]{1,1}[a-z]{3,20}$/ 
    url - /api/v1/users/create 
    method - POST 
    IP - ::1
   {"timestamp":"2023-02-24T09:14:33.617Z"}
info: Server started at http://localhost:4000/api/v1/ {"timestamp":"2023-02-24T09:17:45.247Z"}
info: Connected to the database. {"timestamp":"2023-02-24T09:17:45.271Z"}
info: Server started at http://localhost:4000/api/v1/ {"timestamp":"2023-02-24T09:18:13.014Z"}
info: Connected to the database. {"timestamp":"2023-02-24T09:18:13.039Z"}
info: Server started at http://localhost:4000/api/v1/ {"timestamp":"2023-02-24T09:18:22.606Z"}
info: Connected to the database. {"timestamp":"2023-02-24T09:18:22.650Z"}
info: Server started at http://localhost:4000/api/v1/ {"timestamp":"2023-02-24T09:18:30.322Z"}
info: Connected to the database. {"timestamp":"2023-02-24T09:18:30.352Z"}
info: Server started at http://localhost:4000/api/v1/ {"timestamp":"2023-02-24T09:19:39.150Z"}
info: Connected to the database. {"timestamp":"2023-02-24T09:19:39.233Z"}
info: Server started at http://localhost:4000/api/v1/ {"timestamp":"2023-02-24T09:19:46.381Z"}
info: Connected to the database. {"timestamp":"2023-02-24T09:19:46.409Z"}
info: Server started at http://localhost:4000/api/v1/ {"timestamp":"2023-02-24T09:24:14.474Z"}
info: Connected to the database. {"timestamp":"2023-02-24T09:24:14.520Z"}
info: Server started at http://localhost:4000/api/v1/ {"timestamp":"2023-02-24T09:25:51.616Z"}
info: Connected to the database. {"timestamp":"2023-02-24T09:25:51.642Z"}
info: Server started at http://localhost:4000/api/v1/ {"timestamp":"2023-02-24T09:26:05.095Z"}
info: Connected to the database. {"timestamp":"2023-02-24T09:26:05.129Z"}
info: Server started at http://localhost:4000/api/v1/ {"timestamp":"2023-02-24T09:26:35.869Z"}
info: Connected to the database. {"timestamp":"2023-02-24T09:26:35.895Z"}
info: Server started at http://localhost:4000/api/v1/ {"timestamp":"2023-02-24T09:26:46.602Z"}
info: Connected to the database. {"timestamp":"2023-02-24T09:26:46.653Z"}
error: 
    status - 500 
    message - ValidationError: "lastName" with value "koladur" fails to match the required pattern: /^[A-Z]{1,1}[a-z]{3,20}$/ 
    url - /api/v1/users/create 
    method - POST 
    IP - ::1
   {"timestamp":"2023-02-24T09:27:19.227Z"}
info: Server started at http://localhost:4000/api/v1/ {"timestamp":"2023-02-24T09:30:37.220Z"}
info: Connected to the database. {"timestamp":"2023-02-24T09:30:37.253Z"}
info: Server started at http://localhost:4000/api/v1/ {"timestamp":"2023-02-24T09:31:48.075Z"}
info: Connected to the database. {"timestamp":"2023-02-24T09:31:48.098Z"}
info: Server started at http://localhost:4000/api/v1/ {"timestamp":"2023-02-24T09:35:01.931Z"}
info: Connected to the database. {"timestamp":"2023-02-24T09:35:01.954Z"}
info: Server started at http://localhost:4000/api/v1/ {"timestamp":"2023-02-24T09:35:08.163Z"}
info: Connected to the database. {"timestamp":"2023-02-24T09:35:08.187Z"}
info: Server started at http://localhost:4000/api/v1/ {"timestamp":"2023-02-24T09:36:17.815Z"}
info: Connected to the database. {"timestamp":"2023-02-24T09:36:17.839Z"}
info: Server started at http://localhost:4000/api/v1/ {"timestamp":"2023-02-24T09:36:31.981Z"}
info: Connected to the database. {"timestamp":"2023-02-24T09:36:32.007Z"}
info: Server started at http://localhost:4000/api/v1/ {"timestamp":"2023-02-24T09:36:36.320Z"}
info: Connected to the database. {"timestamp":"2023-02-24T09:36:36.367Z"}
info: Server started at http://localhost:4000/api/v1/ {"timestamp":"2023-02-24T12:22:09.436Z"}
info: Connected to the database. {"timestamp":"2023-02-24T12:22:09.491Z"}
info: Server started at http://localhost:4000/api/v1/ {"timestamp":"2023-02-24T13:47:24.260Z"}
info: Connected to the database. {"timestamp":"2023-02-24T13:47:24.366Z"}
info: Server started at http://localhost:4000/api/v1/ {"timestamp":"2023-02-24T16:54:01.064Z"}
info: Connected to the database. {"timestamp":"2023-02-24T16:54:01.111Z"}
info: Server started at http://localhost:4000/api/v1/ {"timestamp":"2023-02-26T06:38:47.867Z"}
info: Connected to the database. {"timestamp":"2023-02-26T06:38:47.911Z"}
error: 
    status - 500 
    message - TypeError: Cannot read properties of null (reading 'firstName')
    at _callee2$ (D:\MSBelagavi\FunDoo_Notes\src\controllers\/user.controller.js:36:26)
    at tryCatch (D:\MSBelagavi\FunDoo_Notes\node_modules\@babel\runtime\helpers\regeneratorRuntime.js:44:17)
    at Generator.<anonymous> (D:\MSBelagavi\FunDoo_Notes\node_modules\@babel\runtime\helpers\regeneratorRuntime.js:125:22)
    at Generator.next (D:\MSBelagavi\FunDoo_Notes\node_modules\@babel\runtime\helpers\regeneratorRuntime.js:69:21)
    at asyncGeneratorStep (D:\MSBelagavi\FunDoo_Notes\node_modules\@babel\runtime\helpers\asyncToGenerator.js:3:24)
    at _next (D:\MSBelagavi\FunDoo_Notes\node_modules\@babel\runtime\helpers\asyncToGenerator.js:22:9)
    at processTicksAndRejections (node:internal/process/task_queues:95:5) 
    url - /api/v1/users/login 
    method - POST 
    IP - ::1
   {"timestamp":"2023-02-26T06:43:53.638Z"}
error: 
    status - 500 
    message - TypeError: Cannot read properties of null (reading 'firstName')
    at _callee2$ (D:\MSBelagavi\FunDoo_Notes\src\controllers\/user.controller.js:36:26)
    at tryCatch (D:\MSBelagavi\FunDoo_Notes\node_modules\@babel\runtime\helpers\regeneratorRuntime.js:44:17)
    at Generator.<anonymous> (D:\MSBelagavi\FunDoo_Notes\node_modules\@babel\runtime\helpers\regeneratorRuntime.js:125:22)
    at Generator.next (D:\MSBelagavi\FunDoo_Notes\node_modules\@babel\runtime\helpers\regeneratorRuntime.js:69:21)
    at asyncGeneratorStep (D:\MSBelagavi\FunDoo_Notes\node_modules\@babel\runtime\helpers\asyncToGenerator.js:3:24)
    at _next (D:\MSBelagavi\FunDoo_Notes\node_modules\@babel\runtime\helpers\asyncToGenerator.js:22:9)
    at processTicksAndRejections (node:internal/process/task_queues:95:5) 
    url - /api/v1/users/login 
    method - POST 
    IP - ::1
   {"timestamp":"2023-02-26T06:44:25.657Z"}
info: Server started at http://localhost:4000/api/v1/ {"timestamp":"2023-02-26T06:49:45.969Z"}
info: Connected to the database. {"timestamp":"2023-02-26T06:49:46.027Z"}
error: 
    status - 500 
    message - TypeError: Cannot read properties of null (reading 'firstName')
    at _callee2$ (D:\MSBelagavi\FunDoo_Notes\src\controllers\/user.controller.js:36:26)
    at tryCatch (D:\MSBelagavi\FunDoo_Notes\node_modules\@babel\runtime\helpers\regeneratorRuntime.js:44:17)
    at Generator.<anonymous> (D:\MSBelagavi\FunDoo_Notes\node_modules\@babel\runtime\helpers\regeneratorRuntime.js:125:22)
    at Generator.next (D:\MSBelagavi\FunDoo_Notes\node_modules\@babel\runtime\helpers\regeneratorRuntime.js:69:21)
    at asyncGeneratorStep (D:\MSBelagavi\FunDoo_Notes\node_modules\@babel\runtime\helpers\asyncToGenerator.js:3:24)
    at _next (D:\MSBelagavi\FunDoo_Notes\node_modules\@babel\runtime\helpers\asyncToGenerator.js:22:9)
    at processTicksAndRejections (node:internal/process/task_queues:95:5) 
    url - /api/v1/users/login 
    method - POST 
    IP - ::1
   {"timestamp":"2023-02-26T06:50:12.544Z"}
error: 
    status - 500 
    message - TypeError: Cannot read properties of null (reading 'firstName')
    at _callee2$ (D:\MSBelagavi\FunDoo_Notes\src\controllers\/user.controller.js:36:26)
    at tryCatch (D:\MSBelagavi\FunDoo_Notes\node_modules\@babel\runtime\helpers\regeneratorRuntime.js:44:17)
    at Generator.<anonymous> (D:\MSBelagavi\FunDoo_Notes\node_modules\@babel\runtime\helpers\regeneratorRuntime.js:125:22)
    at Generator.next (D:\MSBelagavi\FunDoo_Notes\node_modules\@babel\runtime\helpers\regeneratorRuntime.js:69:21)
    at asyncGeneratorStep (D:\MSBelagavi\FunDoo_Notes\node_modules\@babel\runtime\helpers\asyncToGenerator.js:3:24)
    at _next (D:\MSBelagavi\FunDoo_Notes\node_modules\@babel\runtime\helpers\asyncToGenerator.js:22:9)
    at processTicksAndRejections (node:internal/process/task_queues:95:5) 
    url - /api/v1/users/login 
    method - POST 
    IP - ::1
   {"timestamp":"2023-02-26T06:50:38.849Z"}
error: 
    status - 500 
    message - TypeError: Cannot read properties of null (reading 'firstName')
    at _callee2$ (D:\MSBelagavi\FunDoo_Notes\src\controllers\/user.controller.js:36:26)
    at tryCatch (D:\MSBelagavi\FunDoo_Notes\node_modules\@babel\runtime\helpers\regeneratorRuntime.js:44:17)
    at Generator.<anonymous> (D:\MSBelagavi\FunDoo_Notes\node_modules\@babel\runtime\helpers\regeneratorRuntime.js:125:22)
    at Generator.next (D:\MSBelagavi\FunDoo_Notes\node_modules\@babel\runtime\helpers\regeneratorRuntime.js:69:21)
    at asyncGeneratorStep (D:\MSBelagavi\FunDoo_Notes\node_modules\@babel\runtime\helpers\asyncToGenerator.js:3:24)
    at _next (D:\MSBelagavi\FunDoo_Notes\node_modules\@babel\runtime\helpers\asyncToGenerator.js:22:9)
    at processTicksAndRejections (node:internal/process/task_queues:95:5) 
    url - /api/v1/users/login 
    method - POST 
    IP - ::1
   {"timestamp":"2023-02-26T06:50:53.479Z"}
error: 
    status - 500 
    message - Error: Cannot set headers after they are sent to the client
    at new NodeError (node:internal/errors:400:5)
    at ServerResponse.setHeader (node:_http_outgoing:663:11)
    at ServerResponse.header (D:\MSBelagavi\FunDoo_Notes\node_modules\express\lib\response.js:794:10)
    at ServerResponse.send (D:\MSBelagavi\FunDoo_Notes\node_modules\express\lib\response.js:174:12)
    at ServerResponse.json (D:\MSBelagavi\FunDoo_Notes\node_modules\express\lib\response.js:278:15)
    at _callee$ (D:\MSBelagavi\FunDoo_Notes\src\controllers\/user.controller.js:20:52)
    at tryCatch (D:\MSBelagavi\FunDoo_Notes\node_modules\@babel\runtime\helpers\regeneratorRuntime.js:44:17)
    at Generator.<anonymous> (D:\MSBelagavi\FunDoo_Notes\node_modules\@babel\runtime\helpers\regeneratorRuntime.js:125:22)
    at Generator.next (D:\MSBelagavi\FunDoo_Notes\node_modules\@babel\runtime\helpers\regeneratorRuntime.js:69:21)
    at asyncGeneratorStep (D:\MSBelagavi\FunDoo_Notes\node_modules\@babel\runtime\helpers\asyncToGenerator.js:3:24)
    at _next (D:\MSBelagavi\FunDoo_Notes\node_modules\@babel\runtime\helpers\asyncToGenerator.js:22:9)
    at processTicksAndRejections (node:internal/process/task_queues:95:5) 
    url - /api/v1/users/create 
    method - POST 
    IP - ::1
   {"timestamp":"2023-02-26T06:51:11.490Z"}
info: Server started at http://localhost:4000/api/v1/ {"timestamp":"2023-02-26T06:53:47.852Z"}
info: Connected to the database. {"timestamp":"2023-02-26T06:53:47.880Z"}
info: Server started at http://localhost:4000/api/v1/ {"timestamp":"2023-02-26T06:54:36.095Z"}
info: Connected to the database. {"timestamp":"2023-02-26T06:54:36.123Z"}
info: Server started at http://localhost:4000/api/v1/ {"timestamp":"2023-02-26T06:54:40.987Z"}
info: Connected to the database. {"timestamp":"2023-02-26T06:54:41.054Z"}
info: Server started at http://localhost:4000/api/v1/ {"timestamp":"2023-02-26T06:55:05.336Z"}
info: Connected to the database. {"timestamp":"2023-02-26T06:55:05.380Z"}
error: 
    status - 500 
    message - ValidationError: "firstName" with value "RohanKumar" fails to match the required pattern: /^[A-Z]{1,1}[a-z]{3,20}$/ 
    url - /api/v1/users/create 
    method - POST 
    IP - ::1
   {"timestamp":"2023-02-26T06:56:21.776Z"}
error: 
    status - 500 
    message - Error: Cannot set headers after they are sent to the client
    at new NodeError (node:internal/errors:400:5)
    at ServerResponse.setHeader (node:_http_outgoing:663:11)
    at ServerResponse.header (D:\MSBelagavi\FunDoo_Notes\node_modules\express\lib\response.js:794:10)
    at ServerResponse.send (D:\MSBelagavi\FunDoo_Notes\node_modules\express\lib\response.js:174:12)
    at ServerResponse.json (D:\MSBelagavi\FunDoo_Notes\node_modules\express\lib\response.js:278:15)
    at _callee$ (D:\MSBelagavi\FunDoo_Notes\src\controllers\/user.controller.js:21:36)
    at tryCatch (D:\MSBelagavi\FunDoo_Notes\node_modules\@babel\runtime\helpers\regeneratorRuntime.js:44:17)
    at Generator.<anonymous> (D:\MSBelagavi\FunDoo_Notes\node_modules\@babel\runtime\helpers\regeneratorRuntime.js:125:22)
    at Generator.next (D:\MSBelagavi\FunDoo_Notes\node_modules\@babel\runtime\helpers\regeneratorRuntime.js:69:21)
    at asyncGeneratorStep (D:\MSBelagavi\FunDoo_Notes\node_modules\@babel\runtime\helpers\asyncToGenerator.js:3:24)
    at _next (D:\MSBelagavi\FunDoo_Notes\node_modules\@babel\runtime\helpers\asyncToGenerator.js:22:9)
    at processTicksAndRejections (node:internal/process/task_queues:95:5) 
    url - /api/v1/users/create 
    method - POST 
    IP - ::1
   {"timestamp":"2023-02-26T06:56:37.575Z"}
error: 
    status - 500 
    message - Error: Cannot set headers after they are sent to the client
    at new NodeError (node:internal/errors:400:5)
    at ServerResponse.setHeader (node:_http_outgoing:663:11)
    at ServerResponse.header (D:\MSBelagavi\FunDoo_Notes\node_modules\express\lib\response.js:794:10)
    at ServerResponse.send (D:\MSBelagavi\FunDoo_Notes\node_modules\express\lib\response.js:174:12)
    at ServerResponse.json (D:\MSBelagavi\FunDoo_Notes\node_modules\express\lib\response.js:278:15)
    at _callee$ (D:\MSBelagavi\FunDoo_Notes\src\controllers\/user.controller.js:21:36)
    at tryCatch (D:\MSBelagavi\FunDoo_Notes\node_modules\@babel\runtime\helpers\regeneratorRuntime.js:44:17)
    at Generator.<anonymous> (D:\MSBelagavi\FunDoo_Notes\node_modules\@babel\runtime\helpers\regeneratorRuntime.js:125:22)
    at Generator.next (D:\MSBelagavi\FunDoo_Notes\node_modules\@babel\runtime\helpers\regeneratorRuntime.js:69:21)
    at asyncGeneratorStep (D:\MSBelagavi\FunDoo_Notes\node_modules\@babel\runtime\helpers\asyncToGenerator.js:3:24)
    at _next (D:\MSBelagavi\FunDoo_Notes\node_modules\@babel\runtime\helpers\asyncToGenerator.js:22:9)
    at processTicksAndRejections (node:internal/process/task_queues:95:5) 
    url - /api/v1/users/create 
    method - POST 
    IP - ::1
   {"timestamp":"2023-02-26T06:56:53.986Z"}
error: 
    status - 500 
    message - Error: Cannot set headers after they are sent to the client
    at new NodeError (node:internal/errors:400:5)
    at ServerResponse.setHeader (node:_http_outgoing:663:11)
    at ServerResponse.header (D:\MSBelagavi\FunDoo_Notes\node_modules\express\lib\response.js:794:10)
    at ServerResponse.send (D:\MSBelagavi\FunDoo_Notes\node_modules\express\lib\response.js:174:12)
    at ServerResponse.json (D:\MSBelagavi\FunDoo_Notes\node_modules\express\lib\response.js:278:15)
    at _callee$ (D:\MSBelagavi\FunDoo_Notes\src\controllers\/user.controller.js:21:36)
    at tryCatch (D:\MSBelagavi\FunDoo_Notes\node_modules\@babel\runtime\helpers\regeneratorRuntime.js:44:17)
    at Generator.<anonymous> (D:\MSBelagavi\FunDoo_Notes\node_modules\@babel\runtime\helpers\regeneratorRuntime.js:125:22)
    at Generator.next (D:\MSBelagavi\FunDoo_Notes\node_modules\@babel\runtime\helpers\regeneratorRuntime.js:69:21)
    at asyncGeneratorStep (D:\MSBelagavi\FunDoo_Notes\node_modules\@babel\runtime\helpers\asyncToGenerator.js:3:24)
    at _next (D:\MSBelagavi\FunDoo_Notes\node_modules\@babel\runtime\helpers\asyncToGenerator.js:22:9)
    at processTicksAndRejections (node:internal/process/task_queues:95:5) 
    url - /api/v1/users/create 
    method - POST 
    IP - ::1
   {"timestamp":"2023-02-26T06:57:06.326Z"}
info: Server started at http://localhost:4000/api/v1/ {"timestamp":"2023-02-26T06:59:09.779Z"}
info: Connected to the database. {"timestamp":"2023-02-26T06:59:09.866Z"}
info: Server started at http://localhost:4000/api/v1/ {"timestamp":"2023-02-26T06:59:14.413Z"}
info: Connected to the database. {"timestamp":"2023-02-26T06:59:14.456Z"}
error: 
    status - 500 
    message - TypeError: Cannot read properties of null (reading 'firstName')
    at _callee2$ (D:\MSBelagavi\FunDoo_Notes\src\controllers\/user.controller.js:37:26)
    at tryCatch (D:\MSBelagavi\FunDoo_Notes\node_modules\@babel\runtime\helpers\regeneratorRuntime.js:44:17)
    at Generator.<anonymous> (D:\MSBelagavi\FunDoo_Notes\node_modules\@babel\runtime\helpers\regeneratorRuntime.js:125:22)
    at Generator.next (D:\MSBelagavi\FunDoo_Notes\node_modules\@babel\runtime\helpers\regeneratorRuntime.js:69:21)
    at asyncGeneratorStep (D:\MSBelagavi\FunDoo_Notes\node_modules\@babel\runtime\helpers\asyncToGenerator.js:3:24)
    at _next (D:\MSBelagavi\FunDoo_Notes\node_modules\@babel\runtime\helpers\asyncToGenerator.js:22:9)
    at processTicksAndRejections (node:internal/process/task_queues:95:5) 
    url - /api/v1/users/login 
    method - POST 
    IP - ::1
   {"timestamp":"2023-02-26T06:59:44.464Z"}
info: Server started at http://localhost:4000/api/v1/ {"timestamp":"2023-02-26T07:00:44.556Z"}
info: Connected to the database. {"timestamp":"2023-02-26T07:00:44.595Z"}
info: Server started at http://localhost:4000/api/v1/ {"timestamp":"2023-02-26T07:01:05.478Z"}
info: Connected to the database. {"timestamp":"2023-02-26T07:01:05.522Z"}
info: Server started at http://localhost:4000/api/v1/ {"timestamp":"2023-02-26T07:01:52.538Z"}
info: Connected to the database. {"timestamp":"2023-02-26T07:01:52.568Z"}
info: Server started at http://localhost:4000/api/v1/ {"timestamp":"2023-02-26T07:02:09.914Z"}
info: Connected to the database. {"timestamp":"2023-02-26T07:02:09.964Z"}
info: Server started at http://localhost:4000/api/v1/ {"timestamp":"2023-02-26T07:02:22.321Z"}
info: Connected to the database. {"timestamp":"2023-02-26T07:02:22.362Z"}
info: Server started at http://localhost:4000/api/v1/ {"timestamp":"2023-02-26T07:02:32.534Z"}
info: Connected to the database. {"timestamp":"2023-02-26T07:02:32.573Z"}
info: Server started at http://localhost:4000/api/v1/ {"timestamp":"2023-02-26T07:03:00.693Z"}
info: Connected to the database. {"timestamp":"2023-02-26T07:03:00.732Z"}
info: Server started at http://localhost:4000/api/v1/ {"timestamp":"2023-02-26T07:03:11.606Z"}
info: Connected to the database. {"timestamp":"2023-02-26T07:03:11.639Z"}
info: Server started at http://localhost:4000/api/v1/ {"timestamp":"2023-02-26T07:04:30.955Z"}
info: Connected to the database. {"timestamp":"2023-02-26T07:04:30.984Z"}
info: Server started at http://localhost:4000/api/v1/ {"timestamp":"2023-02-26T07:04:41.489Z"}
info: Connected to the database. {"timestamp":"2023-02-26T07:04:41.517Z"}
info: Server started at http://localhost:4000/api/v1/ {"timestamp":"2023-02-26T07:07:47.065Z"}
info: Connected to the database. {"timestamp":"2023-02-26T07:07:47.089Z"}
info: Server started at http://localhost:4000/api/v1/ {"timestamp":"2023-02-26T07:08:06.088Z"}
info: Connected to the database. {"timestamp":"2023-02-26T07:08:06.112Z"}
info: Server started at http://localhost:4000/api/v1/ {"timestamp":"2023-02-26T07:08:25.858Z"}
info: Connected to the database. {"timestamp":"2023-02-26T07:08:25.883Z"}
info: Server started at http://localhost:4000/api/v1/ {"timestamp":"2023-02-26T07:08:31.767Z"}
info: Connected to the database. {"timestamp":"2023-02-26T07:08:31.792Z"}
info: Server started at http://localhost:4000/api/v1/ {"timestamp":"2023-02-26T07:08:37.460Z"}
info: Connected to the database. {"timestamp":"2023-02-26T07:08:37.518Z"}
info: Server started at http://localhost:4000/api/v1/ {"timestamp":"2023-02-26T07:09:03.928Z"}
info: Connected to the database. {"timestamp":"2023-02-26T07:09:03.959Z"}
info: Server started at http://localhost:4000/api/v1/ {"timestamp":"2023-02-26T07:09:16.552Z"}
info: Connected to the database. {"timestamp":"2023-02-26T07:09:16.582Z"}
error: 
    status - 500 
    message - Error: Cannot set headers after they are sent to the client
    at new NodeError (node:internal/errors:400:5)
    at ServerResponse.setHeader (node:_http_outgoing:663:11)
    at ServerResponse.header (D:\MSBelagavi\FunDoo_Notes\node_modules\express\lib\response.js:794:10)
    at ServerResponse.send (D:\MSBelagavi\FunDoo_Notes\node_modules\express\lib\response.js:174:12)
    at ServerResponse.json (D:\MSBelagavi\FunDoo_Notes\node_modules\express\lib\response.js:278:15)
    at _callee$ (D:\MSBelagavi\FunDoo_Notes\src\controllers\/user.controller.js:21:36)
    at tryCatch (D:\MSBelagavi\FunDoo_Notes\node_modules\@babel\runtime\helpers\regeneratorRuntime.js:44:17)
    at Generator.<anonymous> (D:\MSBelagavi\FunDoo_Notes\node_modules\@babel\runtime\helpers\regeneratorRuntime.js:125:22)
    at Generator.next (D:\MSBelagavi\FunDoo_Notes\node_modules\@babel\runtime\helpers\regeneratorRuntime.js:69:21)
    at asyncGeneratorStep (D:\MSBelagavi\FunDoo_Notes\node_modules\@babel\runtime\helpers\asyncToGenerator.js:3:24)
    at _next (D:\MSBelagavi\FunDoo_Notes\node_modules\@babel\runtime\helpers\asyncToGenerator.js:22:9)
    at processTicksAndRejections (node:internal/process/task_queues:95:5) 
    url - /api/v1/users/create 
    method - POST 
    IP - ::1
   {"timestamp":"2023-02-26T07:10:32.593Z"}
info: Server started at http://localhost:4000/api/v1/ {"timestamp":"2023-02-26T07:31:08.665Z"}
info: Connected to the database. {"timestamp":"2023-02-26T07:31:08.717Z"}
error: 
    status - 500 
    message - Error: Cannot set headers after they are sent to the client
    at new NodeError (node:internal/errors:400:5)
    at ServerResponse.setHeader (node:_http_outgoing:663:11)
    at ServerResponse.header (D:\MSBelagavi\FunDoo_Notes\node_modules\express\lib\response.js:794:10)
    at ServerResponse.send (D:\MSBelagavi\FunDoo_Notes\node_modules\express\lib\response.js:174:12)
    at ServerResponse.json (D:\MSBelagavi\FunDoo_Notes\node_modules\express\lib\response.js:278:15)
    at _callee$ (D:\MSBelagavi\FunDoo_Notes\src\controllers\/user.controller.js:21:36)
    at tryCatch (D:\MSBelagavi\FunDoo_Notes\node_modules\@babel\runtime\helpers\regeneratorRuntime.js:44:17)
    at Generator.<anonymous> (D:\MSBelagavi\FunDoo_Notes\node_modules\@babel\runtime\helpers\regeneratorRuntime.js:125:22)
    at Generator.next (D:\MSBelagavi\FunDoo_Notes\node_modules\@babel\runtime\helpers\regeneratorRuntime.js:69:21)
    at asyncGeneratorStep (D:\MSBelagavi\FunDoo_Notes\node_modules\@babel\runtime\helpers\asyncToGenerator.js:3:24)
    at _next (D:\MSBelagavi\FunDoo_Notes\node_modules\@babel\runtime\helpers\asyncToGenerator.js:22:9)
    at processTicksAndRejections (node:internal/process/task_queues:95:5) 
    url - /api/v1/users/create 
    method - POST 
    IP - ::1
   {"timestamp":"2023-02-26T07:35:08.756Z"}
info: Server started at http://localhost:4000/api/v1/ {"timestamp":"2023-02-26T07:39:57.976Z"}
info: Connected to the database. {"timestamp":"2023-02-26T07:39:58.029Z"}
info: Server started at http://localhost:4000/api/v1/ {"timestamp":"2023-02-26T07:40:11.032Z"}
info: Connected to the database. {"timestamp":"2023-02-26T07:40:11.071Z"}
info: Server started at http://localhost:4000/api/v1/ {"timestamp":"2023-02-26T07:45:07.714Z"}
info: Connected to the database. {"timestamp":"2023-02-26T07:45:07.749Z"}
info: Server started at http://localhost:4000/api/v1/ {"timestamp":"2023-02-26T07:47:23.604Z"}
info: Connected to the database. {"timestamp":"2023-02-26T07:47:23.640Z"}
info: Server started at http://localhost:4000/api/v1/ {"timestamp":"2023-02-26T07:48:25.659Z"}
info: Connected to the database. {"timestamp":"2023-02-26T07:48:25.698Z"}
info: Server started at http://localhost:4000/api/v1/ {"timestamp":"2023-02-26T07:48:36.010Z"}
info: Connected to the database. {"timestamp":"2023-02-26T07:48:36.052Z"}
info: Server started at http://localhost:4000/api/v1/ {"timestamp":"2023-02-26T07:50:33.523Z"}
info: Connected to the database. {"timestamp":"2023-02-26T07:50:33.560Z"}
info: Server started at http://localhost:4000/api/v1/ {"timestamp":"2023-02-26T07:50:44.778Z"}
info: Connected to the database. {"timestamp":"2023-02-26T07:50:44.812Z"}
info: Server started at http://localhost:4000/api/v1/ {"timestamp":"2023-02-26T07:51:37.328Z"}
info: Connected to the database. {"timestamp":"2023-02-26T07:51:37.355Z"}
info: Server started at http://localhost:4000/api/v1/ {"timestamp":"2023-02-27T03:13:59.355Z"}
info: Connected to the database. {"timestamp":"2023-02-27T03:13:59.390Z"}
error: 
    status - 500 
    message - SyntaxError: Unexpected token } in JSON at position 84
    at JSON.parse (<anonymous>)
    at parse (D:\MSBelagavi\FunDoo_Notes\node_modules\body-parser\lib\types\json.js:89:19)
    at D:\MSBelagavi\FunDoo_Notes\node_modules\body-parser\lib\read.js:128:18
    at AsyncResource.runInAsyncScope (node:async_hooks:204:9)
    at invokeCallback (D:\MSBelagavi\FunDoo_Notes\node_modules\raw-body\index.js:231:16)
    at done (D:\MSBelagavi\FunDoo_Notes\node_modules\raw-body\index.js:220:7)
    at IncomingMessage.onEnd (D:\MSBelagavi\FunDoo_Notes\node_modules\raw-body\index.js:280:7)
    at IncomingMessage.emit (node:events:513:28)
    at IncomingMessage.emit (node:domain:489:12)
    at endReadableNT (node:internal/streams/readable:1359:12)
    at processTicksAndRejections (node:internal/process/task_queues:82:21) 
    url - /api/v1/users/login 
    method - POST 
    IP - ::1
   {"timestamp":"2023-02-27T03:14:22.901Z"}
info: Server started at http://localhost:4000/api/v1/ {"timestamp":"2023-02-27T03:15:00.903Z"}
info: Connected to the database. {"timestamp":"2023-02-27T03:15:00.984Z"}
info: Server started at http://localhost:4000/api/v1/ {"timestamp":"2023-02-27T03:15:15.369Z"}
info: Connected to the database. {"timestamp":"2023-02-27T03:15:15.403Z"}
info: Server started at http://localhost:4000/api/v1/ {"timestamp":"2023-02-27T03:15:31.382Z"}
info: Connected to the database. {"timestamp":"2023-02-27T03:15:31.433Z"}
info: Server started at http://localhost:4000/api/v1/ {"timestamp":"2023-02-27T03:16:12.195Z"}
info: Connected to the database. {"timestamp":"2023-02-27T03:16:12.222Z"}
info: Server started at http://localhost:4000/api/v1/ {"timestamp":"2023-02-27T03:16:55.817Z"}
info: Connected to the database. {"timestamp":"2023-02-27T03:16:55.856Z"}
info: Server started at http://localhost:4000/api/v1/ {"timestamp":"2023-02-27T03:29:15.090Z"}
info: Connected to the database. {"timestamp":"2023-02-27T03:29:15.126Z"}
info: Server started at http://localhost:4000/api/v1/ {"timestamp":"2023-02-27T03:30:20.841Z"}
info: Connected to the database. {"timestamp":"2023-02-27T03:30:20.874Z"}
info: Server started at http://localhost:4000/api/v1/ {"timestamp":"2023-02-27T03:36:36.965Z"}
info: Connected to the database. {"timestamp":"2023-02-27T03:36:36.996Z"}
error: 
    status - 500 
    message - TypeError: Cannot read properties of null (reading 'email')
    at _callee2$ (D:\MSBelagavi\FunDoo_Notes\src\controllers\/user.controller.js:34:14)
    at tryCatch (D:\MSBelagavi\FunDoo_Notes\node_modules\@babel\runtime\helpers\regeneratorRuntime.js:44:17)
    at Generator.<anonymous> (D:\MSBelagavi\FunDoo_Notes\node_modules\@babel\runtime\helpers\regeneratorRuntime.js:125:22)
    at Generator.next (D:\MSBelagavi\FunDoo_Notes\node_modules\@babel\runtime\helpers\regeneratorRuntime.js:69:21)
    at asyncGeneratorStep (D:\MSBelagavi\FunDoo_Notes\node_modules\@babel\runtime\helpers\asyncToGenerator.js:3:24)
    at _next (D:\MSBelagavi\FunDoo_Notes\node_modules\@babel\runtime\helpers\asyncToGenerator.js:22:9)
    at processTicksAndRejections (node:internal/process/task_queues:95:5) 
    url - /api/v1/users/login 
    method - POST 
    IP - ::1
   {"timestamp":"2023-02-27T03:36:46.885Z"}
error: 
    status - 500 
    message - TypeError: Cannot read properties of null (reading 'email')
    at _callee2$ (D:\MSBelagavi\FunDoo_Notes\src\controllers\/user.controller.js:34:14)
    at tryCatch (D:\MSBelagavi\FunDoo_Notes\node_modules\@babel\runtime\helpers\regeneratorRuntime.js:44:17)
    at Generator.<anonymous> (D:\MSBelagavi\FunDoo_Notes\node_modules\@babel\runtime\helpers\regeneratorRuntime.js:125:22)
    at Generator.next (D:\MSBelagavi\FunDoo_Notes\node_modules\@babel\runtime\helpers\regeneratorRuntime.js:69:21)
    at asyncGeneratorStep (D:\MSBelagavi\FunDoo_Notes\node_modules\@babel\runtime\helpers\asyncToGenerator.js:3:24)
    at _next (D:\MSBelagavi\FunDoo_Notes\node_modules\@babel\runtime\helpers\asyncToGenerator.js:22:9)
    at processTicksAndRejections (node:internal/process/task_queues:95:5) 
    url - /api/v1/users/login 
    method - POST 
    IP - ::1
   {"timestamp":"2023-02-27T03:37:07.821Z"}
info: Server started at http://localhost:4000/api/v1/ {"timestamp":"2023-02-27T03:37:41.511Z"}
info: Connected to the database. {"timestamp":"2023-02-27T03:37:41.556Z"}
info: Server started at http://localhost:4000/api/v1/ {"timestamp":"2023-02-27T03:37:49.310Z"}
info: Connected to the database. {"timestamp":"2023-02-27T03:37:49.349Z"}
info: Server started at http://localhost:4000/api/v1/ {"timestamp":"2023-02-27T03:39:34.368Z"}
info: Connected to the database. {"timestamp":"2023-02-27T03:39:34.399Z"}
info: Server started at http://localhost:4000/api/v1/ {"timestamp":"2023-02-27T03:39:41.034Z"}
info: Connected to the database. {"timestamp":"2023-02-27T03:39:41.064Z"}
info: Server started at http://localhost:4000/api/v1/ {"timestamp":"2023-02-27T03:40:19.638Z"}
info: Connected to the database. {"timestamp":"2023-02-27T03:40:19.672Z"}
info: Server started at http://localhost:4000/api/v1/ {"timestamp":"2023-02-27T03:40:56.780Z"}
info: Connected to the database. {"timestamp":"2023-02-27T03:40:56.822Z"}
info: Server started at http://localhost:4000/api/v1/ {"timestamp":"2023-02-27T03:41:08.599Z"}
info: Connected to the database. {"timestamp":"2023-02-27T03:41:08.631Z"}
info: Server started at http://localhost:4000/api/v1/ {"timestamp":"2023-02-27T03:41:19.657Z"}
info: Connected to the database. {"timestamp":"2023-02-27T03:41:19.693Z"}
info: Server started at http://localhost:4000/api/v1/ {"timestamp":"2023-02-27T03:42:20.148Z"}
info: Connected to the database. {"timestamp":"2023-02-27T03:42:20.185Z"}
info: Server started at http://localhost:4000/api/v1/ {"timestamp":"2023-02-27T03:42:26.947Z"}
info: Connected to the database. {"timestamp":"2023-02-27T03:42:26.980Z"}
info: Server started at http://localhost:4000/api/v1/ {"timestamp":"2023-02-27T03:44:19.921Z"}
info: Connected to the database. {"timestamp":"2023-02-27T03:44:19.960Z"}
info: Server started at http://localhost:4000/api/v1/ {"timestamp":"2023-02-27T03:44:28.598Z"}
info: Connected to the database. {"timestamp":"2023-02-27T03:44:28.629Z"}
info: Server started at http://localhost:4000/api/v1/ {"timestamp":"2023-02-27T03:44:45.920Z"}
info: Connected to the database. {"timestamp":"2023-02-27T03:44:45.963Z"}
info: Server started at http://localhost:4000/api/v1/ {"timestamp":"2023-02-27T03:45:02.920Z"}
info: Connected to the database. {"timestamp":"2023-02-27T03:45:02.970Z"}
info: Server started at http://localhost:4000/api/v1/ {"timestamp":"2023-02-27T03:45:23.352Z"}
info: Connected to the database. {"timestamp":"2023-02-27T03:45:23.393Z"}
info: Server started at http://localhost:4000/api/v1/ {"timestamp":"2023-02-27T03:45:38.687Z"}
info: Connected to the database. {"timestamp":"2023-02-27T03:45:38.736Z"}
info: Server started at http://localhost:4000/api/v1/ {"timestamp":"2023-02-27T03:45:46.593Z"}
info: Connected to the database. {"timestamp":"2023-02-27T03:45:46.629Z"}
info: Server started at http://localhost:4000/api/v1/ {"timestamp":"2023-02-27T03:46:00.701Z"}
info: Connected to the database. {"timestamp":"2023-02-27T03:46:00.744Z"}
info: Server started at http://localhost:4000/api/v1/ {"timestamp":"2023-02-27T03:46:08.066Z"}
info: Connected to the database. {"timestamp":"2023-02-27T03:46:08.100Z"}
info: Server started at http://localhost:4000/api/v1/ {"timestamp":"2023-02-27T03:49:11.868Z"}
info: Connected to the database. {"timestamp":"2023-02-27T03:49:11.898Z"}
info: Server started at http://localhost:4000/api/v1/ {"timestamp":"2023-02-27T03:49:18.336Z"}
info: Connected to the database. {"timestamp":"2023-02-27T03:49:18.363Z"}
info: Server started at http://localhost:4000/api/v1/ {"timestamp":"2023-02-27T03:49:38.751Z"}
info: Connected to the database. {"timestamp":"2023-02-27T03:49:38.790Z"}
info: Server started at http://localhost:4000/api/v1/ {"timestamp":"2023-02-27T03:49:44.530Z"}
info: Connected to the database. {"timestamp":"2023-02-27T03:49:44.604Z"}
info: Server started at http://localhost:4000/api/v1/ {"timestamp":"2023-02-27T03:49:50.706Z"}
info: Connected to the database. {"timestamp":"2023-02-27T03:49:50.738Z"}
info: Server started at http://localhost:4000/api/v1/ {"timestamp":"2023-02-27T03:49:56.822Z"}
info: Connected to the database. {"timestamp":"2023-02-27T03:49:56.856Z"}
info: Server started at http://localhost:4000/api/v1/ {"timestamp":"2023-02-27T03:50:03.471Z"}
info: Connected to the database. {"timestamp":"2023-02-27T03:50:03.508Z"}
info: Server started at http://localhost:4000/api/v1/ {"timestamp":"2023-02-27T03:50:33.052Z"}
info: Connected to the database. {"timestamp":"2023-02-27T03:50:33.078Z"}
info: Server started at http://localhost:4000/api/v1/ {"timestamp":"2023-02-27T03:51:00.920Z"}
info: Connected to the database. {"timestamp":"2023-02-27T03:51:00.955Z"}
info: Server started at http://localhost:4000/api/v1/ {"timestamp":"2023-02-27T03:51:11.365Z"}
info: Connected to the database. {"timestamp":"2023-02-27T03:51:11.394Z"}
info: Server started at http://localhost:4000/api/v1/ {"timestamp":"2023-02-27T03:51:35.303Z"}
info: Connected to the database. {"timestamp":"2023-02-27T03:51:35.337Z"}
info: Server started at http://localhost:4000/api/v1/ {"timestamp":"2023-02-27T03:52:40.799Z"}
info: Connected to the database. {"timestamp":"2023-02-27T03:52:40.844Z"}
info: Server started at http://localhost:4000/api/v1/ {"timestamp":"2023-02-27T03:52:46.058Z"}
info: Connected to the database. {"timestamp":"2023-02-27T03:52:46.096Z"}
info: Server started at http://localhost:4000/api/v1/ {"timestamp":"2023-02-27T03:52:51.257Z"}
info: Connected to the database. {"timestamp":"2023-02-27T03:52:51.290Z"}
info: Server started at http://localhost:4000/api/v1/ {"timestamp":"2023-02-27T03:52:56.881Z"}
info: Connected to the database. {"timestamp":"2023-02-27T03:52:56.919Z"}
info: Server started at http://localhost:4000/api/v1/ {"timestamp":"2023-02-27T03:53:02.457Z"}
info: Connected to the database. {"timestamp":"2023-02-27T03:53:02.493Z"}
info: Server started at http://localhost:4000/api/v1/ {"timestamp":"2023-02-27T03:53:16.336Z"}
info: Connected to the database. {"timestamp":"2023-02-27T03:53:16.379Z"}
info: Server started at http://localhost:4000/api/v1/ {"timestamp":"2023-02-27T03:53:22.213Z"}
info: Connected to the database. {"timestamp":"2023-02-27T03:53:22.240Z"}
info: Server started at http://localhost:4000/api/v1/ {"timestamp":"2023-02-27T03:53:42.173Z"}
info: Connected to the database. {"timestamp":"2023-02-27T03:53:42.210Z"}
info: Server started at http://localhost:4000/api/v1/ {"timestamp":"2023-02-27T03:53:57.163Z"}
info: Connected to the database. {"timestamp":"2023-02-27T03:53:57.189Z"}
info: Server started at http://localhost:4000/api/v1/ {"timestamp":"2023-02-27T03:54:05.935Z"}
info: Connected to the database. {"timestamp":"2023-02-27T03:54:05.965Z"}
info: Server started at http://localhost:4000/api/v1/ {"timestamp":"2023-02-27T03:55:08.166Z"}
info: Connected to the database. {"timestamp":"2023-02-27T03:55:08.193Z"}
info: Server started at http://localhost:4000/api/v1/ {"timestamp":"2023-02-27T03:55:51.454Z"}
info: Connected to the database. {"timestamp":"2023-02-27T03:55:51.485Z"}
info: Server started at http://localhost:4000/api/v1/ {"timestamp":"2023-02-27T03:55:58.650Z"}
info: Connected to the database. {"timestamp":"2023-02-27T03:55:58.688Z"}
info: Server started at http://localhost:4000/api/v1/ {"timestamp":"2023-02-27T03:56:03.886Z"}
info: Connected to the database. {"timestamp":"2023-02-27T03:56:03.914Z"}
info: Server started at http://localhost:4000/api/v1/ {"timestamp":"2023-02-27T04:17:56.611Z"}
info: Connected to the database. {"timestamp":"2023-02-27T04:17:56.691Z"}
error: 
    status - 500 
    message - ValidationError: "firstName" is required 
    url - /api/v1/users/create 
    method - POST 
    IP - ::1
   {"timestamp":"2023-02-27T04:18:09.106Z"}
error: 
    status - 500 
    message - ValidationError: "email" with value "abc$123@gmail.com" fails to match the required pattern: /^([a-zA-Z]{3,}([.|_|+|-]?[a-zA-Z0-9]+)?[@][a-zA-Z0-9]+[.][a-zA-Z]{2,3}([.]?[a-zA-Z]{2,3})?)$/ 
    url - /api/v1/users/create 
    method - POST 
    IP - ::1
   {"timestamp":"2023-02-27T04:20:04.497Z"}
error: 
    status - 500 
    message - ValidationError: "password" with value "abc@123789" fails to match the required pattern: /^((?=.*[A-Z])(?=.*[a-z])(?=.*[!@#$%^&*+?~])(?=.*[0-9]).{8,})$/ 
    url - /api/v1/users/create 
    method - POST 
    IP - ::1
   {"timestamp":"2023-02-27T04:20:20.125Z"}
error: 
    status - 500 
    message - ValidationError: "confirm_password" is required 
    url - /api/v1/users/create 
    method - POST 
    IP - ::1
   {"timestamp":"2023-02-27T04:20:38.555Z"}
