info: ::1 - - [24/Feb/2023:06:59:42 +0000] "GET /api/v1/users HTTP/1.1" 404 47 "-" "PostmanRuntime/7.31.1"

info: ::1 - - [24/Feb/2023:07:03:43 +0000] "GET /api/v1/users/getAll HTTP/1.1" 200 77815 "-" "PostmanRuntime/7.31.1"

info: ::1 - - [24/Feb/2023:07:36:33 +0000] "GET /api/v1/users/getAll HTTP/1.1" 200 1310 "-" "PostmanRuntime/7.31.1"

info: ::1 - - [24/Feb/2023:09:10:22 +0000] "POST /api/v1/users/create HTTP/1.1" 500 60 "-" "PostmanRuntime/7.31.1"

info: ::1 - - [24/Feb/2023:09:11:37 +0000] "POST /api/v1/users/create HTTP/1.1" 500 136 "-" "PostmanRuntime/7.31.1"

info: ::1 - - [24/Feb/2023:09:12:01 +0000] "POST /api/v1/users/create HTTP/1.1" 500 136 "-" "PostmanRuntime/7.31.1"

info: ::1 - - [24/Feb/2023:09:13:10 +0000] "POST /api/v1/users/create HTTP/1.1" 500 136 "-" "PostmanRuntime/7.31.1"

info: ::1 - - [24/Feb/2023:09:14:33 +0000] "POST /api/v1/users/create HTTP/1.1" 500 136 "-" "PostmanRuntime/7.31.1"

info: ::1 - - [24/Feb/2023:09:14:50 +0000] "POST /api/v1/users/create HTTP/1.1" 201 62 "-" "PostmanRuntime/7.31.1"

info: ::1 - - [24/Feb/2023:09:15:15 +0000] "POST /api/v1/users/create HTTP/1.1" 201 62 "-" "PostmanRuntime/7.31.1"

info: ::1 - - [24/Feb/2023:09:27:19 +0000] "POST /api/v1/users/create HTTP/1.1" 500 133 "-" "PostmanRuntime/7.31.1"

info: ::1 - - [24/Feb/2023:09:27:42 +0000] "POST /api/v1/users/create HTTP/1.1" 201 62 "-" "PostmanRuntime/7.31.1"

info: ::1 - - [24/Feb/2023:12:24:47 +0000] "POST /api/v1/users/create HTTP/1.1" 201 274 "-" "PostmanRuntime/7.31.1"

info: ::1 - - [24/Feb/2023:13:48:14 +0000] "POST /api/v1/users/create HTTP/1.1" 201 62 "-" "PostmanRuntime/7.31.1"

info: ::1 - - [24/Feb/2023:16:55:16 +0000] "POST /api/v1/users/create HTTP/1.1" 201 62 "-" "PostmanRuntime/7.31.1"

info: ::1 - - [26/Feb/2023:06:42:32 +0000] "POST /api/v1/users/create HTTP/1.1" 201 264 "-" "PostmanRuntime/7.31.1"

info: ::1 - - [26/Feb/2023:06:43:01 +0000] "GET /api/v1/users/login HTTP/1.1" 404 47 "-" "PostmanRuntime/7.31.1"

info: ::1 - - [26/Feb/2023:06:43:53 +0000] "POST /api/v1/users/login HTTP/1.1" 500 87 "-" "PostmanRuntime/7.31.1"

info: ::1 - - [26/Feb/2023:06:44:25 +0000] "POST /api/v1/users/login HTTP/1.1" 500 87 "-" "PostmanRuntime/7.31.1"

info: ::1 - - [26/Feb/2023:06:50:12 +0000] "POST /api/v1/users/login HTTP/1.1" 500 87 "-" "PostmanRuntime/7.31.1"

info: ::1 - - [26/Feb/2023:06:50:38 +0000] "POST /api/v1/users/login HTTP/1.1" 500 87 "-" "PostmanRuntime/7.31.1"

info: ::1 - - [26/Feb/2023:06:50:53 +0000] "POST /api/v1/users/login HTTP/1.1" 500 87 "-" "PostmanRuntime/7.31.1"

info: ::1 - - [26/Feb/2023:06:51:11 +0000] "POST /api/v1/users/create HTTP/1.1" 500 266 "-" "PostmanRuntime/7.31.1"

info: ::1 - - [26/Feb/2023:06:51:36 +0000] "POST /api/v1/users/login HTTP/1.1" 200 258 "-" "PostmanRuntime/7.31.1"

info: ::1 - - [26/Feb/2023:06:51:52 +0000] "POST /api/v1/users/login HTTP/1.1" 200 258 "-" "PostmanRuntime/7.31.1"

info: ::1 - - [26/Feb/2023:06:55:18 +0000] "POST /api/v1/users/login HTTP/1.1" 200 258 "-" "PostmanRuntime/7.31.1"

info: ::1 - - [26/Feb/2023:06:56:21 +0000] "POST /api/v1/users/create HTTP/1.1" 500 137 "-" "PostmanRuntime/7.31.1"

info: ::1 - - [26/Feb/2023:06:56:37 +0000] "POST /api/v1/users/create HTTP/1.1" 500 85 "-" "PostmanRuntime/7.31.1"

info: ::1 - - [26/Feb/2023:06:56:53 +0000] "POST /api/v1/users/create HTTP/1.1" 500 85 "-" "PostmanRuntime/7.31.1"

info: ::1 - - [26/Feb/2023:06:57:06 +0000] "POST /api/v1/users/create HTTP/1.1" 500 85 "-" "PostmanRuntime/7.31.1"

info: ::1 - - [26/Feb/2023:06:57:17 +0000] "POST /api/v1/users/create HTTP/1.1" 201 270 "-" "PostmanRuntime/7.31.1"

info: ::1 - - [26/Feb/2023:06:57:35 +0000] "POST /api/v1/users/login HTTP/1.1" 200 262 "-" "PostmanRuntime/7.31.1"

info: ::1 - - [26/Feb/2023:06:59:15 +0000] "POST /api/v1/users/login HTTP/1.1" 500 275 "-" "PostmanRuntime/7.31.1"

info: ::1 - - [26/Feb/2023:06:59:44 +0000] "POST /api/v1/users/login HTTP/1.1" 500 87 "-" "PostmanRuntime/7.31.1"

info: ::1 - - [26/Feb/2023:07:01:07 +0000] "POST /api/v1/users/login HTTP/1.1" 500 67 "-" "PostmanRuntime/7.31.1"

info: ::1 - - [26/Feb/2023:07:03:28 +0000] "POST /api/v1/users/login HTTP/1.1" 500 62 "-" "PostmanRuntime/7.31.1"

info: ::1 - - [26/Feb/2023:07:05:44 +0000] "POST /api/v1/users/login HTTP/1.1" 500 62 "-" "PostmanRuntime/7.31.1"

info: ::1 - - [26/Feb/2023:07:05:47 +0000] "POST /api/v1/users/login HTTP/1.1" 500 62 "-" "PostmanRuntime/7.31.1"

info: ::1 - - [26/Feb/2023:07:10:32 +0000] "POST /api/v1/users/create HTTP/1.1" 500 85 "-" "PostmanRuntime/7.31.1"

info: ::1 - - [26/Feb/2023:07:10:57 +0000] "POST /api/v1/users/create HTTP/1.1" 201 258 "-" "PostmanRuntime/7.31.1"

info: ::1 - - [26/Feb/2023:07:11:16 +0000] "POST /api/v1/users/login HTTP/1.1" 500 263 "-" "PostmanRuntime/7.31.1"

info: ::1 - - [26/Feb/2023:07:11:42 +0000] "POST /api/v1/users/login HTTP/1.1" 200 250 "-" "PostmanRuntime/7.31.1"

info: ::1 - - [26/Feb/2023:07:11:54 +0000] "POST /api/v1/users/login HTTP/1.1" 500 62 "-" "PostmanRuntime/7.31.1"

info: ::1 - - [26/Feb/2023:07:35:08 +0000] "POST /api/v1/users/create HTTP/1.1" 500 85 "-" "PostmanRuntime/7.31.1"

info: ::1 - - [26/Feb/2023:07:35:24 +0000] "POST /api/v1/users/create HTTP/1.1" 201 263 "-" "PostmanRuntime/7.31.1"

info: ::1 - - [26/Feb/2023:07:35:42 +0000] "POST /api/v1/users/login HTTP/1.1" 200 255 "-" "PostmanRuntime/7.31.1"

info: ::1 - - [26/Feb/2023:07:35:50 +0000] "POST /api/v1/users/login HTTP/1.1" 500 268 "-" "PostmanRuntime/7.31.1"

info: ::1 - - [26/Feb/2023:07:36:03 +0000] "POST /api/v1/users/login HTTP/1.1" 500 268 "-" "PostmanRuntime/7.31.1"

info: ::1 - - [26/Feb/2023:07:36:12 +0000] "POST /api/v1/users/login HTTP/1.1" 200 255 "-" "PostmanRuntime/7.31.1"

info: ::1 - - [26/Feb/2023:07:39:25 +0000] "POST /api/v1/users/login HTTP/1.1" 500 62 "-" "PostmanRuntime/7.31.1"

info: ::1 - - [26/Feb/2023:07:40:18 +0000] "POST /api/v1/users/login HTTP/1.1" 500 53 "-" "PostmanRuntime/7.31.1"

info: ::1 - - [26/Feb/2023:07:40:46 +0000] "POST /api/v1/users/login HTTP/1.1" 500 53 "-" "PostmanRuntime/7.31.1"

info: ::1 - - [26/Feb/2023:07:42:02 +0000] "POST /api/v1/users/login HTTP/1.1" 500 268 "-" "PostmanRuntime/7.31.1"

info: ::1 - - [26/Feb/2023:07:42:56 +0000] "POST /api/v1/users/login HTTP/1.1" 500 268 "-" "PostmanRuntime/7.31.1"

info: ::1 - - [26/Feb/2023:07:43:15 +0000] "POST /api/v1/users/login HTTP/1.1" 500 268 "-" "PostmanRuntime/7.31.1"

info: ::1 - - [26/Feb/2023:07:43:19 +0000] "POST /api/v1/users/login HTTP/1.1" 500 268 "-" "PostmanRuntime/7.31.1"

info: ::1 - - [26/Feb/2023:07:43:48 +0000] "POST /api/v1/users/login HTTP/1.1" 500 53 "-" "PostmanRuntime/7.31.1"

info: ::1 - - [26/Feb/2023:07:45:28 +0000] "POST /api/v1/users/login HTTP/1.1" 500 268 "-" "PostmanRuntime/7.31.1"

info: ::1 - - [26/Feb/2023:07:45:46 +0000] "POST /api/v1/users/login HTTP/1.1" 500 268 "-" "PostmanRuntime/7.31.1"

info: ::1 - - [26/Feb/2023:07:46:33 +0000] "POST /api/v1/users/login HTTP/1.1" 200 255 "-" "PostmanRuntime/7.31.1"

info: ::1 - - [26/Feb/2023:07:48:52 +0000] "POST /api/v1/users/login HTTP/1.1" 500 53 "-" "PostmanRuntime/7.31.1"

info: ::1 - - [26/Feb/2023:07:49:05 +0000] "POST /api/v1/users/login HTTP/1.1" 500 254 "-" "PostmanRuntime/7.31.1"

info: ::1 - - [26/Feb/2023:07:49:23 +0000] "POST /api/v1/users/login HTTP/1.1" 500 254 "-" "PostmanRuntime/7.31.1"

info: ::1 - - [26/Feb/2023:07:50:52 +0000] "POST /api/v1/users/login HTTP/1.1" 200 255 "-" "PostmanRuntime/7.31.1"

info: ::1 - - [26/Feb/2023:07:50:56 +0000] "POST /api/v1/users/login HTTP/1.1" 500 53 "-" "PostmanRuntime/7.31.1"

info: ::1 - - [26/Feb/2023:07:51:06 +0000] "POST /api/v1/users/login HTTP/1.1" 500 268 "-" "PostmanRuntime/7.31.1"

info: ::1 - - [26/Feb/2023:07:51:17 +0000] "POST /api/v1/users/login HTTP/1.1" 200 255 "-" "PostmanRuntime/7.31.1"

info: ::1 - - [27/Feb/2023:03:14:28 +0000] "POST /api/v1/users/login HTTP/1.1" 500 268 "-" "PostmanRuntime/7.31.1"

info: ::1 - - [27/Feb/2023:03:17:33 +0000] "POST /api/v1/users/login HTTP/1.1" 500 268 "-" "PostmanRuntime/7.31.1"

info: ::1 - - [27/Feb/2023:03:17:44 +0000] "POST /api/v1/users/login HTTP/1.1" 200 255 "-" "PostmanRuntime/7.31.1"

info: ::1 - - [27/Feb/2023:03:30:32 +0000] "POST /api/v1/users/login HTTP/1.1" 200 255 "-" "PostmanRuntime/7.31.1"

info: ::1 - - [27/Feb/2023:03:30:38 +0000] "POST /api/v1/users/login HTTP/1.1" 500 268 "-" "PostmanRuntime/7.31.1"

info: ::1 - - [27/Feb/2023:03:32:23 +0000] "POST /api/v1/users/login HTTP/1.1" 200 255 "-" "PostmanRuntime/7.31.1"

info: ::1 - - [27/Feb/2023:03:36:46 +0000] "POST /api/v1/users/login HTTP/1.1" 500 83 "-" "PostmanRuntime/7.31.1"

info: ::1 - - [27/Feb/2023:03:36:57 +0000] "POST /api/v1/users/login HTTP/1.1" 200 255 "-" "PostmanRuntime/7.31.1"

info: ::1 - - [27/Feb/2023:03:37:07 +0000] "POST /api/v1/users/login HTTP/1.1" 500 83 "-" "PostmanRuntime/7.31.1"

info: ::1 - - [27/Feb/2023:03:38:34 +0000] "POST /api/v1/users/login HTTP/1.1" 500 53 "-" "PostmanRuntime/7.31.1"

info: ::1 - - [27/Feb/2023:03:38:44 +0000] "POST /api/v1/users/login HTTP/1.1" 200 255 "-" "PostmanRuntime/7.31.1"

info: ::1 - - [27/Feb/2023:03:38:51 +0000] "POST /api/v1/users/login HTTP/1.1" 500 268 "-" "PostmanRuntime/7.31.1"

info: ::1 - - [27/Feb/2023:03:39:06 +0000] "POST /api/v1/users/login HTTP/1.1" 200 255 "-" "PostmanRuntime/7.31.1"

info: ::1 - - [27/Feb/2023:03:39:48 +0000] "POST /api/v1/users/login HTTP/1.1" 500 69 "-" "PostmanRuntime/7.31.1"

info: ::1 - - [27/Feb/2023:03:39:56 +0000] "POST /api/v1/users/login HTTP/1.1" 200 255 "-" "PostmanRuntime/7.31.1"

info: ::1 - - [27/Feb/2023:03:42:39 +0000] "POST /api/v1/users/login HTTP/1.1" 400 55 "-" "PostmanRuntime/7.31.1"

info: ::1 - - [27/Feb/2023:03:42:53 +0000] "POST /api/v1/users/login HTTP/1.1" 400 69 "-" "PostmanRuntime/7.31.1"

info: ::1 - - [27/Feb/2023:03:43:07 +0000] "POST /api/v1/users/login HTTP/1.1" 200 255 "-" "PostmanRuntime/7.31.1"

info: ::1 - - [27/Feb/2023:04:18:09 +0000] "POST /api/v1/users/create HTTP/1.1" 500 60 "-" "PostmanRuntime/7.31.1"

info: ::1 - - [27/Feb/2023:04:20:04 +0000] "POST /api/v1/users/create HTTP/1.1" 500 209 "-" "PostmanRuntime/7.31.1"

info: ::1 - - [27/Feb/2023:04:20:20 +0000] "POST /api/v1/users/create HTTP/1.1" 500 174 "-" "PostmanRuntime/7.31.1"

info: ::1 - - [27/Feb/2023:04:20:38 +0000] "POST /api/v1/users/create HTTP/1.1" 500 67 "-" "PostmanRuntime/7.31.1"

info: ::1 - - [27/Feb/2023:04:20:54 +0000] "POST /api/v1/users/create HTTP/1.1" 201 265 "-" "PostmanRuntime/7.31.1"

